        -:    0:Source:C:/Users/stefa/CLionProjects/Gestore-Note/CounterObserver.h
        -:    0:Graph:C:\Users\stefa\CLionProjects\Gestore-Note\cmake-build-debug-coverage\test\CMakeFiles\runTests.dir\CounterObserverTest.cpp.gcno
        -:    0:Data:C:\Users\stefa\CLionProjects\Gestore-Note\cmake-build-debug-coverage\test\CMakeFiles\runTests.dir\CounterObserverTest.cpp.gcda
        -:    0:Runs:1
        -:    1://
        -:    2:// Created by Stefano  Magnolfi on 09/08/2023.
        -:    3://
        -:    4:
        -:    5:#ifndef GESTORENOTE_COUNTEROBSERVER_H
        -:    6:#define GESTORENOTE_COUNTEROBSERVER_H
        -:    7:#include "Observer.h"
        -:    8:#include "VariousCollection.h"
        -:    9:#include <iostream>
        -:   10:
        -:   11:class CounterObserver : public Observer{
        -:   12:public:
function _ZN15CounterObserverC1EP17VariousCollection called 3 returned 100% blocks executed 80%
        3:   13:    explicit CounterObserver(VariousCollection* c): noteCount(0), collection(c){
        3:   13-block  0
call    0 returned 3
        3:   14:        collection->addObserver(this);
call    0 returned 3
branch  1 taken 3 (fallthrough)
branch  2 taken 0 (throw)
        3:   15:    };
        3:   15-block  0
    $$$$$:   15-block  1
call    0 never executed
        4:   16:    ~CounterObserver() override{
        3:   17:        collection->removeObserver(this);
        4:   18:    }
------------------
_ZN15CounterObserverD0Ev:
function _ZN15CounterObserverD0Ev called 1 returned 100% blocks executed 100%
        1:   16:    ~CounterObserver() override{
        -:   17:        collection->removeObserver(this);
        1:   18:    }
        1:   18-block  0
call    0 returned 1
call    1 returned 1
------------------
_ZN15CounterObserverD1Ev:
function _ZN15CounterObserverD1Ev called 3 returned 100% blocks executed 100%
        3:   16:    ~CounterObserver() override{
        3:   17:        collection->removeObserver(this);
        3:   17-block  0
call    0 returned 3
        3:   18:    }
call    0 returned 3
------------------
function _ZNK15CounterObserver12getNoteCountEv called 1 returned 100% blocks executed 100%
        1:   19:    int getNoteCount() const {
        1:   20:        return noteCount;
        1:   20-block  0
        -:   21:    }
        -:   22:
        -:   23:    void setNoteCount(int noteCount) {
        -:   24:        CounterObserver::noteCount = noteCount;
        -:   25:    }
function _ZN15CounterObserver6updateEi called 1 returned 100% blocks executed 100%
        1:   26:    void update(int c) override{
        1:   27:        noteCount = c;
        1:   28:        std::cout<<"The count of notes in "<<collection->getName()<<" collection is: "<<noteCount<<std::endl;
        1:   28-block  0
call    0 returned 1
call    1 returned 1
call    2 returned 1
call    3 returned 1
call    4 returned 1
call    5 returned 1
        1:   29:    }
        -:   30:private:
        -:   31:    int noteCount;
        -:   32:    VariousCollection* collection;
        -:   33:};
        -:   34:#endif //GESTORENOTE_COUNTEROBSERVER_H
