        -:    0:Source:C:/Users/stefa/CLionProjects/Gestore-Note/Collection.h
        -:    0:Graph:C:\Users\stefa\CLionProjects\Gestore-Note\cmake-build-debug-coverage\test\CMakeFiles\runTests.dir\CounterObserverTest.cpp.gcno
        -:    0:Data:C:\Users\stefa\CLionProjects\Gestore-Note\cmake-build-debug-coverage\test\CMakeFiles\runTests.dir\CounterObserverTest.cpp.gcda
        -:    0:Runs:1
        -:    1://
        -:    2:// Created by Stefano  Magnolfi on 09/08/2023.
        -:    3://
        -:    4:
        -:    5:#ifndef GESTORENOTE_COLLECTION_H
        -:    6:#define GESTORENOTE_COLLECTION_H
        -:    7:#include "Nota.h"
        -:    8:#include <list>
        -:    9:#include <algorithm>
        -:   10:class Collection{
        -:   11:public:
function _ZN10CollectionC2ERKNSt7__cxx1112basic_stringIcSt11char_traitsIcESaIcEEE called 0 returned 0% blocks executed 0%
    #####:   12:    explicit Collection(const std::string& name):name(name){};
    %%%%%:   12-block  0
call    0 never executed
call    1 never executed
        -:   13:    //virtual ~Collection() = 0;
function _ZN10Collection7addNoteER4Nota called 0 returned 0% blocks executed 0%
    #####:   14:    virtual void addNote(Nota& nota){
    #####:   15:        if(!nota.isBlocked())
    %%%%%:   15-block  0
call    0 never executed
branch  1 never executed
branch  2 never executed
    #####:   16:            notesList.push_back(nota);
    %%%%%:   16-block  0
call    0 never executed
    #####:   17:    }
function _ZN10Collection10removeNoteER4Nota called 0 returned 0% blocks executed 0%
    #####:   18:    virtual bool removeNote(Nota& nota){
    #####:   19:        auto it=std::find(notesList.begin(), notesList.end(), nota);
    %%%%%:   19-block  0
call    0 never executed
call    1 never executed
call    2 never executed
branch  3 never executed
branch  4 never executed
    #####:   20:        if(it!=notesList.end()){
    %%%%%:   20-block  0
call    0 never executed
call    1 never executed
branch  2 never executed
branch  3 never executed
    #####:   21:            notesList.erase(it);
    %%%%%:   21-block  0
call    0 never executed
call    1 never executed
    #####:   22:            return true;
        -:   23:        }
    #####:   24:        return false;
    %%%%%:   24-block  0
        -:   25:    }
        -:   26:
function _ZN10Collection13printAllNotesEv called 0 returned 0% blocks executed 0%
    #####:   27:    virtual void printAllNotes(){
    #####:   28:        if(notesList.empty()){
    %%%%%:   28-block  0
call    0 never executed
branch  1 never executed
branch  2 never executed
    #####:   29:            std::cout<<"The "<<name<<" collection is empty";
    %%%%%:   29-block  0
call    0 never executed
call    1 never executed
call    2 never executed
        -:   30:        }
        -:   31:        else{
    #####:   32:            std::cout<<"The "<<name<<" collection has: "<<std::endl;
    %%%%%:   32-block  0
call    0 never executed
call    1 never executed
call    2 never executed
call    3 never executed
    #####:   33:            for(const auto& nota : notesList){
call    0 never executed
call    1 never executed
    %%%%%:   33-block  0
call    2 never executed
    %%%%%:   33-block  1
call    3 never executed
    %%%%%:   33-block  2
call    4 never executed
branch  5 never executed
branch  6 never executed
    #####:   34:                std::cout<<nota.getTitle()<<" ";
call    0 never executed
branch  1 never executed
branch  2 never executed
    %%%%%:   34-block  0
call    3 never executed
branch  4 never executed
branch  5 never executed
    %%%%%:   34-block  1
call    6 never executed
branch  7 never executed
branch  8 never executed
        -:   35:            }
        -:   36:        }
    #####:   37:        std::cout<<std::endl;
    %%%%%:   37-block  0
call    0 never executed
    #####:   38:    }
function _ZNK10Collection7getNameB5cxx11Ev called 1 returned 100% blocks executed 100%
        1:   39:    const std::string& getName()const{
        1:   40:        return name;
        1:   40-block  0
        -:   41:    }
        -:   42:protected:
        -:   43:    std::string name;
        -:   44:    std::list<Nota> notesList;
        -:   45:
        -:   46:};
        -:   47:#endif //GESTORENOTE_COLLECTION_H
