        -:    0:Source:C:/Users/stefa/CLionProjects/Gestore-Note/test/lib/googletest/src/gtest.cc
        -:    0:Graph:C:\Users\stefa\CLionProjects\Gestore-Note\cmake-build-debug-coverage\test\lib\googletest\CMakeFiles\gtest.dir\src\gtest-all.cc.gcno
        -:    0:Data:C:\Users\stefa\CLionProjects\Gestore-Note\cmake-build-debug-coverage\test\lib\googletest\CMakeFiles\gtest.dir\src\gtest-all.cc.gcda
        -:    0:Runs:1
        -:    1:// Copyright 2005, Google Inc.
        -:    2:// All rights reserved.
        -:    3://
        -:    4:// Redistribution and use in source and binary forms, with or without
        -:    5:// modification, are permitted provided that the following conditions are
        -:    6:// met:
        -:    7://
        -:    8://     * Redistributions of source code must retain the above copyright
        -:    9:// notice, this list of conditions and the following disclaimer.
        -:   10://     * Redistributions in binary form must reproduce the above
        -:   11:// copyright notice, this list of conditions and the following disclaimer
        -:   12:// in the documentation and/or other materials provided with the
        -:   13:// distribution.
        -:   14://     * Neither the name of Google Inc. nor the names of its
        -:   15:// contributors may be used to endorse or promote products derived from
        -:   16:// this software without specific prior written permission.
        -:   17://
        -:   18:// THIS SOFTWARE IS PROVIDED BY THE COPYRIGHT HOLDERS AND CONTRIBUTORS
        -:   19:// "AS IS" AND ANY EXPRESS OR IMPLIED WARRANTIES, INCLUDING, BUT NOT
        -:   20:// LIMITED TO, THE IMPLIED WARRANTIES OF MERCHANTABILITY AND FITNESS FOR
        -:   21:// A PARTICULAR PURPOSE ARE DISCLAIMED. IN NO EVENT SHALL THE COPYRIGHT
        -:   22:// OWNER OR CONTRIBUTORS BE LIABLE FOR ANY DIRECT, INDIRECT, INCIDENTAL,
        -:   23:// SPECIAL, EXEMPLARY, OR CONSEQUENTIAL DAMAGES (INCLUDING, BUT NOT
        -:   24:// LIMITED TO, PROCUREMENT OF SUBSTITUTE GOODS OR SERVICES; LOSS OF USE,
        -:   25:// DATA, OR PROFITS; OR BUSINESS INTERRUPTION) HOWEVER CAUSED AND ON ANY
        -:   26:// THEORY OF LIABILITY, WHETHER IN CONTRACT, STRICT LIABILITY, OR TORT
        -:   27:// (INCLUDING NEGLIGENCE OR OTHERWISE) ARISING IN ANY WAY OUT OF THE USE
        -:   28:// OF THIS SOFTWARE, EVEN IF ADVISED OF THE POSSIBILITY OF SUCH DAMAGE.
        -:   29://
        -:   30:// Author: wan@google.com (Zhanyong Wan)
        -:   31://
        -:   32:// The Google C++ Testing Framework (Google Test)
        -:   33:
        -:   34:#include "gtest/gtest.h"
        -:   35:#include "gtest/internal/custom/gtest.h"
        -:   36:#include "gtest/gtest-spi.h"
        -:   37:
        -:   38:#include <ctype.h>
        -:   39:#include <math.h>
        -:   40:#include <stdarg.h>
        -:   41:#include <stdio.h>
        -:   42:#include <stdlib.h>
        -:   43:#include <time.h>
        -:   44:#include <wchar.h>
        -:   45:#include <wctype.h>
        -:   46:
        -:   47:#include <algorithm>
        -:   48:#include <iomanip>
        -:   49:#include <limits>
        -:   50:#include <list>
        -:   51:#include <map>
        -:   52:#include <ostream>  // NOLINT
        -:   53:#include <sstream>
        -:   54:#include <vector>
        -:   55:
        -:   56:#if GTEST_OS_LINUX
        -:   57:
        -:   58:// TODO(kenton@google.com): Use autoconf to detect availability of
        -:   59:// gettimeofday().
        -:   60:# define GTEST_HAS_GETTIMEOFDAY_ 1
        -:   61:
        -:   62:# include <fcntl.h>  // NOLINT
        -:   63:# include <limits.h>  // NOLINT
        -:   64:# include <sched.h>  // NOLINT
        -:   65:// Declares vsnprintf().  This header is not available on Windows.
        -:   66:# include <strings.h>  // NOLINT
        -:   67:# include <sys/mman.h>  // NOLINT
        -:   68:# include <sys/time.h>  // NOLINT
        -:   69:# include <unistd.h>  // NOLINT
        -:   70:# include <string>
        -:   71:
        -:   72:#elif GTEST_OS_SYMBIAN
        -:   73:# define GTEST_HAS_GETTIMEOFDAY_ 1
        -:   74:# include <sys/time.h>  // NOLINT
        -:   75:
        -:   76:#elif GTEST_OS_ZOS
        -:   77:# define GTEST_HAS_GETTIMEOFDAY_ 1
        -:   78:# include <sys/time.h>  // NOLINT
        -:   79:
        -:   80:// On z/OS we additionally need strings.h for strcasecmp.
        -:   81:# include <strings.h>  // NOLINT
        -:   82:
        -:   83:#elif GTEST_OS_WINDOWS_MOBILE  // We are on Windows CE.
        -:   84:
        -:   85:# include <windows.h>  // NOLINT
        -:   86:# undef min
        -:   87:
        -:   88:#elif GTEST_OS_WINDOWS  // We are on Windows proper.
        -:   89:
        -:   90:# include <io.h>  // NOLINT
        -:   91:# include <sys/timeb.h>  // NOLINT
        -:   92:# include <sys/types.h>  // NOLINT
        -:   93:# include <sys/stat.h>  // NOLINT
        -:   94:
        -:   95:# if GTEST_OS_WINDOWS_MINGW
        -:   96:// MinGW has gettimeofday() but not _ftime64().
        -:   97:// TODO(kenton@google.com): Use autoconf to detect availability of
        -:   98://   gettimeofday().
        -:   99:// TODO(kenton@google.com): There are other ways to get the time on
        -:  100://   Windows, like GetTickCount() or GetSystemTimeAsFileTime().  MinGW
        -:  101://   supports these.  consider using them instead.
        -:  102:#  define GTEST_HAS_GETTIMEOFDAY_ 1
        -:  103:#  include <sys/time.h>  // NOLINT
        -:  104:# endif  // GTEST_OS_WINDOWS_MINGW
        -:  105:
        -:  106:// cpplint thinks that the header is already included, so we want to
        -:  107:// silence it.
        -:  108:# include <windows.h>  // NOLINT
        -:  109:# undef min
        -:  110:
        -:  111:#else
        -:  112:
        -:  113:// Assume other platforms have gettimeofday().
        -:  114:// TODO(kenton@google.com): Use autoconf to detect availability of
        -:  115://   gettimeofday().
        -:  116:# define GTEST_HAS_GETTIMEOFDAY_ 1
        -:  117:
        -:  118:// cpplint thinks that the header is already included, so we want to
        -:  119:// silence it.
        -:  120:# include <sys/time.h>  // NOLINT
        -:  121:# include <unistd.h>  // NOLINT
        -:  122:
        -:  123:#endif  // GTEST_OS_LINUX
        -:  124:
        -:  125:#if GTEST_HAS_EXCEPTIONS
        -:  126:# include <stdexcept>
        -:  127:#endif
        -:  128:
        -:  129:#if GTEST_CAN_STREAM_RESULTS_
        -:  130:# include <arpa/inet.h>  // NOLINT
        -:  131:# include <netdb.h>  // NOLINT
        -:  132:# include <sys/socket.h>  // NOLINT
        -:  133:# include <sys/types.h>  // NOLINT
        -:  134:#endif
        -:  135:
        -:  136:#include "src/gtest-internal-inl.h"
        -:  137:
        -:  138:#if GTEST_OS_WINDOWS
        -:  139:# define vsnprintf _vsnprintf
        -:  140:#endif  // GTEST_OS_WINDOWS
        -:  141:
        -:  142:namespace testing {
        -:  143:
        -:  144:using internal::CountIf;
        -:  145:using internal::ForEach;
        -:  146:using internal::GetElementOr;
        -:  147:using internal::Shuffle;
        -:  148:
        -:  149:// Constants.
        -:  150:
        -:  151:// A test whose test case name or test name matches this filter is
        -:  152:// disabled and not run.
        -:  153:static const char kDisableTestFilter[] = "DISABLED_*:*/DISABLED_*";
        -:  154:
        -:  155:// A test case whose name matches this filter is considered a death
        -:  156:// test case and will be run before test cases whose name doesn't
        -:  157:// match this filter.
        -:  158:static const char kDeathTestCaseFilter[] = "*DeathTest:*DeathTest/*";
        -:  159:
        -:  160:// A test filter that matches everything.
        -:  161:static const char kUniversalFilter[] = "*";
        -:  162:
        -:  163:// The default output format.
        -:  164:static const char kDefaultOutputFormat[] = "xml";
        -:  165:// The default output file.
        -:  166:static const char kDefaultOutputFile[] = "test_detail";
        -:  167:
        -:  168:// The environment variable name for the test shard index.
        -:  169:static const char kTestShardIndex[] = "GTEST_SHARD_INDEX";
        -:  170:// The environment variable name for the total number of test shards.
        -:  171:static const char kTestTotalShards[] = "GTEST_TOTAL_SHARDS";
        -:  172:// The environment variable name for the test shard status file.
        -:  173:static const char kTestShardStatusFile[] = "GTEST_SHARD_STATUS_FILE";
        -:  174:
        -:  175:namespace internal {
        -:  176:
        -:  177:// The text used in failure messages to indicate the start of the
        -:  178:// stack trace.
        -:  179:const char kStackTraceMarker[] = "\nStack trace:\n";
        -:  180:
        -:  181:// g_help_flag is true iff the --help flag or an equivalent form is
        -:  182:// specified on the command line.
        -:  183:bool g_help_flag = false;
        -:  184:
        -:  185:}  // namespace internal
        -:  186:
function _ZN7testingL16GetDefaultFilterEv called 1 returned 100% blocks executed 100%
        1:  187:static const char* GetDefaultFilter() {
        -:  188:#ifdef GTEST_TEST_FILTER_ENV_VAR_
        -:  189:  const char* const testbridge_test_only = getenv(GTEST_TEST_FILTER_ENV_VAR_);
        -:  190:  if (testbridge_test_only != NULL) {
        -:  191:    return testbridge_test_only;
        -:  192:  }
        -:  193:#endif  // GTEST_TEST_FILTER_ENV_VAR_
        1:  194:  return kUniversalFilter;
        1:  194-block  0
        -:  195:}
        -:  196:
        -:  197:GTEST_DEFINE_bool_(
        -:  198:    also_run_disabled_tests,
        -:  199:    internal::BoolFromGTestEnv("also_run_disabled_tests", false),
        -:  200:    "Run disabled tests too, in addition to the tests normally being run.");
        -:  201:
        -:  202:GTEST_DEFINE_bool_(
        -:  203:    break_on_failure,
        -:  204:    internal::BoolFromGTestEnv("break_on_failure", false),
        -:  205:    "True iff a failed assertion should be a debugger break-point.");
        -:  206:
        -:  207:GTEST_DEFINE_bool_(
        -:  208:    catch_exceptions,
        -:  209:    internal::BoolFromGTestEnv("catch_exceptions", true),
        -:  210:    "True iff " GTEST_NAME_
        -:  211:    " should catch exceptions and treat them as test failures.");
        -:  212:
        -:  213:GTEST_DEFINE_string_(
        -:  214:    color,
        -:  215:    internal::StringFromGTestEnv("color", "auto"),
        -:  216:    "Whether to use colors in the output.  Valid values: yes, no, "
        -:  217:    "and auto.  'auto' means to use colors if the output is "
        -:  218:    "being sent to a terminal and the TERM environment variable "
        -:  219:    "is set to a terminal type that supports colors.");
        -:  220:
        -:  221:GTEST_DEFINE_string_(
        -:  222:    filter,
        -:  223:    internal::StringFromGTestEnv("filter", GetDefaultFilter()),
        -:  224:    "A colon-separated list of glob (not regex) patterns "
        -:  225:    "for filtering the tests to run, optionally followed by a "
        -:  226:    "'-' and a : separated list of negative patterns (tests to "
        -:  227:    "exclude).  A test is run if it matches one of the positive "
        -:  228:    "patterns and does not match any of the negative patterns.");
        -:  229:
        -:  230:GTEST_DEFINE_bool_(list_tests, false,
        -:  231:                   "List all tests without running them.");
        -:  232:
        -:  233:GTEST_DEFINE_string_(
        -:  234:    output,
        -:  235:    internal::StringFromGTestEnv("output", ""),
        -:  236:    "A format (defaults to \"xml\" but can be specified to be \"json\"), "
        -:  237:    "optionally followed by a colon and an output file name or directory. "
        -:  238:    "A directory is indicated by a trailing pathname separator. "
        -:  239:    "Examples: \"xml:filename.xml\", \"xml::directoryname/\". "
        -:  240:    "If a directory is specified, output files will be created "
        -:  241:    "within that directory, with file-names based on the test "
        -:  242:    "executable's name and, if necessary, made unique by adding "
        -:  243:    "digits.");
        -:  244:
        -:  245:GTEST_DEFINE_bool_(
        -:  246:    print_time,
        -:  247:    internal::BoolFromGTestEnv("print_time", true),
        -:  248:    "True iff " GTEST_NAME_
        -:  249:    " should display elapsed time in text output.");
        -:  250:
        -:  251:GTEST_DEFINE_bool_(
        -:  252:    print_utf8,
        -:  253:    internal::BoolFromGTestEnv("print_utf8", true),
        -:  254:    "True iff " GTEST_NAME_
        -:  255:    " prints UTF8 characters as text.");
        -:  256:
        -:  257:GTEST_DEFINE_int32_(
        -:  258:    random_seed,
        -:  259:    internal::Int32FromGTestEnv("random_seed", 0),
        -:  260:    "Random number seed to use when shuffling test orders.  Must be in range "
        -:  261:    "[1, 99999], or 0 to use a seed based on the current time.");
        -:  262:
        -:  263:GTEST_DEFINE_int32_(
        -:  264:    repeat,
        -:  265:    internal::Int32FromGTestEnv("repeat", 1),
        -:  266:    "How many times to repeat each test.  Specify a negative number "
        -:  267:    "for repeating forever.  Useful for shaking out flaky tests.");
        -:  268:
        -:  269:GTEST_DEFINE_bool_(
        -:  270:    show_internal_stack_frames, false,
        -:  271:    "True iff " GTEST_NAME_ " should include internal stack frames when "
        -:  272:    "printing test failure stack traces.");
        -:  273:
        -:  274:GTEST_DEFINE_bool_(
        -:  275:    shuffle,
        -:  276:    internal::BoolFromGTestEnv("shuffle", false),
        -:  277:    "True iff " GTEST_NAME_
        -:  278:    " should randomize tests' order on every run.");
        -:  279:
        -:  280:GTEST_DEFINE_int32_(
        -:  281:    stack_trace_depth,
        -:  282:    internal::Int32FromGTestEnv("stack_trace_depth", kMaxStackTraceDepth),
        -:  283:    "The maximum number of stack frames to print when an "
        -:  284:    "assertion fails.  The valid range is 0 through 100, inclusive.");
        -:  285:
        -:  286:GTEST_DEFINE_string_(
        -:  287:    stream_result_to,
        -:  288:    internal::StringFromGTestEnv("stream_result_to", ""),
        -:  289:    "This flag specifies the host name and the port number on which to stream "
        -:  290:    "test results. Example: \"localhost:555\". The flag is effective only on "
        -:  291:    "Linux.");
        -:  292:
        -:  293:GTEST_DEFINE_bool_(
        -:  294:    throw_on_failure,
        -:  295:    internal::BoolFromGTestEnv("throw_on_failure", false),
        -:  296:    "When this flag is specified, a failed assertion will throw an exception "
        -:  297:    "if exceptions are enabled or exit the program with a non-zero code "
        -:  298:    "otherwise. For use with an external test framework.");
        -:  299:
        -:  300:#if GTEST_USE_OWN_FLAGFILE_FLAG_
        -:  301:GTEST_DEFINE_string_(
        -:  302:    flagfile,
        -:  303:    internal::StringFromGTestEnv("flagfile", ""),
        -:  304:    "This flag specifies the flagfile to read command-line flags from.");
        -:  305:#endif  // GTEST_USE_OWN_FLAGFILE_FLAG_
        -:  306:
        -:  307:namespace internal {
        -:  308:
        -:  309:// Generates a random number from [0, range), using a Linear
        -:  310:// Congruential Generator (LCG).  Crashes if 'range' is 0 or greater
        -:  311:// than kMaxRange.
function _ZN7testing8internal6Random8GenerateEj called 0 returned 0% blocks executed 0%
    #####:  312:UInt32 Random::Generate(UInt32 range) {
        -:  313:  // These constants are the same as are used in glibc's rand(3).
        -:  314:  // Use wider types than necessary to prevent unsigned overflow diagnostics.
    #####:  315:  state_ = static_cast<UInt32>(1103515245ULL*state_ + 12345U) % kMaxRange;
        -:  316:
    #####:  317:  GTEST_CHECK_(range > 0)
    %%%%%:  317-block  0
call    0 never executed
branch  1 never executed
branch  2 never executed
    %%%%%:  317-block  1
call    3 never executed
call    4 never executed
    %%%%%:  317-block  2
call    5 never executed
    $$$$$:  317-block  3
call    6 never executed
    $$$$$:  317-block  4
call    7 never executed
    #####:  318:      << "Cannot generate a number in the range [0, 0).";
call    0 never executed
branch  1 never executed
branch  2 never executed
    %%%%%:  318-block  0
call    3 never executed
branch  4 never executed
branch  5 never executed
    #####:  319:  GTEST_CHECK_(range <= kMaxRange)
    %%%%%:  319-block  0
call    0 never executed
branch  1 never executed
branch  2 never executed
    %%%%%:  319-block  1
call    3 never executed
call    4 never executed
    %%%%%:  319-block  2
call    5 never executed
    $$$$$:  319-block  3
call    6 never executed
    #####:  320:      << "Generation of a number in [0, " << range << ") was requested, "
call    0 never executed
branch  1 never executed
branch  2 never executed
    %%%%%:  320-block  0
call    3 never executed
branch  4 never executed
branch  5 never executed
    %%%%%:  320-block  1
call    6 never executed
branch  7 never executed
branch  8 never executed
    #####:  321:      << "but this can only generate numbers in [0, " << kMaxRange << ").";
    %%%%%:  321-block  0
call    0 never executed
branch  1 never executed
branch  2 never executed
    %%%%%:  321-block  1
call    3 never executed
branch  4 never executed
branch  5 never executed
    %%%%%:  321-block  2
call    6 never executed
branch  7 never executed
branch  8 never executed
    %%%%%:  321-block  3
call    9 never executed
branch 10 never executed
branch 11 never executed
        -:  322:
        -:  323:  // Converting via modulus introduces a bit of downward bias, but
        -:  324:  // it's simple, and a linear congruential generator isn't too good
        -:  325:  // to begin with.
    #####:  326:  return state_ % range;
    %%%%%:  326-block  0
    %%%%%:  326-block  1
        -:  327:}
        -:  328:
        -:  329:// GTestIsInitialized() returns true iff the user has initialized
        -:  330:// Google Test.  Useful for catching the user mistake of not initializing
        -:  331:// Google Test before calling RUN_ALL_TESTS().
function _ZN7testing8internalL18GTestIsInitializedEv called 2 returned 100% blocks executed 100%
        2:  332:static bool GTestIsInitialized() { return GetArgvs().size() > 0; }
        2:  332-block  0
call    0 returned 2
call    1 returned 2
call    2 returned 2
        -:  333:
        -:  334:// Iterates over a vector of TestCases, keeping a running sum of the
        -:  335:// results of calling a given int-returning method on each.
        -:  336:// Returns the sum.
function _ZN7testing8internalL19SumOverTestCaseListERKSt6vectorIPNS_8TestCaseESaIS3_EEMS2_KFivE called 5 returned 100% blocks executed 91%
        5:  337:static int SumOverTestCaseList(const std::vector<TestCase*>& case_list,
        -:  338:                               int (TestCase::*method)() const) {
        5:  339:  int sum = 0;
       30:  340:  for (size_t i = 0; i < case_list.size(); i++) {
        5:  340-block  0
       30:  340-block  1
call    0 returned 30
branch  1 taken 25
branch  2 taken 5 (fallthrough)
      25*:  341:    sum += (case_list[i]->*method)();
       25:  341-block  0
call    0 returned 25
branch  1 taken 0 (fallthrough)
branch  2 taken 25
    %%%%%:  341-block  1
       25:  341-block  2
       25:  341-block  3
call    3 returned 25
        -:  342:  }
        5:  343:  return sum;
        5:  343-block  0
        -:  344:}
        -:  345:
        -:  346:// Returns true iff the test case passed.
function _ZN7testing8internalL14TestCasePassedEPKNS_8TestCaseE called 0 returned 0% blocks executed 0%
    #####:  347:static bool TestCasePassed(const TestCase* test_case) {
    #####:  348:  return test_case->should_run() && test_case->Passed();
    %%%%%:  348-block  0
call    0 never executed
branch  1 never executed
branch  2 never executed
    %%%%%:  348-block  1
call    3 never executed
branch  4 never executed
branch  5 never executed
    %%%%%:  348-block  2
    %%%%%:  348-block  3
    %%%%%:  348-block  4
        -:  349:}
        -:  350:
        -:  351:// Returns true iff the test case failed.
function _ZN7testing8internalL14TestCaseFailedEPKNS_8TestCaseE called 10 returned 100% blocks executed 88%
       10:  352:static bool TestCaseFailed(const TestCase* test_case) {
      10*:  353:  return test_case->should_run() && test_case->Failed();
       10:  353-block  0
call    0 returned 10
branch  1 taken 10 (fallthrough)
branch  2 taken 0
       10:  353-block  1
call    3 returned 10
branch  4 taken 0 (fallthrough)
branch  5 taken 10
    %%%%%:  353-block  2
       10:  353-block  3
       10:  353-block  4
        -:  354:}
        -:  355:
        -:  356:// Returns true iff test_case contains at least one test that should
        -:  357:// run.
function _ZN7testing8internalL17ShouldRunTestCaseEPKNS_8TestCaseE called 10 returned 100% blocks executed 100%
       10:  358:static bool ShouldRunTestCase(const TestCase* test_case) {
       10:  359:  return test_case->should_run();
       10:  359-block  0
call    0 returned 10
        -:  360:}
        -:  361:
        -:  362:// AssertHelper constructor.
function _ZN7testing8internal12AssertHelperC2ENS_14TestPartResult4TypeEPKciS5_ called 0 returned 0% blocks executed 0%
    #####:  363:AssertHelper::AssertHelper(TestPartResult::Type type,
        -:  364:                           const char* file,
        -:  365:                           int line,
    #####:  366:                           const char* message)
    #####:  367:    : data_(new AssertHelperData(type, file, line, message)) {
    %%%%%:  367-block  0
call    0 never executed
call    1 never executed
branch  2 never executed
branch  3 never executed
    $$$$$:  367-block  1
call    4 never executed
    #####:  368:}
    %%%%%:  368-block  0
        -:  369:
function _ZN7testing8internal12AssertHelperD2Ev called 0 returned 0% blocks executed 0%
    #####:  370:AssertHelper::~AssertHelper() {
    #####:  371:  delete data_;
    %%%%%:  371-block  0
branch  0 never executed
branch  1 never executed
    %%%%%:  371-block  1
call    2 never executed
call    3 never executed
    #####:  372:}
        -:  373:
        -:  374:// Message assignment, for assertion streaming support.
function _ZNK7testing8internal12AssertHelperaSERKNS_7MessageE called 0 returned 0% blocks executed 0%
    #####:  375:void AssertHelper::operator=(const Message& message) const {
        -:  376:  UnitTest::GetInstance()->
    #####:  377:    AddTestPartResult(data_->type, data_->file, data_->line,
    %%%%%:  377-block  0
call    0 never executed
    %%%%%:  377-block  1
call    1 never executed
branch  2 never executed
branch  3 never executed
    #####:  378:                      AppendUserMessage(data_->message, message),
call    0 never executed
branch  1 never executed
branch  2 never executed
    %%%%%:  378-block  0
call    3 never executed
    $$$$$:  378-block  1
call    4 never executed
    $$$$$:  378-block  2
        -:  379:                      UnitTest::GetInstance()->impl()
    #####:  380:                      ->CurrentOsStackTraceExceptTop(1)
call    0 never executed
call    1 never executed
call    2 never executed
call    3 never executed
    $$$$$:  380-block  0
call    4 never executed
        -:  381:                      // Skips the stack frame for this function itself.
        -:  382:                      );  // NOLINT
    #####:  383:}
        -:  384:
        -:  385:// Mutex for linked pointers.
        -:  386:GTEST_API_ GTEST_DEFINE_STATIC_MUTEX_(g_linked_ptr_mutex);
        -:  387:
        -:  388:// A copy of all command line arguments.  Set by InitGoogleTest().
        -:  389:::std::vector<std::string> g_argvs;
        -:  390:
function _ZN7testing8internal8GetArgvsB5cxx11Ev called 2 returned 100% blocks executed 100%
        2:  391:::std::vector<std::string> GetArgvs() {
        -:  392:#if defined(GTEST_CUSTOM_GET_ARGVS_)
        -:  393:  // GTEST_CUSTOM_GET_ARGVS_() may return a container of std::string or
        -:  394:  // ::string. This code converts it to the appropriate type.
        -:  395:  const auto& custom = GTEST_CUSTOM_GET_ARGVS_();
        -:  396:  return ::std::vector<std::string>(custom.begin(), custom.end());
        -:  397:#else   // defined(GTEST_CUSTOM_GET_ARGVS_)
        2:  398:  return g_argvs;
        2:  398-block  0
call    0 returned 2
        -:  399:#endif  // defined(GTEST_CUSTOM_GET_ARGVS_)
        -:  400:}
        -:  401:
        -:  402:// Returns the current application's name, removing directory path if that
        -:  403:// is present.
function _ZN7testing8internal24GetCurrentExecutableNameEv called 0 returned 0% blocks executed 0%
    #####:  404:FilePath GetCurrentExecutableName() {
    #####:  405:  FilePath result;
    %%%%%:  405-block  0
call    0 never executed
branch  1 never executed
branch  2 never executed
        -:  406:
        -:  407:#if GTEST_OS_WINDOWS
    #####:  408:  result.Set(FilePath(GetArgvs()[0]).RemoveExtension("exe"));
    %%%%%:  408-block  0
call    0 never executed
branch  1 never executed
branch  2 never executed
    %%%%%:  408-block  1
call    3 never executed
call    4 never executed
branch  5 never executed
branch  6 never executed
    %%%%%:  408-block  2
call    7 never executed
branch  8 never executed
branch  9 never executed
    %%%%%:  408-block  3
call   10 never executed
branch 11 never executed
branch 12 never executed
    %%%%%:  408-block  4
call   13 never executed
call   14 never executed
call   15 never executed
    $$$$$:  408-block  5
call   16 never executed
    $$$$$:  408-block  6
    $$$$$:  408-block  7
call   17 never executed
    $$$$$:  408-block  8
    $$$$$:  408-block  9
call   18 never executed
    $$$$$:  408-block 10
        -:  409:#else
        -:  410:  result.Set(FilePath(GetArgvs()[0]));
        -:  411:#endif  // GTEST_OS_WINDOWS
        -:  412:
    #####:  413:  return result.RemoveDirectoryName();
call    0 never executed
branch  1 never executed
branch  2 never executed
    %%%%%:  413-block  0
    #####:  414:}
    %%%%%:  414-block  0
call    0 never executed
    $$$$$:  414-block  1
call    1 never executed
        -:  415:
        -:  416:// Functions for processing the gtest_output flag.
        -:  417:
        -:  418:// Returns the output format, or "" for normal printed output.
function _ZN7testing8internal15UnitTestOptions15GetOutputFormatB5cxx11Ev called 1 returned 100% blocks executed 39%
        1:  419:std::string UnitTestOptions::GetOutputFormat() {
        1:  420:  const char* const gtest_output_flag = GTEST_FLAG(output).c_str();
        1:  420-block  0
call    0 returned 1
       1*:  421:  if (gtest_output_flag == NULL) return std::string("");
branch  0 taken 0 (fallthrough)
branch  1 taken 1
    %%%%%:  421-block  0
call    2 never executed
call    3 never executed
branch  4 never executed
branch  5 never executed
    %%%%%:  421-block  1
call    6 never executed
    $$$$$:  421-block  2
call    7 never executed
    $$$$$:  421-block  3
call    8 never executed
        -:  422:
        1:  423:  const char* const colon = strchr(gtest_output_flag, ':');
        -:  424:  return (colon == NULL) ?
        -:  425:      std::string(gtest_output_flag) :
       1*:  426:      std::string(gtest_output_flag, colon - gtest_output_flag);
        1:  426-block  0
branch  0 taken 1 (fallthrough)
branch  1 taken 0
        1:  426-block  1
call    2 returned 1
call    3 returned 1
branch  4 taken 1 (fallthrough)
branch  5 taken 0 (throw)
    %%%%%:  426-block  2
call    6 never executed
call    7 never executed
branch  8 never executed
branch  9 never executed
        1:  426-block  3
branch 10 taken 0 (fallthrough)
branch 11 taken 1
    %%%%%:  426-block  4
call   12 never executed
        1:  426-block  5
branch 13 taken 1 (fallthrough)
branch 14 taken 0
        1:  426-block  6
call   15 returned 1
        1:  426-block  7
    $$$$$:  426-block  8
branch 16 never executed
branch 17 never executed
    $$$$$:  426-block  9
call   18 never executed
    $$$$$:  426-block 10
    $$$$$:  426-block 11
branch 19 never executed
branch 20 never executed
    $$$$$:  426-block 12
call   21 never executed
        -:  427:}
        -:  428:
        -:  429:// Returns the name of the requested output file, or the default if none
        -:  430:// was explicitly specified.
function _ZN7testing8internal15UnitTestOptions27GetAbsolutePathToOutputFileB5cxx11Ev called 0 returned 0% blocks executed 0%
    #####:  431:std::string UnitTestOptions::GetAbsolutePathToOutputFile() {
    #####:  432:  const char* const gtest_output_flag = GTEST_FLAG(output).c_str();
    %%%%%:  432-block  0
call    0 never executed
    #####:  433:  if (gtest_output_flag == NULL)
branch  0 never executed
branch  1 never executed
    #####:  434:    return "";
    %%%%%:  434-block  0
call    0 never executed
call    1 never executed
branch  2 never executed
branch  3 never executed
    %%%%%:  434-block  1
call    4 never executed
    $$$$$:  434-block  2
call    5 never executed
    $$$$$:  434-block  3
        -:  435:
    #####:  436:  std::string format = GetOutputFormat();
    %%%%%:  436-block  0
call    0 never executed
branch  1 never executed
branch  2 never executed
    #####:  437:  if (format.empty())
    %%%%%:  437-block  0
call    0 never executed
branch  1 never executed
branch  2 never executed
    #####:  438:    format = std::string(kDefaultOutputFormat);
    %%%%%:  438-block  0
call    0 never executed
call    1 never executed
branch  2 never executed
branch  3 never executed
    %%%%%:  438-block  1
call    4 never executed
call    5 never executed
call    6 never executed
    $$$$$:  438-block  2
call    7 never executed
    $$$$$:  438-block  3
        -:  439:
    #####:  440:  const char* const colon = strchr(gtest_output_flag, ':');
    #####:  441:  if (colon == NULL)
    %%%%%:  441-block  0
branch  0 never executed
branch  1 never executed
    #####:  442:    return internal::FilePath::MakeFileName(
    %%%%%:  442-block  0
call    0 never executed
    %%%%%:  442-block  1
call    1 never executed
branch  2 never executed
branch  3 never executed
    %%%%%:  442-block  2
call    4 never executed
    $$$$$:  442-block  3
call    5 never executed
    $$$$$:  442-block  4
    #####:  443:        internal::FilePath(
    %%%%%:  443-block  0
call    0 never executed
call    1 never executed
branch  2 never executed
branch  3 never executed
    %%%%%:  443-block  1
call    4 never executed
call    5 never executed
branch  6 never executed
branch  7 never executed
    %%%%%:  443-block  2
call    8 never executed
branch  9 never executed
branch 10 never executed
call   11 never executed
call   12 never executed
call   13 never executed
    $$$$$:  443-block  3
call   14 never executed
    $$$$$:  443-block  4
    $$$$$:  443-block  5
call   15 never executed
    $$$$$:  443-block  6
    $$$$$:  443-block  7
call   16 never executed
    $$$$$:  443-block  8
        -:  444:            UnitTest::GetInstance()->original_working_dir()),
    #####:  445:        internal::FilePath(kDefaultOutputFile), 0,
call    0 never executed
call    1 never executed
branch  2 never executed
branch  3 never executed
    %%%%%:  445-block  0
call    4 never executed
branch  5 never executed
branch  6 never executed
call    7 never executed
call    8 never executed
call    9 never executed
    $$$$$:  445-block  1
call   10 never executed
    $$$$$:  445-block  2
    $$$$$:  445-block  3
call   11 never executed
    $$$$$:  445-block  4
    $$$$$:  445-block  5
call   12 never executed
    $$$$$:  445-block  6
    #####:  446:        format.c_str()).string();
    %%%%%:  446-block  0
call    0 never executed
call    1 never executed
branch  2 never executed
branch  3 never executed
        -:  447:
    #####:  448:  internal::FilePath output_name(colon + 1);
    %%%%%:  448-block  0
call    0 never executed
call    1 never executed
branch  2 never executed
branch  3 never executed
    %%%%%:  448-block  1
call    4 never executed
branch  5 never executed
branch  6 never executed
call    7 never executed
    $$$$$:  448-block  2
    $$$$$:  448-block  3
    #####:  449:  if (!output_name.IsAbsolutePath())
call    0 never executed
branch  1 never executed
branch  2 never executed
        -:  450:    // TODO(wan@google.com): on Windows \some\path is not an absolute
        -:  451:    // path (as its meaning depends on the current drive), yet the
        -:  452:    // following logic for turning it into an absolute path is wrong.
        -:  453:    // Fix it.
    #####:  454:    output_name = internal::FilePath::ConcatPaths(
    %%%%%:  454-block  0
call    0 never executed
branch  1 never executed
branch  2 never executed
    %%%%%:  454-block  1
call    3 never executed
    $$$$$:  454-block  2
call    4 never executed
    $$$$$:  454-block  3
    #####:  455:        internal::FilePath(UnitTest::GetInstance()->original_working_dir()),
    %%%%%:  455-block  0
call    0 never executed
call    1 never executed
branch  2 never executed
branch  3 never executed
    %%%%%:  455-block  1
call    4 never executed
call    5 never executed
branch  6 never executed
branch  7 never executed
    %%%%%:  455-block  2
call    8 never executed
branch  9 never executed
branch 10 never executed
call   11 never executed
call   12 never executed
call   13 never executed
    $$$$$:  455-block  3
call   14 never executed
    $$$$$:  455-block  4
    $$$$$:  455-block  5
call   15 never executed
    $$$$$:  455-block  6
    $$$$$:  455-block  7
call   16 never executed
    $$$$$:  455-block  8
    #####:  456:        internal::FilePath(colon + 1));
    %%%%%:  456-block  0
call    0 never executed
call    1 never executed
branch  2 never executed
branch  3 never executed
    %%%%%:  456-block  1
call    4 never executed
branch  5 never executed
branch  6 never executed
    %%%%%:  456-block  2
call    7 never executed
branch  8 never executed
branch  9 never executed
call   10 never executed
call   11 never executed
call   12 never executed
    $$$$$:  456-block  3
call   13 never executed
    $$$$$:  456-block  4
    $$$$$:  456-block  5
call   14 never executed
    $$$$$:  456-block  6
    $$$$$:  456-block  7
call   15 never executed
    $$$$$:  456-block  8
        -:  457:
    #####:  458:  if (!output_name.IsDirectory())
    %%%%%:  458-block  0
call    0 never executed
branch  1 never executed
branch  2 never executed
    #####:  459:    return output_name.string();
    %%%%%:  459-block  0
call    0 never executed
call    1 never executed
branch  2 never executed
branch  3 never executed
        -:  460:
        -:  461:  internal::FilePath result(internal::FilePath::GenerateUniqueFileName(
    #####:  462:      output_name, internal::GetCurrentExecutableName(),
call    0 never executed
branch  1 never executed
branch  2 never executed
call    3 never executed
    $$$$$:  462-block  0
    #####:  463:      GetOutputFormat().c_str()));
    %%%%%:  463-block  0
call    0 never executed
branch  1 never executed
branch  2 never executed
    %%%%%:  463-block  1
call    3 never executed
    %%%%%:  463-block  2
call    4 never executed
branch  5 never executed
branch  6 never executed
    $$$$$:  463-block  3
    #####:  464:  return result.string();
call    0 never executed
call    1 never executed
branch  2 never executed
branch  3 never executed
    #####:  465:}
    %%%%%:  465-block  0
call    0 never executed
    %%%%%:  465-block  1
call    1 never executed
    %%%%%:  465-block  2
call    2 never executed
    $$$$$:  465-block  3
call    3 never executed
    $$$$$:  465-block  4
call    4 never executed
    $$$$$:  465-block  5
call    5 never executed
        -:  466:
        -:  467:// Returns true iff the wildcard pattern matches the string.  The
        -:  468:// first ':' or '\0' character in pattern marks the end of it.
        -:  469://
        -:  470:// This recursive algorithm isn't very efficient, but is clear and
        -:  471:// works well enough for matching test names, which are short.
function _ZN7testing8internal15UnitTestOptions20PatternMatchesStringEPKcS3_ called 1335 returned 100% blocks executed 61%
     1335:  472:bool UnitTestOptions::PatternMatchesString(const char *pattern,
        -:  473:                                           const char *str) {
     1335:  474:  switch (*pattern) {
     1335:  474-block  0
branch  0 taken 22
branch  1 taken 0
branch  2 taken 814
branch  3 taken 499
       22:  475:    case '\0':
        -:  476:    case ':':  // Either ':' or '\0' marks the end of the pattern.
       22:  477:      return *str == '\0';
       22:  477-block  0
    #####:  478:    case '?':  // Matches any single character.
    #####:  479:      return *str != '\0' && PatternMatchesString(pattern + 1, str + 1);
    %%%%%:  479-block  0
branch  0 never executed
branch  1 never executed
    %%%%%:  479-block  1
call    2 never executed
branch  3 never executed
branch  4 never executed
    %%%%%:  479-block  2
    %%%%%:  479-block  3
    %%%%%:  479-block  4
      814:  480:    case '*':  // Matches any string (possibly empty) of characters.
     1302:  481:      return (*str != '\0' && PatternMatchesString(pattern, str + 1)) ||
      814:  481-block  0
branch  0 taken 771 (fallthrough)
branch  1 taken 43
      771:  481-block  1
call    2 returned 771
branch  3 taken 445 (fallthrough)
branch  4 taken 326
      337:  481-block  2
      477:  481-block  3
     1302:  482:          PatternMatchesString(pattern + 1, str);
      488:  482-block  0
call    0 returned 488
branch  1 taken 11 (fallthrough)
branch  2 taken 477
      814:  482-block  1
      499:  483:    default:  // Non-special character.  Matches itself.
     499*:  484:      return *pattern == *str &&
      499:  484-block  0
branch  0 taken 0 (fallthrough)
branch  1 taken 499
    %%%%%:  484-block  1
      499:  484-block  2
     499*:  485:          PatternMatchesString(pattern + 1, str + 1);
    %%%%%:  485-block  0
call    0 never executed
branch  1 never executed
branch  2 never executed
      499:  485-block  1
        -:  486:  }
        -:  487:}
        -:  488:
function _ZN7testing8internal15UnitTestOptions13MatchesFilterERKNSt7__cxx1112basic_stringIcSt11char_traitsIcESaIcEEEPKc called 49 returned 100% blocks executed 100%
       49:  489:bool UnitTestOptions::MatchesFilter(
        -:  490:    const std::string& name, const char* filter) {
       49:  491:  const char *cur_pattern = filter;
       49:  491-block  0
        -:  492:  for (;;) {
       76:  493:    if (PatternMatchesString(cur_pattern, name.c_str())) {
       76:  493-block  0
call    0 returned 76
call    1 returned 76
branch  2 taken 11 (fallthrough)
branch  3 taken 65
       11:  494:      return true;
       11:  494-block  0
        -:  495:    }
        -:  496:
        -:  497:    // Finds the next pattern in the filter.
       65:  498:    cur_pattern = strchr(cur_pattern, ':');
        -:  499:
        -:  500:    // Returns if no more pattern can be found.
       65:  501:    if (cur_pattern == NULL) {
       65:  501-block  0
branch  0 taken 38 (fallthrough)
branch  1 taken 27
       38:  502:      return false;
       38:  502-block  0
        -:  503:    }
        -:  504:
        -:  505:    // Skips the pattern separater (the ':' character).
       27:  506:    cur_pattern++;
       27:  506-block  0
        -:  507:  }
        -:  508:}
        -:  509:
        -:  510:// Returns true iff the user-specified filter matches the test case
        -:  511:// name and the test name.
function _ZN7testing8internal15UnitTestOptions17FilterMatchesTestERKNSt7__cxx1112basic_stringIcSt11char_traitsIcESaIcEEES9_ called 11 returned 100% blocks executed 45%
       11:  512:bool UnitTestOptions::FilterMatchesTest(const std::string &test_case_name,
        -:  513:                                        const std::string &test_name) {
       11:  514:  const std::string& full_name = test_case_name + "." + test_name.c_str();
       11:  514-block  0
call    0 returned 11
call    1 returned 11
branch  2 taken 11 (fallthrough)
branch  3 taken 0 (throw)
       11:  514-block  1
call    4 returned 11
branch  5 taken 11 (fallthrough)
branch  6 taken 0 (throw)
       11:  514-block  2
call    7 returned 11
    $$$$$:  514-block  3
call    8 never executed
    $$$$$:  514-block  4
        -:  515:
        -:  516:  // Split --gtest_filter at '-', if there is one, to separate into
        -:  517:  // positive filter and negative filter portions
       11:  518:  const char* const p = GTEST_FLAG(filter).c_str();
call    0 returned 11
       11:  519:  const char* const dash = strchr(p, '-');
       11:  520:  std::string positive;
call    0 returned 11
       11:  521:  std::string negative;
call    0 returned 11
       11:  522:  if (dash == NULL) {
branch  0 taken 11 (fallthrough)
branch  1 taken 0
       11:  523:    positive = GTEST_FLAG(filter).c_str();  // Whole string is a positive filter
       11:  523-block  0
call    0 returned 11
call    1 returned 11
branch  2 taken 11 (fallthrough)
branch  3 taken 0 (throw)
       11:  524:    negative = "";
       11:  524-block  0
call    0 returned 11
branch  1 taken 11 (fallthrough)
branch  2 taken 0 (throw)
        -:  525:  } else {
    #####:  526:    positive = std::string(p, dash);   // Everything up to the dash
    %%%%%:  526-block  0
call    0 never executed
call    1 never executed
branch  2 never executed
branch  3 never executed
    %%%%%:  526-block  1
call    4 never executed
call    5 never executed
call    6 never executed
    $$$$$:  526-block  2
call    7 never executed
    $$$$$:  526-block  3
    #####:  527:    negative = std::string(dash + 1);  // Everything after the dash
call    0 never executed
call    1 never executed
branch  2 never executed
branch  3 never executed
    %%%%%:  527-block  0
call    4 never executed
call    5 never executed
call    6 never executed
    $$$$$:  527-block  1
call    7 never executed
    $$$$$:  527-block  2
    #####:  528:    if (positive.empty()) {
call    0 never executed
branch  1 never executed
branch  2 never executed
        -:  529:      // Treat '-test1' as the same as '*-test1'
    #####:  530:      positive = kUniversalFilter;
    %%%%%:  530-block  0
call    0 never executed
branch  1 never executed
branch  2 never executed
        -:  531:    }
        -:  532:  }
        -:  533:
        -:  534:  // A filter is a colon-separated list of patterns.  It matches a
        -:  535:  // test if any pattern in it matches the test.
      22*:  536:  return (MatchesFilter(full_name, positive.c_str()) &&
       11:  536-block  0
call    0 returned 11
call    1 returned 11
branch  2 taken 11 (fallthrough)
branch  3 taken 0 (throw)
       11:  536-block  1
branch  4 taken 11 (fallthrough)
branch  5 taken 0
       11:  536-block  2
    %%%%%:  536-block  3
       22:  537:          !MatchesFilter(full_name, negative.c_str()));
       11:  537-block  0
call    0 returned 11
call    1 returned 11
branch  2 taken 11 (fallthrough)
branch  3 taken 0 (throw)
       11:  537-block  1
branch  4 taken 11 (fallthrough)
branch  5 taken 0
       11:  537-block  2
       11:  538:}
       11:  538-block  0
call    0 returned 11
call    1 returned 11
call    2 returned 11
    $$$$$:  538-block  1
call    3 never executed
    $$$$$:  538-block  2
call    4 never executed
    $$$$$:  538-block  3
call    5 never executed
        -:  539:
        -:  540:#if GTEST_HAS_SEH
        -:  541:// Returns EXCEPTION_EXECUTE_HANDLER if Google Test should handle the
        -:  542:// given SEH exception, or EXCEPTION_CONTINUE_SEARCH otherwise.
        -:  543:// This function is useful as an __except condition.
        -:  544:int UnitTestOptions::GTestShouldProcessSEH(DWORD exception_code) {
        -:  545:  // Google Test should handle a SEH exception if:
        -:  546:  //   1. the user wants it to, AND
        -:  547:  //   2. this is not a breakpoint exception, AND
        -:  548:  //   3. this is not a C++ exception (VC++ implements them via SEH,
        -:  549:  //      apparently).
        -:  550:  //
        -:  551:  // SEH exception code for C++ exceptions.
        -:  552:  // (see http://support.microsoft.com/kb/185294 for more information).
        -:  553:  const DWORD kCxxExceptionCode = 0xe06d7363;
        -:  554:
        -:  555:  bool should_handle = true;
        -:  556:
        -:  557:  if (!GTEST_FLAG(catch_exceptions))
        -:  558:    should_handle = false;
        -:  559:  else if (exception_code == EXCEPTION_BREAKPOINT)
        -:  560:    should_handle = false;
        -:  561:  else if (exception_code == kCxxExceptionCode)
        -:  562:    should_handle = false;
        -:  563:
        -:  564:  return should_handle ? EXCEPTION_EXECUTE_HANDLER : EXCEPTION_CONTINUE_SEARCH;
        -:  565:}
        -:  566:#endif  // GTEST_HAS_SEH
        -:  567:
        -:  568:}  // namespace internal
        -:  569:
        -:  570:// The c'tor sets this object as the test part result reporter used by
        -:  571:// Google Test.  The 'result' parameter specifies where to report the
        -:  572:// results. Intercepts only failures from the current thread.
function _ZN7testing32ScopedFakeTestPartResultReporterC2EPNS_19TestPartResultArrayE called 0 returned 0% blocks executed 0%
    #####:  573:ScopedFakeTestPartResultReporter::ScopedFakeTestPartResultReporter(
    #####:  574:    TestPartResultArray* result)
    #####:  575:    : intercept_mode_(INTERCEPT_ONLY_CURRENT_THREAD),
    #####:  576:      result_(result) {
    %%%%%:  576-block  0
call    0 never executed
    #####:  577:  Init();
call    0 never executed
branch  1 never executed
branch  2 never executed
    #####:  578:}
    %%%%%:  578-block  0
    $$$$$:  578-block  1
call    0 never executed
        -:  579:
        -:  580:// The c'tor sets this object as the test part result reporter used by
        -:  581:// Google Test.  The 'result' parameter specifies where to report the
        -:  582:// results.
function _ZN7testing32ScopedFakeTestPartResultReporterC2ENS0_13InterceptModeEPNS_19TestPartResultArrayE called 0 returned 0% blocks executed 0%
    #####:  583:ScopedFakeTestPartResultReporter::ScopedFakeTestPartResultReporter(
    #####:  584:    InterceptMode intercept_mode, TestPartResultArray* result)
    #####:  585:    : intercept_mode_(intercept_mode),
    #####:  586:      result_(result) {
    %%%%%:  586-block  0
call    0 never executed
    #####:  587:  Init();
call    0 never executed
branch  1 never executed
branch  2 never executed
    #####:  588:}
    %%%%%:  588-block  0
    $$$$$:  588-block  1
call    0 never executed
        -:  589:
function _ZN7testing32ScopedFakeTestPartResultReporter4InitEv called 0 returned 0% blocks executed 0%
    #####:  590:void ScopedFakeTestPartResultReporter::Init() {
    #####:  591:  internal::UnitTestImpl* const impl = internal::GetUnitTestImpl();
    %%%%%:  591-block  0
call    0 never executed
    #####:  592:  if (intercept_mode_ == INTERCEPT_ALL_THREADS) {
branch  0 never executed
branch  1 never executed
    #####:  593:    old_reporter_ = impl->GetGlobalTestPartResultReporter();
    %%%%%:  593-block  0
call    0 never executed
    #####:  594:    impl->SetGlobalTestPartResultReporter(this);
call    0 never executed
        -:  595:  } else {
    #####:  596:    old_reporter_ = impl->GetTestPartResultReporterForCurrentThread();
    %%%%%:  596-block  0
call    0 never executed
    #####:  597:    impl->SetTestPartResultReporterForCurrentThread(this);
call    0 never executed
        -:  598:  }
    #####:  599:}
        -:  600:
        -:  601:// The d'tor restores the test part result reporter used by Google Test
        -:  602:// before.
    #####:  603:ScopedFakeTestPartResultReporter::~ScopedFakeTestPartResultReporter() {
    #####:  604:  internal::UnitTestImpl* const impl = internal::GetUnitTestImpl();
    #####:  605:  if (intercept_mode_ == INTERCEPT_ALL_THREADS) {
    #####:  606:    impl->SetGlobalTestPartResultReporter(old_reporter_);
        -:  607:  } else {
    #####:  608:    impl->SetTestPartResultReporterForCurrentThread(old_reporter_);
        -:  609:  }
    #####:  610:}
------------------
_ZN7testing32ScopedFakeTestPartResultReporterD0Ev:
function _ZN7testing32ScopedFakeTestPartResultReporterD0Ev called 0 returned 0% blocks executed 0%
    #####:  603:ScopedFakeTestPartResultReporter::~ScopedFakeTestPartResultReporter() {
        -:  604:  internal::UnitTestImpl* const impl = internal::GetUnitTestImpl();
        -:  605:  if (intercept_mode_ == INTERCEPT_ALL_THREADS) {
        -:  606:    impl->SetGlobalTestPartResultReporter(old_reporter_);
        -:  607:  } else {
        -:  608:    impl->SetTestPartResultReporterForCurrentThread(old_reporter_);
        -:  609:  }
    #####:  610:}
    %%%%%:  610-block  0
call    0 never executed
call    1 never executed
------------------
_ZN7testing32ScopedFakeTestPartResultReporterD2Ev:
function _ZN7testing32ScopedFakeTestPartResultReporterD2Ev called 0 returned 0% blocks executed 0%
    #####:  603:ScopedFakeTestPartResultReporter::~ScopedFakeTestPartResultReporter() {
    #####:  604:  internal::UnitTestImpl* const impl = internal::GetUnitTestImpl();
    %%%%%:  604-block  0
call    0 never executed
    #####:  605:  if (intercept_mode_ == INTERCEPT_ALL_THREADS) {
branch  0 never executed
branch  1 never executed
    #####:  606:    impl->SetGlobalTestPartResultReporter(old_reporter_);
    %%%%%:  606-block  0
call    0 never executed
        -:  607:  } else {
    #####:  608:    impl->SetTestPartResultReporterForCurrentThread(old_reporter_);
    %%%%%:  608-block  0
call    0 never executed
        -:  609:  }
    #####:  610:}
    %%%%%:  610-block  0
call    0 never executed
------------------
        -:  611:
        -:  612:// Increments the test part result count and remembers the result.
        -:  613:// This method is from the TestPartResultReporterInterface interface.
function _ZN7testing32ScopedFakeTestPartResultReporter20ReportTestPartResultERKNS_14TestPartResultE called 0 returned 0% blocks executed 0%
    #####:  614:void ScopedFakeTestPartResultReporter::ReportTestPartResult(
        -:  615:    const TestPartResult& result) {
    #####:  616:  result_->Append(result);
    %%%%%:  616-block  0
call    0 never executed
    #####:  617:}
        -:  618:
        -:  619:namespace internal {
        -:  620:
        -:  621:// Returns the type ID of ::testing::Test.  We should always call this
        -:  622:// instead of GetTypeId< ::testing::Test>() to get the type ID of
        -:  623:// testing::Test.  This is to work around a suspected linker bug when
        -:  624:// using Google Test as a framework on Mac OS X.  The bug causes
        -:  625:// GetTypeId< ::testing::Test>() to return different values depending
        -:  626:// on whether the call is from the Google Test framework itself or
        -:  627:// from user test code.  GetTestTypeId() is guaranteed to always
        -:  628:// return the same value, as it always calls GetTypeId<>() from the
        -:  629:// gtest.cc, which is within the Google Test framework.
function _ZN7testing8internal13GetTestTypeIdEv called 12 returned 100% blocks executed 100%
       12:  630:TypeId GetTestTypeId() {
       12:  631:  return GetTypeId<Test>();
       12:  631-block  0
call    0 returned 12
        -:  632:}
        -:  633:
        -:  634:// The value of GetTestTypeId() as seen from within the Google Test
        -:  635:// library.  This is solely for testing GetTestTypeId().
        -:  636:extern const TypeId kTestTypeIdInGoogleTest = GetTestTypeId();
        -:  637:
        -:  638:// This predicate-formatter checks that 'results' contains a test part
        -:  639:// failure of the given type and that the failure message contains the
        -:  640:// given substring.
function _ZN7testing8internalL13HasOneFailureEPKcS2_S2_RKNS_19TestPartResultArrayENS_14TestPartResult4TypeERKNSt7__cxx1112basic_stringIcSt11char_traitsIcESaIcEEE called 0 returned 0% blocks executed 0%
    #####:  641:static AssertionResult HasOneFailure(const char* /* results_expr */,
        -:  642:                                     const char* /* type_expr */,
        -:  643:                                     const char* /* substr_expr */,
        -:  644:                                     const TestPartResultArray& results,
        -:  645:                                     TestPartResult::Type type,
        -:  646:                                     const std::string& substr) {
        -:  647:  const std::string expected(type == TestPartResult::kFatalFailure ?
        -:  648:                        "1 fatal failure" :
    #####:  649:                        "1 non-fatal failure");
    %%%%%:  649-block  0
call    0 never executed
branch  1 never executed
branch  2 never executed
    %%%%%:  649-block  1
    %%%%%:  649-block  2
    %%%%%:  649-block  3
call    3 never executed
branch  4 never executed
branch  5 never executed
    $$$$$:  649-block  4
    #####:  650:  Message msg;
call    0 never executed
branch  1 never executed
branch  2 never executed
    #####:  651:  if (results.size() != 1) {
    %%%%%:  651-block  0
call    0 never executed
branch  1 never executed
branch  2 never executed
    #####:  652:    msg << "Expected: " << expected << "\n"
    %%%%%:  652-block  0
call    0 never executed
branch  1 never executed
branch  2 never executed
    %%%%%:  652-block  1
call    3 never executed
branch  4 never executed
branch  5 never executed
    %%%%%:  652-block  2
call    6 never executed
branch  7 never executed
branch  8 never executed
    #####:  653:        << "  Actual: " << results.size() << " failures";
    %%%%%:  653-block  0
call    0 never executed
branch  1 never executed
branch  2 never executed
    %%%%%:  653-block  1
call    3 never executed
call    4 never executed
branch  5 never executed
branch  6 never executed
    %%%%%:  653-block  2
call    7 never executed
branch  8 never executed
branch  9 never executed
    $$$$$:  653-block  3
    #####:  654:    for (int i = 0; i < results.size(); i++) {
    %%%%%:  654-block  0
    %%%%%:  654-block  1
    %%%%%:  654-block  2
call    0 never executed
branch  1 never executed
branch  2 never executed
    #####:  655:      msg << "\n" << results.GetTestPartResult(i);
    %%%%%:  655-block  0
call    0 never executed
branch  1 never executed
branch  2 never executed
    %%%%%:  655-block  1
call    3 never executed
branch  4 never executed
branch  5 never executed
    %%%%%:  655-block  2
call    6 never executed
branch  7 never executed
branch  8 never executed
        -:  656:    }
    #####:  657:    return AssertionFailure() << msg;
    %%%%%:  657-block  0
call    0 never executed
branch  1 never executed
branch  2 never executed
    %%%%%:  657-block  1
call    3 never executed
branch  4 never executed
branch  5 never executed
    %%%%%:  657-block  2
call    6 never executed
branch  7 never executed
branch  8 never executed
    %%%%%:  657-block  3
call    9 never executed
    $$$$$:  657-block  4
call   10 never executed
    $$$$$:  657-block  5
        -:  658:  }
        -:  659:
    #####:  660:  const TestPartResult& r = results.GetTestPartResult(0);
    %%%%%:  660-block  0
call    0 never executed
branch  1 never executed
branch  2 never executed
    #####:  661:  if (r.type() != type) {
    %%%%%:  661-block  0
call    0 never executed
branch  1 never executed
branch  2 never executed
    #####:  662:    return AssertionFailure() << "Expected: " << expected << "\n"
    %%%%%:  662-block  0
call    0 never executed
branch  1 never executed
branch  2 never executed
    %%%%%:  662-block  1
call    3 never executed
branch  4 never executed
branch  5 never executed
    %%%%%:  662-block  2
call    6 never executed
branch  7 never executed
branch  8 never executed
    %%%%%:  662-block  3
call    9 never executed
branch 10 never executed
branch 11 never executed
    %%%%%:  662-block  4
call   12 never executed
    $$$$$:  662-block  5
call   13 never executed
    $$$$$:  662-block  6
    #####:  663:                              << "  Actual:\n"
    %%%%%:  663-block  0
call    0 never executed
branch  1 never executed
branch  2 never executed
    #####:  664:                              << r;
    %%%%%:  664-block  0
call    0 never executed
branch  1 never executed
branch  2 never executed
    %%%%%:  664-block  1
call    3 never executed
branch  4 never executed
branch  5 never executed
        -:  665:  }
        -:  666:
    #####:  667:  if (strstr(r.message(), substr.c_str()) == NULL) {
    %%%%%:  667-block  0
call    0 never executed
call    1 never executed
branch  2 never executed
branch  3 never executed
    #####:  668:    return AssertionFailure() << "Expected: " << expected << " containing \""
    %%%%%:  668-block  0
call    0 never executed
branch  1 never executed
branch  2 never executed
    %%%%%:  668-block  1
call    3 never executed
branch  4 never executed
branch  5 never executed
    %%%%%:  668-block  2
call    6 never executed
branch  7 never executed
branch  8 never executed
    %%%%%:  668-block  3
call    9 never executed
branch 10 never executed
branch 11 never executed
    %%%%%:  668-block  4
call   12 never executed
    $$$$$:  668-block  5
call   13 never executed
    $$$$$:  668-block  6
    #####:  669:                              << substr << "\"\n"
    %%%%%:  669-block  0
call    0 never executed
branch  1 never executed
branch  2 never executed
    %%%%%:  669-block  1
call    3 never executed
branch  4 never executed
branch  5 never executed
    #####:  670:                              << "  Actual:\n"
    %%%%%:  670-block  0
call    0 never executed
branch  1 never executed
branch  2 never executed
    #####:  671:                              << r;
    %%%%%:  671-block  0
call    0 never executed
branch  1 never executed
branch  2 never executed
    %%%%%:  671-block  1
call    3 never executed
branch  4 never executed
branch  5 never executed
        -:  672:  }
        -:  673:
    #####:  674:  return AssertionSuccess();
    %%%%%:  674-block  0
call    0 never executed
branch  1 never executed
branch  2 never executed
    #####:  675:}
    %%%%%:  675-block  0
call    0 never executed
call    1 never executed
    $$$$$:  675-block  1
call    2 never executed
    $$$$$:  675-block  2
call    3 never executed
        -:  676:
        -:  677:// The constructor of SingleFailureChecker remembers where to look up
        -:  678:// test part results, what type of failure we expect, and what
        -:  679:// substring the failure message should contain.
function _ZN7testing8internal20SingleFailureCheckerC2EPKNS_19TestPartResultArrayENS_14TestPartResult4TypeERKNSt7__cxx1112basic_stringIcSt11char_traitsIcESaIcEEE called 0 returned 0% blocks executed 0%
    #####:  680:SingleFailureChecker::SingleFailureChecker(const TestPartResultArray* results,
        -:  681:                                           TestPartResult::Type type,
    #####:  682:                                           const std::string& substr)
    #####:  683:    : results_(results), type_(type), substr_(substr) {}
    %%%%%:  683-block  0
call    0 never executed
        -:  684:
        -:  685:// The destructor of SingleFailureChecker verifies that the given
        -:  686:// TestPartResultArray contains exactly one failure that has the given
        -:  687:// type and contains the given substring.  If that's not the case, a
        -:  688:// non-fatal failure will be generated.
function _ZN7testing8internal20SingleFailureCheckerD2Ev called 0 returned 0% blocks executed 0%
    #####:  689:SingleFailureChecker::~SingleFailureChecker() {
    #####:  690:  EXPECT_PRED_FORMAT3(HasOneFailure, *results_, type_, substr_);
    %%%%%:  690-block  0
call    0 never executed
call    1 never executed
branch  2 never executed
branch  3 never executed
    %%%%%:  690-block  1
call    4 never executed
call    5 never executed
call    6 never executed
call    7 never executed
call    8 never executed
call    9 never executed
    %%%%%:  690-block  2
call   10 never executed
    #####:  691:}
call    0 never executed
        -:  692:
function _ZN7testing8internal35DefaultGlobalTestPartResultReporterC2EPNS0_12UnitTestImplE called 1 returned 100% blocks executed 100%
        1:  693:DefaultGlobalTestPartResultReporter::DefaultGlobalTestPartResultReporter(
        1:  694:    UnitTestImpl* unit_test) : unit_test_(unit_test) {}
        1:  694-block  0
call    0 returned 1
        -:  695:
function _ZN7testing8internal35DefaultGlobalTestPartResultReporter20ReportTestPartResultERKNS_14TestPartResultE called 0 returned 0% blocks executed 0%
    #####:  696:void DefaultGlobalTestPartResultReporter::ReportTestPartResult(
        -:  697:    const TestPartResult& result) {
    #####:  698:  unit_test_->current_test_result()->AddTestPartResult(result);
    %%%%%:  698-block  0
call    0 never executed
call    1 never executed
    #####:  699:  unit_test_->listeners()->repeater()->OnTestPartResult(result);
call    0 never executed
call    1 never executed
call    2 never executed
    #####:  700:}
        -:  701:
function _ZN7testing8internal38DefaultPerThreadTestPartResultReporterC2EPNS0_12UnitTestImplE called 1 returned 100% blocks executed 100%
        1:  702:DefaultPerThreadTestPartResultReporter::DefaultPerThreadTestPartResultReporter(
        1:  703:    UnitTestImpl* unit_test) : unit_test_(unit_test) {}
        1:  703-block  0
call    0 returned 1
        -:  704:
function _ZN7testing8internal38DefaultPerThreadTestPartResultReporter20ReportTestPartResultERKNS_14TestPartResultE called 0 returned 0% blocks executed 0%
    #####:  705:void DefaultPerThreadTestPartResultReporter::ReportTestPartResult(
        -:  706:    const TestPartResult& result) {
    #####:  707:  unit_test_->GetGlobalTestPartResultReporter()->ReportTestPartResult(result);
    %%%%%:  707-block  0
call    0 never executed
call    1 never executed
    #####:  708:}
        -:  709:
        -:  710:// Returns the global test part result reporter.
        -:  711:TestPartResultReporterInterface*
function _ZN7testing8internal12UnitTestImpl31GetGlobalTestPartResultReporterEv called 0 returned 0% blocks executed 0%
    #####:  712:UnitTestImpl::GetGlobalTestPartResultReporter() {
    #####:  713:  internal::MutexLock lock(&global_test_part_result_reporter_mutex_);
    %%%%%:  713-block  0
call    0 never executed
branch  1 never executed
branch  2 never executed
    #####:  714:  return global_test_part_result_repoter_;
    %%%%%:  714-block  0
    #####:  715:}
    %%%%%:  715-block  0
call    0 never executed
        -:  716:
        -:  717:// Sets the global test part result reporter.
function _ZN7testing8internal12UnitTestImpl31SetGlobalTestPartResultReporterEPNS_31TestPartResultReporterInterfaceE called 0 returned 0% blocks executed 0%
    #####:  718:void UnitTestImpl::SetGlobalTestPartResultReporter(
        -:  719:    TestPartResultReporterInterface* reporter) {
    #####:  720:  internal::MutexLock lock(&global_test_part_result_reporter_mutex_);
    %%%%%:  720-block  0
call    0 never executed
branch  1 never executed
branch  2 never executed
    #####:  721:  global_test_part_result_repoter_ = reporter;
    #####:  722:}
    %%%%%:  722-block  0
call    0 never executed
        -:  723:
        -:  724:// Returns the test part result reporter for the current thread.
        -:  725:TestPartResultReporterInterface*
function _ZN7testing8internal12UnitTestImpl41GetTestPartResultReporterForCurrentThreadEv called 2 returned 100% blocks executed 100%
        2:  726:UnitTestImpl::GetTestPartResultReporterForCurrentThread() {
        2:  727:  return per_thread_test_part_result_reporter_.get();
        2:  727-block  0
call    0 returned 2
        -:  728:}
        -:  729:
        -:  730:// Sets the test part result reporter for the current thread.
function _ZN7testing8internal12UnitTestImpl41SetTestPartResultReporterForCurrentThreadEPNS_31TestPartResultReporterInterfaceE called 4 returned 100% blocks executed 100%
        4:  731:void UnitTestImpl::SetTestPartResultReporterForCurrentThread(
        -:  732:    TestPartResultReporterInterface* reporter) {
        4:  733:  per_thread_test_part_result_reporter_.set(reporter);
        4:  733-block  0
call    0 returned 4
        4:  734:}
        -:  735:
        -:  736:// Gets the number of successful test cases.
function _ZNK7testing8internal12UnitTestImpl26successful_test_case_countEv called 0 returned 0% blocks executed 0%
    #####:  737:int UnitTestImpl::successful_test_case_count() const {
    #####:  738:  return CountIf(test_cases_, TestCasePassed);
    %%%%%:  738-block  0
call    0 never executed
        -:  739:}
        -:  740:
        -:  741:// Gets the number of failed test cases.
function _ZNK7testing8internal12UnitTestImpl22failed_test_case_countEv called 2 returned 100% blocks executed 100%
        2:  742:int UnitTestImpl::failed_test_case_count() const {
        2:  743:  return CountIf(test_cases_, TestCaseFailed);
        2:  743-block  0
call    0 returned 2
        -:  744:}
        -:  745:
        -:  746:// Gets the number of all test cases.
function _ZNK7testing8internal12UnitTestImpl21total_test_case_countEv called 6 returned 100% blocks executed 100%
        6:  747:int UnitTestImpl::total_test_case_count() const {
        6:  748:  return static_cast<int>(test_cases_.size());
        6:  748-block  0
call    0 returned 6
        -:  749:}
        -:  750:
        -:  751:// Gets the number of all test cases that contain at least one test
        -:  752:// that should run.
function _ZNK7testing8internal12UnitTestImpl22test_case_to_run_countEv called 2 returned 100% blocks executed 100%
        2:  753:int UnitTestImpl::test_case_to_run_count() const {
        2:  754:  return CountIf(test_cases_, ShouldRunTestCase);
        2:  754-block  0
call    0 returned 2
        -:  755:}
        -:  756:
        -:  757:// Gets the number of successful tests.
function _ZNK7testing8internal12UnitTestImpl21successful_test_countEv called 1 returned 100% blocks executed 100%
        1:  758:int UnitTestImpl::successful_test_count() const {
        1:  759:  return SumOverTestCaseList(test_cases_, &TestCase::successful_test_count);
        1:  759-block  0
call    0 returned 1
        -:  760:}
        -:  761:
        -:  762:// Gets the number of failed tests.
function _ZNK7testing8internal12UnitTestImpl17failed_test_countEv called 1 returned 100% blocks executed 100%
        1:  763:int UnitTestImpl::failed_test_count() const {
        1:  764:  return SumOverTestCaseList(test_cases_, &TestCase::failed_test_count);
        1:  764-block  0
call    0 returned 1
        -:  765:}
        -:  766:
        -:  767:// Gets the number of disabled tests that will be reported in the XML report.
function _ZNK7testing8internal12UnitTestImpl30reportable_disabled_test_countEv called 1 returned 100% blocks executed 100%
        1:  768:int UnitTestImpl::reportable_disabled_test_count() const {
        1:  769:  return SumOverTestCaseList(test_cases_,
        1:  769-block  0
call    0 returned 1
        1:  770:                             &TestCase::reportable_disabled_test_count);
        -:  771:}
        -:  772:
        -:  773:// Gets the number of disabled tests.
function _ZNK7testing8internal12UnitTestImpl19disabled_test_countEv called 0 returned 0% blocks executed 0%
    #####:  774:int UnitTestImpl::disabled_test_count() const {
    #####:  775:  return SumOverTestCaseList(test_cases_, &TestCase::disabled_test_count);
    %%%%%:  775-block  0
call    0 never executed
        -:  776:}
        -:  777:
        -:  778:// Gets the number of tests to be printed in the XML report.
function _ZNK7testing8internal12UnitTestImpl21reportable_test_countEv called 0 returned 0% blocks executed 0%
    #####:  779:int UnitTestImpl::reportable_test_count() const {
    #####:  780:  return SumOverTestCaseList(test_cases_, &TestCase::reportable_test_count);
    %%%%%:  780-block  0
call    0 never executed
        -:  781:}
        -:  782:
        -:  783:// Gets the number of all tests.
function _ZNK7testing8internal12UnitTestImpl16total_test_countEv called 0 returned 0% blocks executed 0%
    #####:  784:int UnitTestImpl::total_test_count() const {
    #####:  785:  return SumOverTestCaseList(test_cases_, &TestCase::total_test_count);
    %%%%%:  785-block  0
call    0 never executed
        -:  786:}
        -:  787:
        -:  788:// Gets the number of tests that should run.
function _ZNK7testing8internal12UnitTestImpl17test_to_run_countEv called 2 returned 100% blocks executed 100%
        2:  789:int UnitTestImpl::test_to_run_count() const {
        2:  790:  return SumOverTestCaseList(test_cases_, &TestCase::test_to_run_count);
        2:  790-block  0
call    0 returned 2
        -:  791:}
        -:  792:
        -:  793:// Returns the current OS stack trace as an std::string.
        -:  794://
        -:  795:// The maximum number of stack frames to be included is specified by
        -:  796:// the gtest_stack_trace_depth flag.  The skip_count parameter
        -:  797:// specifies the number of top frames to be skipped, which doesn't
        -:  798:// count against the number of frames to be included.
        -:  799://
        -:  800:// For example, if Foo() calls Bar(), which in turn calls
        -:  801:// CurrentOsStackTraceExceptTop(1), Foo() will be included in the
        -:  802:// trace but Bar() and CurrentOsStackTraceExceptTop() won't.
function _ZN7testing8internal12UnitTestImpl28CurrentOsStackTraceExceptTopB5cxx11Ei called 0 returned 0% blocks executed 0%
    #####:  803:std::string UnitTestImpl::CurrentOsStackTraceExceptTop(int skip_count) {
    #####:  804:  return os_stack_trace_getter()->CurrentStackTrace(
    %%%%%:  804-block  0
call    0 never executed
        -:  805:      static_cast<int>(GTEST_FLAG(stack_trace_depth)),
        -:  806:      skip_count + 1
        -:  807:      // Skips the user-specified number of frames plus this function
        -:  808:      // itself.
    #####:  809:      );  // NOLINT
call    0 never executed
        -:  810:}
        -:  811:
        -:  812:// Returns the current time in milliseconds.
function _ZN7testing8internal15GetTimeInMillisEv called 35 returned 100% blocks executed 100%
       35:  813:TimeInMillis GetTimeInMillis() {
        -:  814:#if GTEST_OS_WINDOWS_MOBILE || defined(__BORLANDC__)
        -:  815:  // Difference between 1970-01-01 and 1601-01-01 in milliseconds.
        -:  816:  // http://analogous.blogspot.com/2005/04/epoch.html
        -:  817:  const TimeInMillis kJavaEpochToWinFileTimeDelta =
        -:  818:    static_cast<TimeInMillis>(116444736UL) * 100000UL;
        -:  819:  const DWORD kTenthMicrosInMilliSecond = 10000;
        -:  820:
        -:  821:  SYSTEMTIME now_systime;
        -:  822:  FILETIME now_filetime;
        -:  823:  ULARGE_INTEGER now_int64;
        -:  824:  // TODO(kenton@google.com): Shouldn't this just use
        -:  825:  //   GetSystemTimeAsFileTime()?
        -:  826:  GetSystemTime(&now_systime);
        -:  827:  if (SystemTimeToFileTime(&now_systime, &now_filetime)) {
        -:  828:    now_int64.LowPart = now_filetime.dwLowDateTime;
        -:  829:    now_int64.HighPart = now_filetime.dwHighDateTime;
        -:  830:    now_int64.QuadPart = (now_int64.QuadPart / kTenthMicrosInMilliSecond) -
        -:  831:      kJavaEpochToWinFileTimeDelta;
        -:  832:    return now_int64.QuadPart;
        -:  833:  }
        -:  834:  return 0;
        -:  835:#elif GTEST_OS_WINDOWS && !GTEST_HAS_GETTIMEOFDAY_
        -:  836:  __timeb64 now;
        -:  837:
        -:  838:  // MSVC 8 deprecates _ftime64(), so we want to suppress warning 4996
        -:  839:  // (deprecated function) there.
        -:  840:  // TODO(kenton@google.com): Use GetTickCount()?  Or use
        -:  841:  //   SystemTimeToFileTime()
        -:  842:  GTEST_DISABLE_MSC_WARNINGS_PUSH_(4996)
        -:  843:  _ftime64(&now);
        -:  844:  GTEST_DISABLE_MSC_WARNINGS_POP_()
        -:  845:
        -:  846:  return static_cast<TimeInMillis>(now.time) * 1000 + now.millitm;
        -:  847:#elif GTEST_HAS_GETTIMEOFDAY_
        -:  848:  struct timeval now;
       35:  849:  gettimeofday(&now, NULL);
       35:  849-block  0
call    0 returned 35
branch  1 taken 35 (fallthrough)
branch  2 taken 0 (throw)
       35:  850:  return static_cast<TimeInMillis>(now.tv_sec) * 1000 + now.tv_usec / 1000;
       35:  850-block  0
       35:  850-block  1
        -:  851:#else
        -:  852:# error "Don't know how to get the current time on your system."
        -:  853:#endif
        -:  854:}
        -:  855:
        -:  856:// Utilities
        -:  857:
        -:  858:// class String.
        -:  859:
        -:  860:#if GTEST_OS_WINDOWS_MOBILE
        -:  861:// Creates a UTF-16 wide string from the given ANSI string, allocating
        -:  862:// memory using new. The caller is responsible for deleting the return
        -:  863:// value using delete[]. Returns the wide string, or NULL if the
        -:  864:// input is NULL.
        -:  865:LPCWSTR String::AnsiToUtf16(const char* ansi) {
        -:  866:  if (!ansi) return NULL;
        -:  867:  const int length = strlen(ansi);
        -:  868:  const int unicode_length =
        -:  869:      MultiByteToWideChar(CP_ACP, 0, ansi, length,
        -:  870:                          NULL, 0);
        -:  871:  WCHAR* unicode = new WCHAR[unicode_length + 1];
        -:  872:  MultiByteToWideChar(CP_ACP, 0, ansi, length,
        -:  873:                      unicode, unicode_length);
        -:  874:  unicode[unicode_length] = 0;
        -:  875:  return unicode;
        -:  876:}
        -:  877:
        -:  878:// Creates an ANSI string from the given wide string, allocating
        -:  879:// memory using new. The caller is responsible for deleting the return
        -:  880:// value using delete[]. Returns the ANSI string, or NULL if the
        -:  881:// input is NULL.
        -:  882:const char* String::Utf16ToAnsi(LPCWSTR utf16_str)  {
        -:  883:  if (!utf16_str) return NULL;
        -:  884:  const int ansi_length =
        -:  885:      WideCharToMultiByte(CP_ACP, 0, utf16_str, -1,
        -:  886:                          NULL, 0, NULL, NULL);
        -:  887:  char* ansi = new char[ansi_length + 1];
        -:  888:  WideCharToMultiByte(CP_ACP, 0, utf16_str, -1,
        -:  889:                      ansi, ansi_length, NULL, NULL);
        -:  890:  ansi[ansi_length] = 0;
        -:  891:  return ansi;
        -:  892:}
        -:  893:
        -:  894:#endif  // GTEST_OS_WINDOWS_MOBILE
        -:  895:
        -:  896:// Compares two C strings.  Returns true iff they have the same content.
        -:  897://
        -:  898:// Unlike strcmp(), this function can handle NULL argument(s).  A NULL
        -:  899:// C string is considered different to any non-NULL C string,
        -:  900:// including the empty string.
function _ZN7testing8internal6String13CStringEqualsEPKcS3_ called 2 returned 100% blocks executed 67%
        2:  901:bool String::CStringEquals(const char * lhs, const char * rhs) {
       2*:  902:  if ( lhs == NULL ) return rhs == NULL;
        2:  902-block  0
branch  0 taken 0 (fallthrough)
branch  1 taken 2
    %%%%%:  902-block  1
        -:  903:
       2*:  904:  if ( rhs == NULL ) return false;
        2:  904-block  0
branch  0 taken 0 (fallthrough)
branch  1 taken 2
    %%%%%:  904-block  1
        -:  905:
        2:  906:  return strcmp(lhs, rhs) == 0;
        2:  906-block  0
        -:  907:}
        -:  908:
        -:  909:#if GTEST_HAS_STD_WSTRING || GTEST_HAS_GLOBAL_WSTRING
        -:  910:
        -:  911:// Converts an array of wide chars to a narrow string using the UTF-8
        -:  912:// encoding, and streams the result to the given Message object.
function _ZN7testing8internalL24StreamWideCharsToMessageEPKwyPNS_7MessageE called 0 returned 0% blocks executed 0%
    #####:  913:static void StreamWideCharsToMessage(const wchar_t* wstr, size_t length,
        -:  914:                                     Message* msg) {
    #####:  915:  for (size_t i = 0; i != length; ) {  // NOLINT
    %%%%%:  915-block  0
    %%%%%:  915-block  1
branch  0 never executed
branch  1 never executed
    #####:  916:    if (wstr[i] != L'\0') {
    %%%%%:  916-block  0
branch  0 never executed
branch  1 never executed
    #####:  917:      *msg << WideStringToUtf8(wstr + i, static_cast<int>(length - i));
    %%%%%:  917-block  0
call    0 never executed
call    1 never executed
branch  2 never executed
branch  3 never executed
    %%%%%:  917-block  1
call    4 never executed
    $$$$$:  917-block  2
call    5 never executed
    $$$$$:  917-block  3
call    6 never executed
    #####:  918:      while (i != length && wstr[i] != L'\0')
    %%%%%:  918-block  0
branch  0 never executed
branch  1 never executed
    %%%%%:  918-block  1
branch  2 never executed
branch  3 never executed
    #####:  919:        i++;
    %%%%%:  919-block  0
        -:  920:    } else {
    #####:  921:      *msg << '\0';
    %%%%%:  921-block  0
call    0 never executed
branch  1 never executed
branch  2 never executed
    #####:  922:      i++;
    %%%%%:  922-block  0
        -:  923:    }
        -:  924:  }
    #####:  925:}
    %%%%%:  925-block  0
        -:  926:
        -:  927:#endif  // GTEST_HAS_STD_WSTRING || GTEST_HAS_GLOBAL_WSTRING
        -:  928:
function _ZN7testing8internal11SplitStringERKNSt7__cxx1112basic_stringIcSt11char_traitsIcESaIcEEEcPSt6vectorIS6_SaIS6_EE called 0 returned 0% blocks executed 0%
    #####:  929:void SplitString(const ::std::string& str, char delimiter,
        -:  930:                 ::std::vector< ::std::string>* dest) {
    #####:  931:  ::std::vector< ::std::string> parsed;
    %%%%%:  931-block  0
call    0 never executed
    #####:  932:  ::std::string::size_type pos = 0;
    #####:  933:  while (::testing::internal::AlwaysTrue()) {
    %%%%%:  933-block  0
call    0 never executed
branch  1 never executed
branch  2 never executed
    %%%%%:  933-block  1
branch  3 never executed
branch  4 never executed
    #####:  934:    const ::std::string::size_type colon = str.find(delimiter, pos);
    %%%%%:  934-block  0
call    0 never executed
    #####:  935:    if (colon == ::std::string::npos) {
branch  0 never executed
branch  1 never executed
    #####:  936:      parsed.push_back(str.substr(pos));
    %%%%%:  936-block  0
call    0 never executed
branch  1 never executed
branch  2 never executed
    %%%%%:  936-block  1
call    3 never executed
branch  4 never executed
branch  5 never executed
    %%%%%:  936-block  2
call    6 never executed
    $$$$$:  936-block  3
call    7 never executed
[...]
        -: 5712:      }
        -: 5713:
        -: 5714:      // Decrements the argument count.
       1*: 5715:      (*argc)--;
        -: 5716:
        -: 5717:      // We also need to decrement the iterator as we just removed
        -: 5718:      // an element.
       1*: 5719:      i--;
        -: 5720:    }
        -: 5721:  }
        -: 5722:
       1*: 5723:  if (g_help_flag) {
        -: 5724:    // We print the help here instead of in RUN_ALL_TESTS(), as the
        -: 5725:    // latter may not be called at all if the user is using Google
        -: 5726:    // Test with another testing framework.
    #####: 5727:    PrintColorEncoded(kColorEncodedHelpMessage);
        -: 5728:  }
       1*: 5729:}
------------------
_ZN7testing8internal28ParseGoogleTestFlagsOnlyImplIwEEvPiPPT_:
function _ZN7testing8internal28ParseGoogleTestFlagsOnlyImplIwEEvPiPPT_ called 0 returned 0% blocks executed 0%
    #####: 5680:void ParseGoogleTestFlagsOnlyImpl(int* argc, CharType** argv) {
    #####: 5681:  for (int i = 1; i < *argc; i++) {
    %%%%%: 5681-block  0
    %%%%%: 5681-block  1
call    0 never executed
    %%%%%: 5681-block  2
branch  1 never executed
branch  2 never executed
    $$$$$: 5681-block  3
call    3 never executed
    #####: 5682:    const std::string arg_string = StreamableToString(argv[i]);
    %%%%%: 5682-block  0
call    0 never executed
branch  1 never executed
branch  2 never executed
    #####: 5683:    const char* const arg = arg_string.c_str();
    %%%%%: 5683-block  0
call    0 never executed
        -: 5684:
        -: 5685:    using internal::ParseBoolFlag;
        -: 5686:    using internal::ParseInt32Flag;
        -: 5687:    using internal::ParseStringFlag;
        -: 5688:
    #####: 5689:    bool remove_flag = false;
    #####: 5690:    if (ParseGoogleTestFlag(arg)) {
call    0 never executed
branch  1 never executed
branch  2 never executed
    %%%%%: 5690-block  0
branch  3 never executed
branch  4 never executed
    #####: 5691:      remove_flag = true;
    %%%%%: 5691-block  0
        -: 5692:#if GTEST_USE_OWN_FLAGFILE_FLAG_
    #####: 5693:    } else if (ParseStringFlag(arg, kFlagfileFlag, &GTEST_FLAG(flagfile))) {
    %%%%%: 5693-block  0
call    0 never executed
branch  1 never executed
branch  2 never executed
    %%%%%: 5693-block  1
branch  3 never executed
branch  4 never executed
    #####: 5694:      LoadFlagsFromFile(GTEST_FLAG(flagfile));
    %%%%%: 5694-block  0
call    0 never executed
branch  1 never executed
branch  2 never executed
    #####: 5695:      remove_flag = true;
    %%%%%: 5695-block  0
        -: 5696:#endif  // GTEST_USE_OWN_FLAGFILE_FLAG_
    #####: 5697:    } else if (arg_string == "--help" || arg_string == "-h" ||
    %%%%%: 5697-block  0
call    0 never executed
    %%%%%: 5697-block  1
call    1 never executed
branch  2 never executed
branch  3 never executed
branch  4 never executed
branch  5 never executed
    #####: 5698:               arg_string == "-?" || arg_string == "/?" ||
branch  0 never executed
branch  1 never executed
    %%%%%: 5698-block  0
call    2 never executed
    %%%%%: 5698-block  1
call    3 never executed
branch  4 never executed
branch  5 never executed
branch  6 never executed
branch  7 never executed
    %%%%%: 5698-block  2
    %%%%%: 5698-block  3
    %%%%%: 5698-block  4
branch  8 never executed
branch  9 never executed
    #####: 5699:               HasGoogleTestFlagPrefix(arg)) {
    %%%%%: 5699-block  0
call    0 never executed
        -: 5700:      // Both help flag and unrecognized Google Test flags (excluding
        -: 5701:      // internal ones) trigger help display.
    #####: 5702:      g_help_flag = true;
    %%%%%: 5702-block  0
        -: 5703:    }
        -: 5704:
    #####: 5705:    if (remove_flag) {
    %%%%%: 5705-block  0
branch  0 never executed
branch  1 never executed
        -: 5706:      // Shift the remainder of the argv list left by one.  Note
        -: 5707:      // that argv has (*argc + 1) elements, the last one always being
        -: 5708:      // NULL.  The following loop moves the trailing NULL element as
        -: 5709:      // well.
    #####: 5710:      for (int j = i; j != *argc; j++) {
    %%%%%: 5710-block  0
    %%%%%: 5710-block  1
branch  0 never executed
branch  1 never executed
    #####: 5711:        argv[j] = argv[j + 1];
    %%%%%: 5711-block  0
        -: 5712:      }
        -: 5713:
        -: 5714:      // Decrements the argument count.
    #####: 5715:      (*argc)--;
        -: 5716:
        -: 5717:      // We also need to decrement the iterator as we just removed
        -: 5718:      // an element.
    #####: 5719:      i--;
    %%%%%: 5719-block  0
        -: 5720:    }
        -: 5721:  }
        -: 5722:
    #####: 5723:  if (g_help_flag) {
    %%%%%: 5723-block  0
branch  0 never executed
branch  1 never executed
        -: 5724:    // We print the help here instead of in RUN_ALL_TESTS(), as the
        -: 5725:    // latter may not be called at all if the user is using Google
        -: 5726:    // Test with another testing framework.
    #####: 5727:    PrintColorEncoded(kColorEncodedHelpMessage);
    %%%%%: 5727-block  0
call    0 never executed
        -: 5728:  }
    #####: 5729:}
    %%%%%: 5729-block  0
------------------
_ZN7testing8internal28ParseGoogleTestFlagsOnlyImplIcEEvPiPPT_:
function _ZN7testing8internal28ParseGoogleTestFlagsOnlyImplIcEEvPiPPT_ called 1 returned 100% blocks executed 45%
        1: 5680:void ParseGoogleTestFlagsOnlyImpl(int* argc, CharType** argv) {
        2: 5681:  for (int i = 1; i < *argc; i++) {
        1: 5681-block  0
        1: 5681-block  1
call    0 returned 1
        2: 5681-block  2
branch  1 taken 1
branch  2 taken 1 (fallthrough)
    $$$$$: 5681-block  3
call    3 never executed
        1: 5682:    const std::string arg_string = StreamableToString(argv[i]);
        1: 5682-block  0
call    0 returned 1
branch  1 taken 1 (fallthrough)
branch  2 taken 0 (throw)
        1: 5683:    const char* const arg = arg_string.c_str();
        1: 5683-block  0
call    0 returned 1
        -: 5684:
        -: 5685:    using internal::ParseBoolFlag;
        -: 5686:    using internal::ParseInt32Flag;
        -: 5687:    using internal::ParseStringFlag;
        -: 5688:
        1: 5689:    bool remove_flag = false;
        1: 5690:    if (ParseGoogleTestFlag(arg)) {
call    0 returned 1
branch  1 taken 1 (fallthrough)
branch  2 taken 0 (throw)
        1: 5690-block  0
branch  3 taken 1 (fallthrough)
branch  4 taken 0
        1: 5691:      remove_flag = true;
        1: 5691-block  0
        -: 5692:#if GTEST_USE_OWN_FLAGFILE_FLAG_
    #####: 5693:    } else if (ParseStringFlag(arg, kFlagfileFlag, &GTEST_FLAG(flagfile))) {
    %%%%%: 5693-block  0
call    0 never executed
branch  1 never executed
branch  2 never executed
    %%%%%: 5693-block  1
branch  3 never executed
branch  4 never executed
    #####: 5694:      LoadFlagsFromFile(GTEST_FLAG(flagfile));
    %%%%%: 5694-block  0
call    0 never executed
branch  1 never executed
branch  2 never executed
    #####: 5695:      remove_flag = true;
    %%%%%: 5695-block  0
        -: 5696:#endif  // GTEST_USE_OWN_FLAGFILE_FLAG_
    #####: 5697:    } else if (arg_string == "--help" || arg_string == "-h" ||
    %%%%%: 5697-block  0
call    0 never executed
    %%%%%: 5697-block  1
call    1 never executed
branch  2 never executed
branch  3 never executed
branch  4 never executed
branch  5 never executed
    #####: 5698:               arg_string == "-?" || arg_string == "/?" ||
branch  0 never executed
branch  1 never executed
    %%%%%: 5698-block  0
call    2 never executed
    %%%%%: 5698-block  1
call    3 never executed
branch  4 never executed
branch  5 never executed
branch  6 never executed
branch  7 never executed
    %%%%%: 5698-block  2
    %%%%%: 5698-block  3
    %%%%%: 5698-block  4
branch  8 never executed
branch  9 never executed
    #####: 5699:               HasGoogleTestFlagPrefix(arg)) {
    %%%%%: 5699-block  0
call    0 never executed
        -: 5700:      // Both help flag and unrecognized Google Test flags (excluding
        -: 5701:      // internal ones) trigger help display.
    #####: 5702:      g_help_flag = true;
    %%%%%: 5702-block  0
        -: 5703:    }
        -: 5704:
        1: 5705:    if (remove_flag) {
        1: 5705-block  0
branch  0 taken 1 (fallthrough)
branch  1 taken 0
        -: 5706:      // Shift the remainder of the argv list left by one.  Note
        -: 5707:      // that argv has (*argc + 1) elements, the last one always being
        -: 5708:      // NULL.  The following loop moves the trailing NULL element as
        -: 5709:      // well.
        2: 5710:      for (int j = i; j != *argc; j++) {
        1: 5710-block  0
        2: 5710-block  1
branch  0 taken 1
branch  1 taken 1 (fallthrough)
        1: 5711:        argv[j] = argv[j + 1];
        1: 5711-block  0
        -: 5712:      }
        -: 5713:
        -: 5714:      // Decrements the argument count.
        1: 5715:      (*argc)--;
        -: 5716:
        -: 5717:      // We also need to decrement the iterator as we just removed
        -: 5718:      // an element.
        1: 5719:      i--;
        1: 5719-block  0
        -: 5720:    }
        -: 5721:  }
        -: 5722:
        1: 5723:  if (g_help_flag) {
        1: 5723-block  0
branch  0 taken 0 (fallthrough)
branch  1 taken 1
        -: 5724:    // We print the help here instead of in RUN_ALL_TESTS(), as the
        -: 5725:    // latter may not be called at all if the user is using Google
        -: 5726:    // Test with another testing framework.
    #####: 5727:    PrintColorEncoded(kColorEncodedHelpMessage);
    %%%%%: 5727-block  0
call    0 never executed
        -: 5728:  }
        1: 5729:}
        1: 5729-block  0
------------------
        -: 5730:
        -: 5731:// Parses the command line for Google Test flags, without initializing
        -: 5732:// other parts of Google Test.
function _ZN7testing8internal24ParseGoogleTestFlagsOnlyEPiPPc called 1 returned 100% blocks executed 100%
        1: 5733:void ParseGoogleTestFlagsOnly(int* argc, char** argv) {
        1: 5734:  ParseGoogleTestFlagsOnlyImpl(argc, argv);
        1: 5734-block  0
call    0 returned 1
        1: 5735:}
function _ZN7testing8internal24ParseGoogleTestFlagsOnlyEPiPPw called 0 returned 0% blocks executed 0%
    #####: 5736:void ParseGoogleTestFlagsOnly(int* argc, wchar_t** argv) {
    #####: 5737:  ParseGoogleTestFlagsOnlyImpl(argc, argv);
    %%%%%: 5737-block  0
call    0 never executed
    #####: 5738:}
        -: 5739:
        -: 5740:// The internal implementation of InitGoogleTest().
        -: 5741://
        -: 5742:// The type parameter CharType can be instantiated to either char or
        -: 5743:// wchar_t.
        -: 5744:template <typename CharType>
       1*: 5745:void InitGoogleTestImpl(int* argc, CharType** argv) {
        -: 5746:  // We don't want to run the initialization code twice.
       1*: 5747:  if (GTestIsInitialized()) return;
        -: 5748:
       1*: 5749:  if (*argc <= 0) return;
        -: 5750:
       1*: 5751:  g_argvs.clear();
       3*: 5752:  for (int i = 0; i != *argc; i++) {
       2*: 5753:    g_argvs.push_back(StreamableToString(argv[i]));
        -: 5754:  }
        -: 5755:
       1*: 5756:  ParseGoogleTestFlagsOnly(argc, argv);
       1*: 5757:  GetUnitTestImpl()->PostFlagParsingInit();
        -: 5758:}
------------------
_ZN7testing8internal18InitGoogleTestImplIwEEvPiPPT_:
function _ZN7testing8internal18InitGoogleTestImplIwEEvPiPPT_ called 0 returned 0% blocks executed 0%
    #####: 5745:void InitGoogleTestImpl(int* argc, CharType** argv) {
        -: 5746:  // We don't want to run the initialization code twice.
    #####: 5747:  if (GTestIsInitialized()) return;
    %%%%%: 5747-block  0
call    0 never executed
branch  1 never executed
branch  2 never executed
    %%%%%: 5747-block  1
        -: 5748:
    #####: 5749:  if (*argc <= 0) return;
    %%%%%: 5749-block  0
branch  0 never executed
branch  1 never executed
    %%%%%: 5749-block  1
        -: 5750:
    #####: 5751:  g_argvs.clear();
    %%%%%: 5751-block  0
call    0 never executed
    #####: 5752:  for (int i = 0; i != *argc; i++) {
    %%%%%: 5752-block  0
branch  0 never executed
branch  1 never executed
    #####: 5753:    g_argvs.push_back(StreamableToString(argv[i]));
    %%%%%: 5753-block  0
call    0 never executed
call    1 never executed
branch  2 never executed
branch  3 never executed
    %%%%%: 5753-block  1
call    4 never executed
    $$$$$: 5753-block  2
call    5 never executed
        -: 5754:  }
        -: 5755:
    #####: 5756:  ParseGoogleTestFlagsOnly(argc, argv);
    %%%%%: 5756-block  0
call    0 never executed
    #####: 5757:  GetUnitTestImpl()->PostFlagParsingInit();
call    0 never executed
call    1 never executed
        -: 5758:}
------------------
_ZN7testing8internal18InitGoogleTestImplIcEEvPiPPT_:
function _ZN7testing8internal18InitGoogleTestImplIcEEvPiPPT_ called 1 returned 100% blocks executed 79%
        1: 5745:void InitGoogleTestImpl(int* argc, CharType** argv) {
        -: 5746:  // We don't want to run the initialization code twice.
       1*: 5747:  if (GTestIsInitialized()) return;
        1: 5747-block  0
call    0 returned 1
branch  1 taken 0 (fallthrough)
branch  2 taken 1
    %%%%%: 5747-block  1
        -: 5748:
       1*: 5749:  if (*argc <= 0) return;
        1: 5749-block  0
branch  0 taken 0 (fallthrough)
branch  1 taken 1
    %%%%%: 5749-block  1
        -: 5750:
        1: 5751:  g_argvs.clear();
        1: 5751-block  0
call    0 returned 1
        3: 5752:  for (int i = 0; i != *argc; i++) {
        3: 5752-block  0
branch  0 taken 2
branch  1 taken 1 (fallthrough)
        2: 5753:    g_argvs.push_back(StreamableToString(argv[i]));
        2: 5753-block  0
call    0 returned 2
call    1 returned 2
branch  2 taken 2 (fallthrough)
branch  3 taken 0 (throw)
        2: 5753-block  1
call    4 returned 2
    $$$$$: 5753-block  2
call    5 never executed
        -: 5754:  }
        -: 5755:
        1: 5756:  ParseGoogleTestFlagsOnly(argc, argv);
        1: 5756-block  0
call    0 returned 1
        1: 5757:  GetUnitTestImpl()->PostFlagParsingInit();
call    0 returned 1
call    1 returned 1
        -: 5758:}
------------------
        -: 5759:
        -: 5760:}  // namespace internal
        -: 5761:
        -: 5762:// Initializes Google Test.  This must be called before calling
        -: 5763:// RUN_ALL_TESTS().  In particular, it parses a command line for the
        -: 5764:// flags that Google Test recognizes.  Whenever a Google Test flag is
        -: 5765:// seen, it is removed from argv, and *argc is decremented.
        -: 5766://
        -: 5767:// No value is returned.  Instead, the Google Test flag variables are
        -: 5768:// updated.
        -: 5769://
        -: 5770:// Calling the function for the second time has no user-visible effect.
function _ZN7testing14InitGoogleTestEPiPPc called 1 returned 100% blocks executed 100%
        1: 5771:void InitGoogleTest(int* argc, char** argv) {
        -: 5772:#if defined(GTEST_CUSTOM_INIT_GOOGLE_TEST_FUNCTION_)
        -: 5773:  GTEST_CUSTOM_INIT_GOOGLE_TEST_FUNCTION_(argc, argv);
        -: 5774:#else  // defined(GTEST_CUSTOM_INIT_GOOGLE_TEST_FUNCTION_)
        1: 5775:  internal::InitGoogleTestImpl(argc, argv);
        1: 5775-block  0
call    0 returned 1
        -: 5776:#endif  // defined(GTEST_CUSTOM_INIT_GOOGLE_TEST_FUNCTION_)
        1: 5777:}
        -: 5778:
        -: 5779:// This overloaded version can be used in Windows programs compiled in
        -: 5780:// UNICODE mode.
function _ZN7testing14InitGoogleTestEPiPPw called 0 returned 0% blocks executed 0%
    #####: 5781:void InitGoogleTest(int* argc, wchar_t** argv) {
        -: 5782:#if defined(GTEST_CUSTOM_INIT_GOOGLE_TEST_FUNCTION_)
        -: 5783:  GTEST_CUSTOM_INIT_GOOGLE_TEST_FUNCTION_(argc, argv);
        -: 5784:#else  // defined(GTEST_CUSTOM_INIT_GOOGLE_TEST_FUNCTION_)
    #####: 5785:  internal::InitGoogleTestImpl(argc, argv);
    %%%%%: 5785-block  0
call    0 never executed
        -: 5786:#endif  // defined(GTEST_CUSTOM_INIT_GOOGLE_TEST_FUNCTION_)
    #####: 5787:}
        -: 5788:
function _ZN7testing7TempDirB5cxx11Ev called 0 returned 0% blocks executed 0%
    #####: 5789:std::string TempDir() {
        -: 5790:#if defined(GTEST_CUSTOM_TEMPDIR_FUNCTION_)
        -: 5791:  return GTEST_CUSTOM_TEMPDIR_FUNCTION_();
        -: 5792:#endif
        -: 5793:
        -: 5794:#if GTEST_OS_WINDOWS_MOBILE
        -: 5795:  return "\\temp\\";
        -: 5796:#elif GTEST_OS_WINDOWS
    #####: 5797:  const char* temp_dir = internal::posix::GetEnv("TEMP");
    %%%%%: 5797-block  0
call    0 never executed
    #####: 5798:  if (temp_dir == NULL || temp_dir[0] == '\0')
branch  0 never executed
branch  1 never executed
    %%%%%: 5798-block  0
branch  2 never executed
branch  3 never executed
    #####: 5799:    return "\\temp\\";
    %%%%%: 5799-block  0
call    0 never executed
call    1 never executed
branch  2 never executed
branch  3 never executed
    %%%%%: 5799-block  1
call    4 never executed
    $$$$$: 5799-block  2
call    5 never executed
    $$$$$: 5799-block  3
    #####: 5800:  else if (temp_dir[strlen(temp_dir) - 1] == '\\')
    %%%%%: 5800-block  0
branch  0 never executed
branch  1 never executed
    #####: 5801:    return temp_dir;
    %%%%%: 5801-block  0
call    0 never executed
call    1 never executed
branch  2 never executed
branch  3 never executed
    %%%%%: 5801-block  1
call    4 never executed
    $$$$$: 5801-block  2
call    5 never executed
    $$$$$: 5801-block  3
        -: 5802:  else
    #####: 5803:    return std::string(temp_dir) + "\\";
    %%%%%: 5803-block  0
call    0 never executed
call    1 never executed
branch  2 never executed
branch  3 never executed
    %%%%%: 5803-block  1
call    4 never executed
branch  5 never executed
branch  6 never executed
    %%%%%: 5803-block  2
call    7 never executed
call    8 never executed
    $$$$$: 5803-block  3
call    9 never executed
    $$$$$: 5803-block  4
    $$$$$: 5803-block  5
call   10 never executed
    $$$$$: 5803-block  6
        -: 5804:#elif GTEST_OS_LINUX_ANDROID
        -: 5805:  return "/sdcard/";
        -: 5806:#else
        -: 5807:  return "/tmp/";
        -: 5808:#endif  // GTEST_OS_WINDOWS_MOBILE
        -: 5809:}
        -: 5810:
        -: 5811:// Class ScopedTrace
        -: 5812:
        -: 5813:// Pushes the given source file location and message onto a per-thread
        -: 5814:// trace stack maintained by Google Test.
function _ZN7testing11ScopedTrace9PushTraceEPKciNSt7__cxx1112basic_stringIcSt11char_traitsIcESaIcEEE called 0 returned 0% blocks executed 0%
    #####: 5815:void ScopedTrace::PushTrace(const char* file, int line, std::string message) {
    #####: 5816:  internal::TraceInfo trace;
    %%%%%: 5816-block  0
call    0 never executed
    #####: 5817:  trace.file = file;
    #####: 5818:  trace.line = line;
    #####: 5819:  trace.message.swap(message);
call    0 never executed
        -: 5820:
    #####: 5821:  UnitTest::GetInstance()->PushGTestTrace(trace);
call    0 never executed
branch  1 never executed
branch  2 never executed
    %%%%%: 5821-block  0
call    3 never executed
branch  4 never executed
branch  5 never executed
    #####: 5822:}
    %%%%%: 5822-block  0
call    0 never executed
    $$$$$: 5822-block  1
call    1 never executed
        -: 5823:
        -: 5824:// Pops the info pushed by the c'tor.
function _ZN7testing11ScopedTraceD2Ev called 0 returned 0% blocks executed 0%
    #####: 5825:ScopedTrace::~ScopedTrace()
        -: 5826:    GTEST_LOCK_EXCLUDED_(&UnitTest::mutex_) {
    #####: 5827:  UnitTest::GetInstance()->PopGTestTrace();
    %%%%%: 5827-block  0
call    0 never executed
call    1 never executed
    #####: 5828:}
        -: 5829:
        -: 5830:}  // namespace testing
