        -:    0:Source:C:/Users/stefa/CLionProjects/Gestore-Note/test/ImportantCollectionTest.cpp
        -:    0:Graph:C:\Users\stefa\CLionProjects\Gestore-Note\cmake-build-debug-coverage\test\CMakeFiles\runTests.dir\ImportantCollectionTest.cpp.gcno
        -:    0:Data:C:\Users\stefa\CLionProjects\Gestore-Note\cmake-build-debug-coverage\test\CMakeFiles\runTests.dir\ImportantCollectionTest.cpp.gcda
        -:    0:Runs:1
        -:    1:#include "gtest/gtest.h"
        -:    2:#include "../ImportantCollection.h"
        -:    3:
        2:    4:TEST(ImportantCollection, checkAddRemove){
        2:    5:    Nota nota("testTitle", "testText");
        1:    6:    ImportantCollection* importantCollection = ImportantCollection::getInstance();
        1:    7:    importantCollection->addNote(nota);
       1*:    8:    EXPECT_TRUE(nota.isImportant());
        1:    9:    importantCollection->removeNote(nota);
       1*:   10:    EXPECT_FALSE(nota.isImportant());
        1:   11:}
------------------
_ZN39ImportantCollection_checkAddRemove_Test8TestBodyEv:
function _ZN39ImportantCollection_checkAddRemove_Test8TestBodyEv called 1 returned 100% blocks executed 29%
        1:    4:TEST(ImportantCollection, checkAddRemove){
        2:    5:    Nota nota("testTitle", "testText");
        1:    5-block  0
call    0 returned 1
call    1 returned 1
branch  2 taken 1 (fallthrough)
branch  3 taken 0 (throw)
        1:    5-block  1
call    4 returned 1
call    5 returned 1
branch  6 taken 1 (fallthrough)
branch  7 taken 0 (throw)
        1:    5-block  2
call    8 returned 1
branch  9 taken 1 (fallthrough)
branch 10 taken 0 (throw)
call   11 returned 1
call   12 returned 1
call   13 returned 1
    $$$$$:    5-block  3
    $$$$$:    5-block  4
    $$$$$:    5-block  5
    $$$$$:    5-block  6
        1:    6:    ImportantCollection* importantCollection = ImportantCollection::getInstance();
call    0 returned 1
branch  1 taken 1 (fallthrough)
branch  2 taken 0 (throw)
        1:    7:    importantCollection->addNote(nota);
        1:    7-block  0
call    0 returned 1
branch  1 taken 1 (fallthrough)
branch  2 taken 0 (throw)
       1*:    8:    EXPECT_TRUE(nota.isImportant());
        1:    8-block  0
call    0 returned 1
branch  1 taken 1 (fallthrough)
branch  2 taken 0 (throw)
        1:    8-block  1
call    3 returned 1
branch  4 taken 1 (fallthrough)
branch  5 taken 0 (throw)
        1:    8-block  2
call    6 returned 1
branch  7 taken 0 (fallthrough)
branch  8 taken 1
    %%%%%:    8-block  3
call    9 never executed
branch 10 never executed
branch 11 never executed
    %%%%%:    8-block  4
call   12 never executed
branch 13 never executed
branch 14 never executed
    %%%%%:    8-block  5
call   15 never executed
call   16 never executed
branch 17 never executed
branch 18 never executed
    %%%%%:    8-block  6
call   19 never executed
branch 20 never executed
branch 21 never executed
    %%%%%:    8-block  7
call   22 never executed
call   23 never executed
call   24 never executed
        1:    8-block  8
call   25 returned 1
    $$$$$:    8-block  9
    $$$$$:    8-block 10
call   26 never executed
    $$$$$:    8-block 11
    $$$$$:    8-block 12
call   27 never executed
    $$$$$:    8-block 13
    $$$$$:    8-block 14
call   28 never executed
    $$$$$:    8-block 15
    $$$$$:    8-block 16
call   29 never executed
        1:    9:    importantCollection->removeNote(nota);
call    0 returned 1
branch  1 taken 1 (fallthrough)
branch  2 taken 0 (throw)
       1*:   10:    EXPECT_FALSE(nota.isImportant());
        1:   10-block  0
call    0 returned 1
branch  1 taken 1 (fallthrough)
branch  2 taken 0 (throw)
        1:   10-block  1
call    3 returned 1
branch  4 taken 1 (fallthrough)
branch  5 taken 0 (throw)
        1:   10-block  2
call    6 returned 1
branch  7 taken 0 (fallthrough)
branch  8 taken 1
    %%%%%:   10-block  3
call    9 never executed
branch 10 never executed
branch 11 never executed
    %%%%%:   10-block  4
call   12 never executed
branch 13 never executed
branch 14 never executed
    %%%%%:   10-block  5
call   15 never executed
call   16 never executed
branch 17 never executed
branch 18 never executed
    %%%%%:   10-block  6
call   19 never executed
branch 20 never executed
branch 21 never executed
    %%%%%:   10-block  7
call   22 never executed
call   23 never executed
call   24 never executed
        1:   10-block  8
call   25 returned 1
    $$$$$:   10-block  9
    $$$$$:   10-block 10
call   26 never executed
    $$$$$:   10-block 11
    $$$$$:   10-block 12
call   27 never executed
    $$$$$:   10-block 13
    $$$$$:   10-block 14
call   28 never executed
    $$$$$:   10-block 15
    $$$$$:   10-block 16
call   29 never executed
        1:   11:}
call    0 returned 1
    $$$$$:   11-block  0
call    1 never executed
------------------
_ZN39ImportantCollection_checkAddRemove_TestC1Ev:
function _ZN39ImportantCollection_checkAddRemove_TestC1Ev called 1 returned 100% blocks executed 100%
        1:    4:TEST(ImportantCollection, checkAddRemove){
        1:    4-block  0
call    0 returned 1
------------------
        -:   12:
        2:   13:TEST(ImportantCollection, checkSingleton){
        1:   14:    ImportantCollection* importantCollection = ImportantCollection::getInstance();
        1:   15:    ImportantCollection* importantCollection2 = ImportantCollection::getInstance();
       1*:   16:    EXPECT_EQ(importantCollection, importantCollection2);
        1:   17:}
------------------
_ZN39ImportantCollection_checkSingleton_Test8TestBodyEv:
function _ZN39ImportantCollection_checkSingleton_Test8TestBodyEv called 1 returned 100% blocks executed 33%
        1:   13:TEST(ImportantCollection, checkSingleton){
        1:   14:    ImportantCollection* importantCollection = ImportantCollection::getInstance();
        1:   14-block  0
call    0 returned 1
branch  1 taken 1 (fallthrough)
branch  2 taken 0 (throw)
        1:   15:    ImportantCollection* importantCollection2 = ImportantCollection::getInstance();
        1:   15-block  0
call    0 returned 1
branch  1 taken 1 (fallthrough)
branch  2 taken 0 (throw)
       1*:   16:    EXPECT_EQ(importantCollection, importantCollection2);
        1:   16-block  0
call    0 returned 1
branch  1 taken 1 (fallthrough)
branch  2 taken 0 (throw)
        1:   16-block  1
call    3 returned 1
branch  4 taken 0 (fallthrough)
branch  5 taken 1
    %%%%%:   16-block  2
call    6 never executed
branch  7 never executed
branch  8 never executed
    %%%%%:   16-block  3
call    9 never executed
branch 10 never executed
branch 11 never executed
    %%%%%:   16-block  4
call   12 never executed
branch 13 never executed
branch 14 never executed
    %%%%%:   16-block  5
call   15 never executed
branch 16 never executed
branch 17 never executed
    %%%%%:   16-block  6
call   18 never executed
call   19 never executed
        1:   16-block  7
call   20 returned 1
    $$$$$:   16-block  8
call   21 never executed
    $$$$$:   16-block  9
    $$$$$:   16-block 10
call   22 never executed
    $$$$$:   16-block 11
    $$$$$:   16-block 12
call   23 never executed
        1:   17:}
------------------
_ZN39ImportantCollection_checkSingleton_TestC1Ev:
function _ZN39ImportantCollection_checkSingleton_TestC1Ev called 1 returned 100% blocks executed 100%
        1:   13:TEST(ImportantCollection, checkSingleton){
        1:   13-block  0
call    0 returned 1
------------------
