        -:    0:Source:C:/Users/stefa/CLionProjects/Gestore-Note/Nota.cpp
        -:    0:Graph:C:\Users\stefa\CLionProjects\Gestore-Note\cmake-build-debug-coverage\CMakeFiles\core.dir\Nota.cpp.gcno
        -:    0:Data:C:\Users\stefa\CLionProjects\Gestore-Note\cmake-build-debug-coverage\CMakeFiles\core.dir\Nota.cpp.gcda
        -:    0:Runs:1
        -:    1://
        -:    2:// Created by Stefano  Magnolfi on 08/08/2023.
        -:    3://
        -:    4:
        -:    5:#include "Nota.h"
        -:    6:#include "Collection.h"
        -:    7:
function _ZNK4Nota8getTitleB5cxx11Ev called 8 returned 100% blocks executed 100%
        8:    8:const std::string &Nota::getTitle() const {
        8:    9:    return title;
        8:    9-block  0
        -:   10:}
function _ZN4Nota8setTitleERKNSt7__cxx1112basic_stringIcSt11char_traitsIcESaIcEEE called 2 returned 100% blocks executed 100%
        2:   11:void Nota::setTitle(const std::string &newTitle) {
        2:   12:    if(!blocked){
        2:   12-block  0
branch  0 taken 1 (fallthrough)
branch  1 taken 1
        1:   13:        Nota::title = newTitle;
        1:   13-block  0
call    0 returned 1
        -:   14:    }
        2:   15:}
function _ZNK4Nota7getTextB5cxx11Ev called 6 returned 100% blocks executed 100%
        6:   16:const std::string &Nota::getText() const {
        6:   17:    return text;
        6:   17-block  0
        -:   18:}
function _ZN4Nota7setTextERKNSt7__cxx1112basic_stringIcSt11char_traitsIcESaIcEEE called 2 returned 100% blocks executed 100%
        2:   19:void Nota::setText(const std::string &newText) {
        2:   20:    if(!blocked){
        2:   20-block  0
branch  0 taken 1 (fallthrough)
branch  1 taken 1
        1:   21:        Nota::text = newText;
        1:   21-block  0
call    0 returned 1
        -:   22:    }
        2:   23:}
function _ZNK4Nota10isBelongedEv called 4 returned 100% blocks executed 100%
        4:   24:bool Nota::isBelonged() const {
        4:   25:    return belongToCollection;
        4:   25-block  0
        -:   26:}
function _ZN4Nota9setBelongEv called 1 returned 100% blocks executed 100%
        1:   27:void Nota::setBelong() {
        1:   28:    belongToCollection = true;
        1:   29:}
function _ZN4Nota12setNotBelongEv called 1 returned 100% blocks executed 100%
        1:   30:void Nota::setNotBelong() {
        1:   31:    belongToCollection = false;
        1:   32:}
function _ZN4Nota5blockEv called 1 returned 100% blocks executed 100%
        1:   33:void Nota::block(){
        1:   34:    blocked = true;
        1:   35:}
function _ZN4Nota7unblockEv called 0 returned 0% blocks executed 0%
    #####:   36:void Nota::unblock(){
    #####:   37:    blocked = false;
    #####:   38:}
function _ZNK4Nota9isBlockedEv called 8 returned 100% blocks executed 100%
        8:   39:bool Nota::isBlocked() const {
        8:   40:    return blocked;
        8:   40-block  0
        -:   41:}
        -:   42:
function _ZNK4Nota11isImportantEv called 3 returned 100% blocks executed 100%
        3:   43:bool Nota::isImportant() const {
        3:   44:    return important;
        3:   44-block  0
        -:   45:}
        -:   46:
function _ZN4Nota12setImportantEv called 1 returned 100% blocks executed 100%
        1:   47:void Nota::setImportant() {
        1:   48:    important = true;
        1:   49:}
        -:   50:
function _ZN4Nota15setNotImportantEv called 1 returned 100% blocks executed 100%
        1:   51:void Nota::setNotImportant() {
        1:   52:    important = false;
        1:   53:}
function _ZN4Nota6modifyERKNSt7__cxx1112basic_stringIcSt11char_traitsIcESaIcEEES7_b called 2 returned 100% blocks executed 100%
        2:   54:void Nota::modify(const std::string& ti, const std::string& te, bool b){
        2:   55:    if(!blocked){
        2:   55-block  0
branch  0 taken 1 (fallthrough)
branch  1 taken 1
        1:   56:        title = ti;
        1:   56-block  0
call    0 returned 1
        1:   57:        text = te;
call    0 returned 1
        1:   58:        blocked = b;
        -:   59:    }
        2:   60:}
function _ZNK4NotaeqERKS_ called 2 returned 100% blocks executed 100%
        2:   61:bool Nota::operator==(const Nota& nota) const{
        2:   62:    return title==nota.title;
        2:   62-block  0
call    0 returned 2
        -:   63:}
