        -:    0:Source:C:/Users/stefa/CLionProjects/Gestore-Note/test/lib/googletest/include/gtest/gtest.h
        -:    0:Graph:C:\Users\stefa\CLionProjects\Gestore-Note\cmake-build-debug-coverage\test\CMakeFiles\runTests.dir\runAllTests.cpp.gcno
        -:    0:Data:C:\Users\stefa\CLionProjects\Gestore-Note\cmake-build-debug-coverage\test\CMakeFiles\runTests.dir\runAllTests.cpp.gcda
        -:    0:Runs:1
        -:    1:// Copyright 2005, Google Inc.
        -:    2:// All rights reserved.
        -:    3://
        -:    4:// Redistribution and use in source and binary forms, with or without
        -:    5:// modification, are permitted provided that the following conditions are
        -:    6:// met:
        -:    7://
        -:    8://     * Redistributions of source code must retain the above copyright
        -:    9:// notice, this list of conditions and the following disclaimer.
        -:   10://     * Redistributions in binary form must reproduce the above
        -:   11:// copyright notice, this list of conditions and the following disclaimer
        -:   12:// in the documentation and/or other materials provided with the
        -:   13:// distribution.
        -:   14://     * Neither the name of Google Inc. nor the names of its
        -:   15:// contributors may be used to endorse or promote products derived from
        -:   16:// this software without specific prior written permission.
        -:   17://
        -:   18:// THIS SOFTWARE IS PROVIDED BY THE COPYRIGHT HOLDERS AND CONTRIBUTORS
        -:   19:// "AS IS" AND ANY EXPRESS OR IMPLIED WARRANTIES, INCLUDING, BUT NOT
        -:   20:// LIMITED TO, THE IMPLIED WARRANTIES OF MERCHANTABILITY AND FITNESS FOR
        -:   21:// A PARTICULAR PURPOSE ARE DISCLAIMED. IN NO EVENT SHALL THE COPYRIGHT
        -:   22:// OWNER OR CONTRIBUTORS BE LIABLE FOR ANY DIRECT, INDIRECT, INCIDENTAL,
        -:   23:// SPECIAL, EXEMPLARY, OR CONSEQUENTIAL DAMAGES (INCLUDING, BUT NOT
        -:   24:// LIMITED TO, PROCUREMENT OF SUBSTITUTE GOODS OR SERVICES; LOSS OF USE,
        -:   25:// DATA, OR PROFITS; OR BUSINESS INTERRUPTION) HOWEVER CAUSED AND ON ANY
        -:   26:// THEORY OF LIABILITY, WHETHER IN CONTRACT, STRICT LIABILITY, OR TORT
        -:   27:// (INCLUDING NEGLIGENCE OR OTHERWISE) ARISING IN ANY WAY OUT OF THE USE
        -:   28:// OF THIS SOFTWARE, EVEN IF ADVISED OF THE POSSIBILITY OF SUCH DAMAGE.
        -:   29://
        -:   30:// Author: wan@google.com (Zhanyong Wan)
        -:   31://
        -:   32:// The Google C++ Testing Framework (Google Test)
        -:   33://
        -:   34:// This header file defines the public API for Google Test.  It should be
        -:   35:// included by any test program that uses Google Test.
        -:   36://
        -:   37:// IMPORTANT NOTE: Due to limitation of the C++ language, we have to
        -:   38:// leave some internal implementation details in this header file.
        -:   39:// They are clearly marked by comments like this:
        -:   40://
        -:   41://   // INTERNAL IMPLEMENTATION - DO NOT USE IN A USER PROGRAM.
        -:   42://
        -:   43:// Such code is NOT meant to be used by a user directly, and is subject
        -:   44:// to CHANGE WITHOUT NOTICE.  Therefore DO NOT DEPEND ON IT in a user
        -:   45:// program!
        -:   46://
        -:   47:// Acknowledgment: Google Test borrowed the idea of automatic test
        -:   48:// registration from Barthelemy Dagenais' (barthelemy@prologique.com)
        -:   49:// easyUnit framework.
        -:   50:
        -:   51:#ifndef GTEST_INCLUDE_GTEST_GTEST_H_
        -:   52:#define GTEST_INCLUDE_GTEST_GTEST_H_
        -:   53:
        -:   54:#include <limits>
        -:   55:#include <ostream>
        -:   56:#include <vector>
        -:   57:
        -:   58:#include "gtest/internal/gtest-internal.h"
        -:   59:#include "gtest/internal/gtest-string.h"
        -:   60:#include "gtest/gtest-death-test.h"
        -:   61:#include "gtest/gtest-message.h"
        -:   62:#include "gtest/gtest-param-test.h"
        -:   63:#include "gtest/gtest-printers.h"
        -:   64:#include "gtest/gtest_prod.h"
        -:   65:#include "gtest/gtest-test-part.h"
        -:   66:#include "gtest/gtest-typed-test.h"
        -:   67:
        -:   68:// Depending on the platform, different string classes are available.
        -:   69:// On Linux, in addition to ::std::string, Google also makes use of
        -:   70:// class ::string, which has the same interface as ::std::string, but
        -:   71:// has a different implementation.
        -:   72://
        -:   73:// You can define GTEST_HAS_GLOBAL_STRING to 1 to indicate that
        -:   74:// ::string is available AND is a distinct type to ::std::string, or
        -:   75:// define it to 0 to indicate otherwise.
        -:   76://
        -:   77:// If ::std::string and ::string are the same class on your platform
        -:   78:// due to aliasing, you should define GTEST_HAS_GLOBAL_STRING to 0.
        -:   79://
        -:   80:// If you do not define GTEST_HAS_GLOBAL_STRING, it is defined
        -:   81:// heuristically.
        -:   82:
        -:   83:namespace testing {
        -:   84:
        -:   85:// Declares the flags.
        -:   86:
        -:   87:// This flag temporary enables the disabled tests.
        -:   88:GTEST_DECLARE_bool_(also_run_disabled_tests);
        -:   89:
        -:   90:// This flag brings the debugger on an assertion failure.
        -:   91:GTEST_DECLARE_bool_(break_on_failure);
        -:   92:
        -:   93:// This flag controls whether Google Test catches all test-thrown exceptions
        -:   94:// and logs them as failures.
        -:   95:GTEST_DECLARE_bool_(catch_exceptions);
        -:   96:
        -:   97:// This flag enables using colors in terminal output. Available values are
        -:   98:// "yes" to enable colors, "no" (disable colors), or "auto" (the default)
        -:   99:// to let Google Test decide.
        -:  100:GTEST_DECLARE_string_(color);
        -:  101:
        -:  102:// This flag sets up the filter to select by name using a glob pattern
        -:  103:// the tests to run. If the filter is not given all tests are executed.
        -:  104:GTEST_DECLARE_string_(filter);
        -:  105:
        -:  106:// This flag causes the Google Test to list tests. None of the tests listed
        -:  107:// are actually run if the flag is provided.
        -:  108:GTEST_DECLARE_bool_(list_tests);
        -:  109:
        -:  110:// This flag controls whether Google Test emits a detailed XML report to a file
        -:  111:// in addition to its normal textual output.
        -:  112:GTEST_DECLARE_string_(output);
        -:  113:
        -:  114:// This flags control whether Google Test prints the elapsed time for each
        -:  115:// test.
        -:  116:GTEST_DECLARE_bool_(print_time);
        -:  117:
        -:  118:// This flags control whether Google Test prints UTF8 characters as text.
        -:  119:GTEST_DECLARE_bool_(print_utf8);
        -:  120:
        -:  121:// This flag specifies the random number seed.
        -:  122:GTEST_DECLARE_int32_(random_seed);
        -:  123:
        -:  124:// This flag sets how many times the tests are repeated. The default value
        -:  125:// is 1. If the value is -1 the tests are repeating forever.
        -:  126:GTEST_DECLARE_int32_(repeat);
        -:  127:
        -:  128:// This flag controls whether Google Test includes Google Test internal
        -:  129:// stack frames in failure stack traces.
        -:  130:GTEST_DECLARE_bool_(show_internal_stack_frames);
        -:  131:
        -:  132:// When this flag is specified, tests' order is randomized on every iteration.
        -:  133:GTEST_DECLARE_bool_(shuffle);
        -:  134:
        -:  135:// This flag specifies the maximum number of stack frames to be
        -:  136:// printed in a failure message.
        -:  137:GTEST_DECLARE_int32_(stack_trace_depth);
        -:  138:
        -:  139:// When this flag is specified, a failed assertion will throw an
        -:  140:// exception if exceptions are enabled, or exit the program with a
        -:  141:// non-zero code otherwise. For use with an external test framework.
        -:  142:GTEST_DECLARE_bool_(throw_on_failure);
        -:  143:
        -:  144:// When this flag is set with a "host:port" string, on supported
        -:  145:// platforms test results are streamed to the specified port on
        -:  146:// the specified host machine.
        -:  147:GTEST_DECLARE_string_(stream_result_to);
        -:  148:
        -:  149:// The upper limit for valid stack trace depths.
        -:  150:const int kMaxStackTraceDepth = 100;
        -:  151:
        -:  152:namespace internal {
        -:  153:
        -:  154:class AssertHelper;
        -:  155:class DefaultGlobalTestPartResultReporter;
        -:  156:class ExecDeathTest;
        -:  157:class NoExecDeathTest;
        -:  158:class FinalSuccessChecker;
        -:  159:class GTestFlagSaver;
        -:  160:class StreamingListenerTest;
        -:  161:class TestResultAccessor;
        -:  162:class TestEventListenersAccessor;
        -:  163:class TestEventRepeater;
        -:  164:class UnitTestRecordPropertyTestHelper;
        -:  165:class WindowsDeathTest;
        -:  166:class UnitTestImpl* GetUnitTestImpl();
        -:  167:void ReportFailureInUnknownLocation(TestPartResult::Type result_type,
        -:  168:                                    const std::string& message);
        -:  169:
        -:  170:}  // namespace internal
        -:  171:
        -:  172:// The friend relationship of some of these classes is cyclic.
        -:  173:// If we don't forward declare them the compiler might confuse the classes
        -:  174:// in friendship clauses with same named classes on the scope.
        -:  175:class Test;
        -:  176:class TestCase;
        -:  177:class TestInfo;
        -:  178:class UnitTest;
        -:  179:
        -:  180:// A class for indicating whether an assertion was successful.  When
        -:  181:// the assertion wasn't successful, the AssertionResult object
        -:  182:// remembers a non-empty message that describes how it failed.
        -:  183://
        -:  184:// To create an instance of this class, use one of the factory functions
        -:  185:// (AssertionSuccess() and AssertionFailure()).
        -:  186://
        -:  187:// This class is useful for two purposes:
        -:  188://   1. Defining predicate functions to be used with Boolean test assertions
        -:  189://      EXPECT_TRUE/EXPECT_FALSE and their ASSERT_ counterparts
        -:  190://   2. Defining predicate-format functions to be
        -:  191://      used with predicate assertions (ASSERT_PRED_FORMAT*, etc).
        -:  192://
        -:  193:// For example, if you define IsEven predicate:
        -:  194://
        -:  195://   testing::AssertionResult IsEven(int n) {
        -:  196://     if ((n % 2) == 0)
        -:  197://       return testing::AssertionSuccess();
        -:  198://     else
        -:  199://       return testing::AssertionFailure() << n << " is odd";
        -:  200://   }
        -:  201://
        -:  202:// Then the failed expectation EXPECT_TRUE(IsEven(Fib(5)))
        -:  203:// will print the message
        -:  204://
        -:  205://   Value of: IsEven(Fib(5))
        -:  206://     Actual: false (5 is odd)
        -:  207://   Expected: true
        -:  208://
        -:  209:// instead of a more opaque
        -:  210://
        -:  211://   Value of: IsEven(Fib(5))
        -:  212://     Actual: false
        -:  213://   Expected: true
        -:  214://
        -:  215:// in case IsEven is a simple Boolean predicate.
        -:  216://
        -:  217:// If you expect your predicate to be reused and want to support informative
        -:  218:// messages in EXPECT_FALSE and ASSERT_FALSE (negative assertions show up
        -:  219:// about half as often as positive ones in our tests), supply messages for
        -:  220:// both success and failure cases:
        -:  221://
        -:  222://   testing::AssertionResult IsEven(int n) {
        -:  223://     if ((n % 2) == 0)
        -:  224://       return testing::AssertionSuccess() << n << " is even";
        -:  225://     else
        -:  226://       return testing::AssertionFailure() << n << " is odd";
        -:  227://   }
        -:  228://
        -:  229:// Then a statement EXPECT_FALSE(IsEven(Fib(6))) will print
        -:  230://
        -:  231://   Value of: IsEven(Fib(6))
        -:  232://     Actual: true (8 is even)
        -:  233://   Expected: false
        -:  234://
        -:  235:// NB: Predicates that support negative Boolean assertions have reduced
        -:  236:// performance in positive ones so be careful not to use them in tests
        -:  237:// that have lots (tens of thousands) of positive Boolean assertions.
        -:  238://
        -:  239:// To use this class with EXPECT_PRED_FORMAT assertions such as:
        -:  240://
        -:  241://   // Verifies that Foo() returns an even number.
        -:  242://   EXPECT_PRED_FORMAT1(IsEven, Foo());
        -:  243://
        -:  244:// you need to define:
        -:  245://
        -:  246://   testing::AssertionResult IsEven(const char* expr, int n) {
        -:  247://     if ((n % 2) == 0)
        -:  248://       return testing::AssertionSuccess();
        -:  249://     else
        -:  250://       return testing::AssertionFailure()
        -:  251://         << "Expected: " << expr << " is even\n  Actual: it's " << n;
        -:  252://   }
        -:  253://
        -:  254:// If Foo() returns 5, you will see the following message:
        -:  255://
        -:  256://   Expected: Foo() is even
        -:  257://     Actual: it's 5
        -:  258://
        -:  259:class GTEST_API_ AssertionResult {
        -:  260: public:
        -:  261:  // Copy constructor.
        -:  262:  // Used in EXPECT_TRUE/FALSE(assertion_result).
        -:  263:  AssertionResult(const AssertionResult& other);
        -:  264:
        -:  265:#if defined(_MSC_VER) && _MSC_VER < 1910
        -:  266:  GTEST_DISABLE_MSC_WARNINGS_PUSH_(4800 /* forcing value to bool */)
        -:  267:#endif
        -:  268:
        -:  269:  // Used in the EXPECT_TRUE/FALSE(bool_expression).
        -:  270:  //
        -:  271:  // T must be contextually convertible to bool.
        -:  272:  //
        -:  273:  // The second parameter prevents this overload from being considered if
        -:  274:  // the argument is implicitly convertible to AssertionResult. In that case
        -:  275:  // we want AssertionResult's copy constructor to be used.
        -:  276:  template <typename T>
        -:  277:  explicit AssertionResult(
        -:  278:      const T& success,
        -:  279:      typename internal::EnableIf<
        -:  280:          !internal::ImplicitlyConvertible<T, AssertionResult>::value>::type*
        -:  281:          /*enabler*/ = NULL)
        -:  282:      : success_(success) {}
        -:  283:
        -:  284:#if defined(_MSC_VER) && _MSC_VER < 1910
        -:  285:  GTEST_DISABLE_MSC_WARNINGS_POP_()
        -:  286:#endif
        -:  287:
        -:  288:  // Assignment operator.
        -:  289:  AssertionResult& operator=(AssertionResult other) {
        -:  290:    swap(other);
        -:  291:    return *this;
        -:  292:  }
        -:  293:
        -:  294:  // Returns true iff the assertion succeeded.
        -:  295:  operator bool() const { return success_; }  // NOLINT
        -:  296:
        -:  297:  // Returns the assertion's negation. Used with EXPECT/ASSERT_FALSE.
        -:  298:  AssertionResult operator!() const;
        -:  299:
        -:  300:  // Returns the text streamed into this AssertionResult. Test assertions
        -:  301:  // use it when they fail (i.e., the predicate's outcome doesn't match the
        -:  302:  // assertion's expectation). When nothing has been streamed into the
        -:  303:  // object, returns an empty string.
        -:  304:  const char* message() const {
        -:  305:    return message_.get() != NULL ?  message_->c_str() : "";
        -:  306:  }
        -:  307:  // TODO(vladl@google.com): Remove this after making sure no clients use it.
        -:  308:  // Deprecated; please use message() instead.
        -:  309:  const char* failure_message() const { return message(); }
        -:  310:
        -:  311:  // Streams a custom failure message into this object.
        -:  312:  template <typename T> AssertionResult& operator<<(const T& value) {
        -:  313:    AppendMessage(Message() << value);
        -:  314:    return *this;
        -:  315:  }
        -:  316:
        -:  317:  // Allows streaming basic output manipulators such as endl or flush into
        -:  318:  // this object.
        -:  319:  AssertionResult& operator<<(
        -:  320:      ::std::ostream& (*basic_manipulator)(::std::ostream& stream)) {
        -:  321:    AppendMessage(Message() << basic_manipulator);
        -:  322:    return *this;
        -:  323:  }
        -:  324:
        -:  325: private:
        -:  326:  // Appends the contents of message to message_.
        -:  327:  void AppendMessage(const Message& a_message) {
        -:  328:    if (message_.get() == NULL)
        -:  329:      message_.reset(new ::std::string);
        -:  330:    message_->append(a_message.GetString().c_str());
        -:  331:  }
        -:  332:
        -:  333:  // Swap the contents of this AssertionResult with other.
        -:  334:  void swap(AssertionResult& other);
        -:  335:
        -:  336:  // Stores result of the assertion predicate.
        -:  337:  bool success_;
        -:  338:  // Stores the message describing the condition in case the expectation
        -:  339:  // construct is not satisfied with the predicate's outcome.
        -:  340:  // Referenced via a pointer to avoid taking too much stack frame space
        -:  341:  // with test assertions.
        -:  342:  internal::scoped_ptr< ::std::string> message_;
        -:  343:};
        -:  344:
        -:  345:// Makes a successful assertion result.
        -:  346:GTEST_API_ AssertionResult AssertionSuccess();
        -:  347:
        -:  348:// Makes a failed assertion result.
        -:  349:GTEST_API_ AssertionResult AssertionFailure();
        -:  350:
        -:  351:// Makes a failed assertion result with the given failure message.
        -:  352:// Deprecated; use AssertionFailure() << msg.
        -:  353:GTEST_API_ AssertionResult AssertionFailure(const Message& msg);
        -:  354:
        -:  355:}  // namespace testing
        -:  356:
        -:  357:// Includes the auto-generated header that implements a family of generic
        -:  358:// predicate assertion macros. This include comes late because it relies on
        -:  359:// APIs declared above.
        -:  360:#include "gtest/gtest_pred_impl.h"
        -:  361:
        -:  362:namespace testing {
        -:  363:
        -:  364:// The abstract class that all tests inherit from.
        -:  365://
        -:  366:// In Google Test, a unit test program contains one or many TestCases, and
        -:  367:// each TestCase contains one or many Tests.
        -:  368://
        -:  369:// When you define a test using the TEST macro, you don't need to
        -:  370:// explicitly derive from Test - the TEST macro automatically does
        -:  371:// this for you.
        -:  372://
        -:  373:// The only time you derive from Test is when defining a test fixture
        -:  374:// to be used in a TEST_F.  For example:
        -:  375://
        -:  376://   class FooTest : public testing::Test {
        -:  377://    protected:
        -:  378://     void SetUp() override { ... }
        -:  379://     void TearDown() override { ... }
        -:  380://     ...
        -:  381://   };
        -:  382://
        -:  383://   TEST_F(FooTest, Bar) { ... }
        -:  384://   TEST_F(FooTest, Baz) { ... }
        -:  385://
        -:  386:// Test is not copyable.
        -:  387:class GTEST_API_ Test {
        -:  388: public:
        -:  389:  friend class TestInfo;
        -:  390:
        -:  391:  // Defines types for pointers to functions that set up and tear down
        -:  392:  // a test case.
        -:  393:  typedef internal::SetUpTestCaseFunc SetUpTestCaseFunc;
        -:  394:  typedef internal::TearDownTestCaseFunc TearDownTestCaseFunc;
        -:  395:
        -:  396:  // The d'tor is virtual as we intend to inherit from Test.
        -:  397:  virtual ~Test();
        -:  398:
        -:  399:  // Sets up the stuff shared by all tests in this test case.
        -:  400:  //
        -:  401:  // Google Test will call Foo::SetUpTestCase() before running the first
        -:  402:  // test in test case Foo.  Hence a sub-class can define its own
        -:  403:  // SetUpTestCase() method to shadow the one defined in the super
        -:  404:  // class.
        -:  405:  static void SetUpTestCase() {}
        -:  406:
        -:  407:  // Tears down the stuff shared by all tests in this test case.
        -:  408:  //
        -:  409:  // Google Test will call Foo::TearDownTestCase() after running the last
        -:  410:  // test in test case Foo.  Hence a sub-class can define its own
        -:  411:  // TearDownTestCase() method to shadow the one defined in the super
        -:  412:  // class.
        -:  413:  static void TearDownTestCase() {}
        -:  414:
        -:  415:  // Returns true iff the current test has a fatal failure.
        -:  416:  static bool HasFatalFailure();
        -:  417:
        -:  418:  // Returns true iff the current test has a non-fatal failure.
        -:  419:  static bool HasNonfatalFailure();
        -:  420:
        -:  421:  // Returns true iff the current test has a (either fatal or
        -:  422:  // non-fatal) failure.
        -:  423:  static bool HasFailure() { return HasFatalFailure() || HasNonfatalFailure(); }
        -:  424:
        -:  425:  // Logs a property for the current test, test case, or for the entire
        -:  426:  // invocation of the test program when used outside of the context of a
        -:  427:  // test case.  Only the last value for a given key is remembered.  These
        -:  428:  // are public static so they can be called from utility functions that are
        -:  429:  // not members of the test fixture.  Calls to RecordProperty made during
        -:  430:  // lifespan of the test (from the moment its constructor starts to the
        -:  431:  // moment its destructor finishes) will be output in XML as attributes of
        -:  432:  // the <testcase> element.  Properties recorded from fixture's
        -:  433:  // SetUpTestCase or TearDownTestCase are logged as attributes of the
        -:  434:  // corresponding <testsuite> element.  Calls to RecordProperty made in the
        -:  435:  // global context (before or after invocation of RUN_ALL_TESTS and from
        -:  436:  // SetUp/TearDown method of Environment objects registered with Google
        -:  437:  // Test) will be output as attributes of the <testsuites> element.
        -:  438:  static void RecordProperty(const std::string& key, const std::string& value);
        -:  439:  static void RecordProperty(const std::string& key, int value);
        -:  440:
        -:  441: protected:
        -:  442:  // Creates a Test object.
        -:  443:  Test();
        -:  444:
        -:  445:  // Sets up the test fixture.
        -:  446:  virtual void SetUp();
        -:  447:
        -:  448:  // Tears down the test fixture.
        -:  449:  virtual void TearDown();
        -:  450:
        -:  451: private:
        -:  452:  // Returns true iff the current test has the same fixture class as
        -:  453:  // the first test in the current test case.
        -:  454:  static bool HasSameFixtureClass();
        -:  455:
        -:  456:  // Runs the test after the test fixture has been set up.
        -:  457:  //
        -:  458:  // A sub-class must implement this to define the test logic.
        -:  459:  //
        -:  460:  // DO NOT OVERRIDE THIS FUNCTION DIRECTLY IN A USER PROGRAM.
        -:  461:  // Instead, use the TEST or TEST_F macro.
        -:  462:  virtual void TestBody() = 0;
        -:  463:
        -:  464:  // Sets up, executes, and tears down the test.
        -:  465:  void Run();
        -:  466:
        -:  467:  // Deletes self.  We deliberately pick an unusual name for this
        -:  468:  // internal method to avoid clashing with names used in user TESTs.
        -:  469:  void DeleteSelf_() { delete this; }
        -:  470:
        -:  471:  const internal::scoped_ptr< GTEST_FLAG_SAVER_ > gtest_flag_saver_;
        -:  472:
        -:  473:  // Often a user misspells SetUp() as Setup() and spends a long time
        -:  474:  // wondering why it is never called by Google Test.  The declaration of
        -:  475:  // the following method is solely for catching such an error at
        -:  476:  // compile time:
        -:  477:  //
        -:  478:  //   - The return type is deliberately chosen to be not void, so it
        -:  479:  //   will be a conflict if void Setup() is declared in the user's
        -:  480:  //   test fixture.
        -:  481:  //
        -:  482:  //   - This method is private, so it will be another compiler error
        -:  483:  //   if the method is called from the user's test fixture.
        -:  484:  //
        -:  485:  // DO NOT OVERRIDE THIS FUNCTION.
        -:  486:  //
        -:  487:  // If you see an error about overriding the following function or
        -:  488:  // about it being private, you have mis-spelled SetUp() as Setup().
        -:  489:  struct Setup_should_be_spelled_SetUp {};
        -:  490:  virtual Setup_should_be_spelled_SetUp* Setup() { return NULL; }
        -:  491:
        -:  492:  // We disallow copying Tests.
        -:  493:  GTEST_DISALLOW_COPY_AND_ASSIGN_(Test);
        -:  494:};
        -:  495:
        -:  496:typedef internal::TimeInMillis TimeInMillis;
        -:  497:
        -:  498:// A copyable object representing a user specified test property which can be
        -:  499:// output as a key/value string pair.
        -:  500://
        -:  501:// Don't inherit from TestProperty as its destructor is not virtual.
        -:  502:class TestProperty {
        -:  503: public:
        -:  504:  // C'tor.  TestProperty does NOT have a default constructor.
        -:  505:  // Always use this constructor (with parameters) to create a
        -:  506:  // TestProperty object.
        -:  507:  TestProperty(const std::string& a_key, const std::string& a_value) :
        -:  508:    key_(a_key), value_(a_value) {
        -:  509:  }
        -:  510:
        -:  511:  // Gets the user supplied key.
        -:  512:  const char* key() const {
        -:  513:    return key_.c_str();
        -:  514:  }
        -:  515:
        -:  516:  // Gets the user supplied value.
        -:  517:  const char* value() const {
        -:  518:    return value_.c_str();
        -:  519:  }
        -:  520:
        -:  521:  // Sets a new value, overriding the one supplied in the constructor.
        -:  522:  void SetValue(const std::string& new_value) {
        -:  523:    value_ = new_value;
        -:  524:  }
        -:  525:
        -:  526: private:
        -:  527:  // The key supplied by the user.
        -:  528:  std::string key_;
        -:  529:  // The value supplied by the user.
        -:  530:  std::string value_;
        -:  531:};
        -:  532:
        -:  533:// The result of a single Test.  This includes a list of
        -:  534:// TestPartResults, a list of TestProperties, a count of how many
        -:  535:// death tests there are in the Test, and how much time it took to run
        -:  536:// the Test.
        -:  537://
        -:  538:// TestResult is not copyable.
        -:  539:class GTEST_API_ TestResult {
        -:  540: public:
        -:  541:  // Creates an empty TestResult.
        -:  542:  TestResult();
        -:  543:
        -:  544:  // D'tor.  Do not inherit from TestResult.
        -:  545:  ~TestResult();
        -:  546:
        -:  547:  // Gets the number of all test parts.  This is the sum of the number
        -:  548:  // of successful test parts and the number of failed test parts.
        -:  549:  int total_part_count() const;
        -:  550:
        -:  551:  // Returns the number of the test properties.
        -:  552:  int test_property_count() const;
        -:  553:
        -:  554:  // Returns true iff the test passed (i.e. no test part failed).
        -:  555:  bool Passed() const { return !Failed(); }
        -:  556:
        -:  557:  // Returns true iff the test failed.
        -:  558:  bool Failed() const;
        -:  559:
        -:  560:  // Returns true iff the test fatally failed.
        -:  561:  bool HasFatalFailure() const;
        -:  562:
        -:  563:  // Returns true iff the test has a non-fatal failure.
        -:  564:  bool HasNonfatalFailure() const;
        -:  565:
        -:  566:  // Returns the elapsed time, in milliseconds.
        -:  567:  TimeInMillis elapsed_time() const { return elapsed_time_; }
        -:  568:
        -:  569:  // Returns the i-th test part result among all the results. i can range from 0
        -:  570:  // to total_part_count() - 1. If i is not in that range, aborts the program.
        -:  571:  const TestPartResult& GetTestPartResult(int i) const;
        -:  572:
        -:  573:  // Returns the i-th test property. i can range from 0 to
        -:  574:  // test_property_count() - 1. If i is not in that range, aborts the
        -:  575:  // program.
        -:  576:  const TestProperty& GetTestProperty(int i) const;
        -:  577:
        -:  578: private:
        -:  579:  friend class TestInfo;
        -:  580:  friend class TestCase;
        -:  581:  friend class UnitTest;
        -:  582:  friend class internal::DefaultGlobalTestPartResultReporter;
        -:  583:  friend class internal::ExecDeathTest;
        -:  584:  friend class internal::TestResultAccessor;
        -:  585:  friend class internal::UnitTestImpl;
        -:  586:  friend class internal::WindowsDeathTest;
        -:  587:
        -:  588:  // Gets the vector of TestPartResults.
        -:  589:  const std::vector<TestPartResult>& test_part_results() const {
        -:  590:    return test_part_results_;
        -:  591:  }
        -:  592:
        -:  593:  // Gets the vector of TestProperties.
        -:  594:  const std::vector<TestProperty>& test_properties() const {
        -:  595:    return test_properties_;
        -:  596:  }
        -:  597:
        -:  598:  // Sets the elapsed time.
        -:  599:  void set_elapsed_time(TimeInMillis elapsed) { elapsed_time_ = elapsed; }
        -:  600:
        -:  601:  // Adds a test property to the list. The property is validated and may add
        -:  602:  // a non-fatal failure if invalid (e.g., if it conflicts with reserved
        -:  603:  // key names). If a property is already recorded for the same key, the
        -:  604:  // value will be updated, rather than storing multiple values for the same
        -:  605:  // key.  xml_element specifies the element for which the property is being
        -:  606:  // recorded and is used for validation.
        -:  607:  void RecordProperty(const std::string& xml_element,
        -:  608:                      const TestProperty& test_property);
        -:  609:
        -:  610:  // Adds a failure if the key is a reserved attribute of Google Test
        -:  611:  // testcase tags.  Returns true if the property is valid.
        -:  612:  // TODO(russr): Validate attribute names are legal and human readable.
        -:  613:  static bool ValidateTestProperty(const std::string& xml_element,
        -:  614:                                   const TestProperty& test_property);
        -:  615:
        -:  616:  // Adds a test part result to the list.
        -:  617:  void AddTestPartResult(const TestPartResult& test_part_result);
        -:  618:
        -:  619:  // Returns the death test count.
        -:  620:  int death_test_count() const { return death_test_count_; }
        -:  621:
        -:  622:  // Increments the death test count, returning the new count.
        -:  623:  int increment_death_test_count() { return ++death_test_count_; }
        -:  624:
        -:  625:  // Clears the test part results.
        -:  626:  void ClearTestPartResults();
        -:  627:
        -:  628:  // Clears the object.
        -:  629:  void Clear();
        -:  630:
        -:  631:  // Protects mutable state of the property vector and of owned
        -:  632:  // properties, whose values may be updated.
        -:  633:  internal::Mutex test_properites_mutex_;
        -:  634:
        -:  635:  // The vector of TestPartResults
        -:  636:  std::vector<TestPartResult> test_part_results_;
        -:  637:  // The vector of TestProperties
        -:  638:  std::vector<TestProperty> test_properties_;
        -:  639:  // Running count of death tests.
        -:  640:  int death_test_count_;
        -:  641:  // The elapsed time, in milliseconds.
        -:  642:  TimeInMillis elapsed_time_;
        -:  643:
        -:  644:  // We disallow copying TestResult.
        -:  645:  GTEST_DISALLOW_COPY_AND_ASSIGN_(TestResult);
        -:  646:};  // class TestResult
        -:  647:
        -:  648:// A TestInfo object stores the following information about a test:
        -:  649://
        -:  650://   Test case name
        -:  651://   Test name
        -:  652://   Whether the test should be run
        -:  653://   A function pointer that creates the test object when invoked
        -:  654://   Test result
        -:  655://
        -:  656:// The constructor of TestInfo registers itself with the UnitTest
        -:  657:// singleton such that the RUN_ALL_TESTS() macro knows which tests to
        -:  658:// run.
        -:  659:class GTEST_API_ TestInfo {
        -:  660: public:
        -:  661:  // Destructs a TestInfo object.  This function is not virtual, so
        -:  662:  // don't inherit from TestInfo.
        -:  663:  ~TestInfo();
        -:  664:
        -:  665:  // Returns the test case name.
        -:  666:  const char* test_case_name() const { return test_case_name_.c_str(); }
        -:  667:
        -:  668:  // Returns the test name.
        -:  669:  const char* name() const { return name_.c_str(); }
        -:  670:
        -:  671:  // Returns the name of the parameter type, or NULL if this is not a typed
        -:  672:  // or a type-parameterized test.
        -:  673:  const char* type_param() const {
        -:  674:    if (type_param_.get() != NULL)
        -:  675:      return type_param_->c_str();
        -:  676:    return NULL;
        -:  677:  }
        -:  678:
        -:  679:  // Returns the text representation of the value parameter, or NULL if this
        -:  680:  // is not a value-parameterized test.
        -:  681:  const char* value_param() const {
        -:  682:    if (value_param_.get() != NULL)
        -:  683:      return value_param_->c_str();
        -:  684:    return NULL;
        -:  685:  }
        -:  686:
        -:  687:  // Returns the file name where this test is defined.
        -:  688:  const char* file() const { return location_.file.c_str(); }
        -:  689:
        -:  690:  // Returns the line where this test is defined.
        -:  691:  int line() const { return location_.line; }
        -:  692:
        -:  693:  // Return true if this test should not be run because it's in another shard.
        -:  694:  bool is_in_another_shard() const { return is_in_another_shard_; }
        -:  695:
        -:  696:  // Returns true if this test should run, that is if the test is not
        -:  697:  // disabled (or it is disabled but the also_run_disabled_tests flag has
        -:  698:  // been specified) and its full name matches the user-specified filter.
        -:  699:  //
        -:  700:  // Google Test allows the user to filter the tests by their full names.
        -:  701:  // The full name of a test Bar in test case Foo is defined as
        -:  702:  // "Foo.Bar".  Only the tests that match the filter will run.
        -:  703:  //
        -:  704:  // A filter is a colon-separated list of glob (not regex) patterns,
        -:  705:  // optionally followed by a '-' and a colon-separated list of
        -:  706:  // negative patterns (tests to exclude).  A test is run if it
        -:  707:  // matches one of the positive patterns and does not match any of
        -:  708:  // the negative patterns.
        -:  709:  //
        -:  710:  // For example, *A*:Foo.* is a filter that matches any string that
        -:  711:  // contains the character 'A' or starts with "Foo.".
        -:  712:  bool should_run() const { return should_run_; }
        -:  713:
        -:  714:  // Returns true iff this test will appear in the XML report.
        -:  715:  bool is_reportable() const {
        -:  716:    // The XML report includes tests matching the filter, excluding those
        -:  717:    // run in other shards.
        -:  718:    return matches_filter_ && !is_in_another_shard_;
        -:  719:  }
        -:  720:
        -:  721:  // Returns the result of the test.
        -:  722:  const TestResult* result() const { return &result_; }
        -:  723:
        -:  724: private:
        -:  725:#if GTEST_HAS_DEATH_TEST
        -:  726:  friend class internal::DefaultDeathTestFactory;
        -:  727:#endif  // GTEST_HAS_DEATH_TEST
        -:  728:  friend class Test;
        -:  729:  friend class TestCase;
        -:  730:  friend class internal::UnitTestImpl;
        -:  731:  friend class internal::StreamingListenerTest;
        -:  732:  friend TestInfo* internal::MakeAndRegisterTestInfo(
        -:  733:      const char* test_case_name,
        -:  734:      const char* name,
        -:  735:      const char* type_param,
        -:  736:      const char* value_param,
        -:  737:      internal::CodeLocation code_location,
        -:  738:      internal::TypeId fixture_class_id,
        -:  739:      Test::SetUpTestCaseFunc set_up_tc,
        -:  740:      Test::TearDownTestCaseFunc tear_down_tc,
        -:  741:      internal::TestFactoryBase* factory);
        -:  742:
        -:  743:  // Constructs a TestInfo object. The newly constructed instance assumes
        -:  744:  // ownership of the factory object.
        -:  745:  TestInfo(const std::string& test_case_name,
        -:  746:           const std::string& name,
        -:  747:           const char* a_type_param,   // NULL if not a type-parameterized test
        -:  748:           const char* a_value_param,  // NULL if not a value-parameterized test
        -:  749:           internal::CodeLocation a_code_location,
        -:  750:           internal::TypeId fixture_class_id,
        -:  751:           internal::TestFactoryBase* factory);
        -:  752:
        -:  753:  // Increments the number of death tests encountered in this test so
        -:  754:  // far.
        -:  755:  int increment_death_test_count() {
        -:  756:    return result_.increment_death_test_count();
        -:  757:  }
        -:  758:
        -:  759:  // Creates the test object, runs it, records its result, and then
        -:  760:  // deletes it.
        -:  761:  void Run();
        -:  762:
        -:  763:  static void ClearTestResult(TestInfo* test_info) {
        -:  764:    test_info->result_.Clear();
        -:  765:  }
        -:  766:
        -:  767:  // These fields are immutable properties of the test.
        -:  768:  const std::string test_case_name_;     // Test case name
        -:  769:  const std::string name_;               // Test name
        -:  770:  // Name of the parameter type, or NULL if this is not a typed or a
        -:  771:  // type-parameterized test.
        -:  772:  const internal::scoped_ptr<const ::std::string> type_param_;
        -:  773:  // Text representation of the value parameter, or NULL if this is not a
        -:  774:  // value-parameterized test.
        -:  775:  const internal::scoped_ptr<const ::std::string> value_param_;
        -:  776:  internal::CodeLocation location_;
        -:  777:  const internal::TypeId fixture_class_id_;   // ID of the test fixture class
        -:  778:  bool should_run_;                 // True iff this test should run
        -:  779:  bool is_disabled_;                // True iff this test is disabled
        -:  780:  bool matches_filter_;             // True if this test matches the
        -:  781:                                    // user-specified filter.
        -:  782:  bool is_in_another_shard_;        // Will be run in another shard.
        -:  783:  internal::TestFactoryBase* const factory_;  // The factory that creates
        -:  784:                                              // the test object
        -:  785:
        -:  786:  // This field is mutable and needs to be reset before running the
        -:  787:  // test for the second time.
        -:  788:  TestResult result_;
        -:  789:
        -:  790:  GTEST_DISALLOW_COPY_AND_ASSIGN_(TestInfo);
        -:  791:};
        -:  792:
        -:  793:// A test case, which consists of a vector of TestInfos.
        -:  794://
        -:  795:// TestCase is not copyable.
        -:  796:class GTEST_API_ TestCase {
        -:  797: public:
        -:  798:  // Creates a TestCase with the given name.
        -:  799:  //
        -:  800:  // TestCase does NOT have a default constructor.  Always use this
        -:  801:  // constructor to create a TestCase object.
        -:  802:  //
        -:  803:  // Arguments:
        -:  804:  //
        -:  805:  //   name:         name of the test case
        -:  806:  //   a_type_param: the name of the test's type parameter, or NULL if
        -:  807:  //                 this is not a type-parameterized test.
        -:  808:  //   set_up_tc:    pointer to the function that sets up the test case
        -:  809:  //   tear_down_tc: pointer to the function that tears down the test case
        -:  810:  TestCase(const char* name, const char* a_type_param,
        -:  811:           Test::SetUpTestCaseFunc set_up_tc,
        -:  812:           Test::TearDownTestCaseFunc tear_down_tc);
        -:  813:
        -:  814:  // Destructor of TestCase.
        -:  815:  virtual ~TestCase();
        -:  816:
        -:  817:  // Gets the name of the TestCase.
        -:  818:  const char* name() const { return name_.c_str(); }
        -:  819:
        -:  820:  // Returns the name of the parameter type, or NULL if this is not a
        -:  821:  // type-parameterized test case.
        -:  822:  const char* type_param() const {
        -:  823:    if (type_param_.get() != NULL)
        -:  824:      return type_param_->c_str();
        -:  825:    return NULL;
        -:  826:  }
        -:  827:
        -:  828:  // Returns true if any test in this test case should run.
        -:  829:  bool should_run() const { return should_run_; }
        -:  830:
        -:  831:  // Gets the number of successful tests in this test case.
        -:  832:  int successful_test_count() const;
        -:  833:
        -:  834:  // Gets the number of failed tests in this test case.
        -:  835:  int failed_test_count() const;
        -:  836:
        -:  837:  // Gets the number of disabled tests that will be reported in the XML report.
        -:  838:  int reportable_disabled_test_count() const;
        -:  839:
        -:  840:  // Gets the number of disabled tests in this test case.
        -:  841:  int disabled_test_count() const;
        -:  842:
        -:  843:  // Gets the number of tests to be printed in the XML report.
        -:  844:  int reportable_test_count() const;
        -:  845:
        -:  846:  // Get the number of tests in this test case that should run.
        -:  847:  int test_to_run_count() const;
        -:  848:
        -:  849:  // Gets the number of all tests in this test case.
        -:  850:  int total_test_count() const;
        -:  851:
        -:  852:  // Returns true iff the test case passed.
        -:  853:  bool Passed() const { return !Failed(); }
        -:  854:
        -:  855:  // Returns true iff the test case failed.
        -:  856:  bool Failed() const { return failed_test_count() > 0; }
        -:  857:
        -:  858:  // Returns the elapsed time, in milliseconds.
        -:  859:  TimeInMillis elapsed_time() const { return elapsed_time_; }
        -:  860:
        -:  861:  // Returns the i-th test among all the tests. i can range from 0 to
        -:  862:  // total_test_count() - 1. If i is not in that range, returns NULL.
        -:  863:  const TestInfo* GetTestInfo(int i) const;
        -:  864:
        -:  865:  // Returns the TestResult that holds test properties recorded during
        -:  866:  // execution of SetUpTestCase and TearDownTestCase.
        -:  867:  const TestResult& ad_hoc_test_result() const { return ad_hoc_test_result_; }
        -:  868:
        -:  869: private:
        -:  870:  friend class Test;
        -:  871:  friend class internal::UnitTestImpl;
        -:  872:
        -:  873:  // Gets the (mutable) vector of TestInfos in this TestCase.
        -:  874:  std::vector<TestInfo*>& test_info_list() { return test_info_list_; }
        -:  875:
        -:  876:  // Gets the (immutable) vector of TestInfos in this TestCase.
        -:  877:  const std::vector<TestInfo*>& test_info_list() const {
        -:  878:    return test_info_list_;
        -:  879:  }
        -:  880:
        -:  881:  // Returns the i-th test among all the tests. i can range from 0 to
        -:  882:  // total_test_count() - 1. If i is not in that range, returns NULL.
        -:  883:  TestInfo* GetMutableTestInfo(int i);
        -:  884:
        -:  885:  // Sets the should_run member.
        -:  886:  void set_should_run(bool should) { should_run_ = should; }
        -:  887:
        -:  888:  // Adds a TestInfo to this test case.  Will delete the TestInfo upon
        -:  889:  // destruction of the TestCase object.
        -:  890:  void AddTestInfo(TestInfo * test_info);
        -:  891:
        -:  892:  // Clears the results of all tests in this test case.
        -:  893:  void ClearResult();
        -:  894:
        -:  895:  // Clears the results of all tests in the given test case.
        -:  896:  static void ClearTestCaseResult(TestCase* test_case) {
        -:  897:    test_case->ClearResult();
        -:  898:  }
        -:  899:
        -:  900:  // Runs every test in this TestCase.
        -:  901:  void Run();
        -:  902:
        -:  903:  // Runs SetUpTestCase() for this TestCase.  This wrapper is needed
        -:  904:  // for catching exceptions thrown from SetUpTestCase().
        -:  905:  void RunSetUpTestCase() { (*set_up_tc_)(); }
        -:  906:
        -:  907:  // Runs TearDownTestCase() for this TestCase.  This wrapper is
        -:  908:  // needed for catching exceptions thrown from TearDownTestCase().
        -:  909:  void RunTearDownTestCase() { (*tear_down_tc_)(); }
        -:  910:
        -:  911:  // Returns true iff test passed.
        -:  912:  static bool TestPassed(const TestInfo* test_info) {
        -:  913:    return test_info->should_run() && test_info->result()->Passed();
        -:  914:  }
        -:  915:
        -:  916:  // Returns true iff test failed.
        -:  917:  static bool TestFailed(const TestInfo* test_info) {
        -:  918:    return test_info->should_run() && test_info->result()->Failed();
        -:  919:  }
        -:  920:
        -:  921:  // Returns true iff the test is disabled and will be reported in the XML
        -:  922:  // report.
        -:  923:  static bool TestReportableDisabled(const TestInfo* test_info) {
        -:  924:    return test_info->is_reportable() && test_info->is_disabled_;
        -:  925:  }
        -:  926:
        -:  927:  // Returns true iff test is disabled.
        -:  928:  static bool TestDisabled(const TestInfo* test_info) {
        -:  929:    return test_info->is_disabled_;
        -:  930:  }
        -:  931:
        -:  932:  // Returns true iff this test will appear in the XML report.
        -:  933:  static bool TestReportable(const TestInfo* test_info) {
        -:  934:    return test_info->is_reportable();
        -:  935:  }
        -:  936:
        -:  937:  // Returns true if the given test should run.
        -:  938:  static bool ShouldRunTest(const TestInfo* test_info) {
        -:  939:    return test_info->should_run();
        -:  940:  }
        -:  941:
        -:  942:  // Shuffles the tests in this test case.
        -:  943:  void ShuffleTests(internal::Random* random);
        -:  944:
        -:  945:  // Restores the test order to before the first shuffle.
        -:  946:  void UnshuffleTests();
        -:  947:
        -:  948:  // Name of the test case.
        -:  949:  std::string name_;
        -:  950:  // Name of the parameter type, or NULL if this is not a typed or a
        -:  951:  // type-parameterized test.
        -:  952:  const internal::scoped_ptr<const ::std::string> type_param_;
        -:  953:  // The vector of TestInfos in their original order.  It owns the
        -:  954:  // elements in the vector.
        -:  955:  std::vector<TestInfo*> test_info_list_;
        -:  956:  // Provides a level of indirection for the test list to allow easy
        -:  957:  // shuffling and restoring the test order.  The i-th element in this
        -:  958:  // vector is the index of the i-th test in the shuffled test list.
        -:  959:  std::vector<int> test_indices_;
        -:  960:  // Pointer to the function that sets up the test case.
        -:  961:  Test::SetUpTestCaseFunc set_up_tc_;
        -:  962:  // Pointer to the function that tears down the test case.
        -:  963:  Test::TearDownTestCaseFunc tear_down_tc_;
        -:  964:  // True iff any test in this test case should run.
        -:  965:  bool should_run_;
        -:  966:  // Elapsed time, in milliseconds.
        -:  967:  TimeInMillis elapsed_time_;
        -:  968:  // Holds test properties recorded during execution of SetUpTestCase and
        -:  969:  // TearDownTestCase.
        -:  970:  TestResult ad_hoc_test_result_;
        -:  971:
        -:  972:  // We disallow copying TestCases.
        -:  973:  GTEST_DISALLOW_COPY_AND_ASSIGN_(TestCase);
        -:  974:};
        -:  975:
        -:  976:// An Environment object is capable of setting up and tearing down an
        -:  977:// environment.  You should subclass this to define your own
        -:  978:// environment(s).
        -:  979://
        -:  980:// An Environment object does the set-up and tear-down in virtual
        -:  981:// methods SetUp() and TearDown() instead of the constructor and the
        -:  982:// destructor, as:
        -:  983://
        -:  984://   1. You cannot safely throw from a destructor.  This is a problem
        -:  985://      as in some cases Google Test is used where exceptions are enabled, and
        -:  986://      we may want to implement ASSERT_* using exceptions where they are
        -:  987://      available.
        -:  988://   2. You cannot use ASSERT_* directly in a constructor or
        -:  989://      destructor.
        -:  990:class Environment {
        -:  991: public:
        -:  992:  // The d'tor is virtual as we need to subclass Environment.
        -:  993:  virtual ~Environment() {}
        -:  994:
        -:  995:  // Override this to define how to set up the environment.
        -:  996:  virtual void SetUp() {}
        -:  997:
        -:  998:  // Override this to define how to tear down the environment.
        -:  999:  virtual void TearDown() {}
        -: 1000: private:
        -: 1001:  // If you see an error about overriding the following function or
        -: 1002:  // about it being private, you have mis-spelled SetUp() as Setup().
        -: 1003:  struct Setup_should_be_spelled_SetUp {};
        -: 1004:  virtual Setup_should_be_spelled_SetUp* Setup() { return NULL; }
        -: 1005:};
        -: 1006:
        -: 1007:#if GTEST_HAS_EXCEPTIONS
        -: 1008:
        -: 1009:// Exception which can be thrown from TestEventListener::OnTestPartResult.
        -: 1010:class GTEST_API_ AssertionException
        -: 1011:    : public internal::GoogleTestFailureException {
        -: 1012: public:
        -: 1013:  explicit AssertionException(const TestPartResult& result)
        -: 1014:      : GoogleTestFailureException(result) {}
        -: 1015:};
        -: 1016:
        -: 1017:#endif  // GTEST_HAS_EXCEPTIONS
        -: 1018:
        -: 1019:// The interface for tracing execution of tests. The methods are organized in
        -: 1020:// the order the corresponding events are fired.
        -: 1021:class TestEventListener {
        -: 1022: public:
        -: 1023:  virtual ~TestEventListener() {}
        -: 1024:
        -: 1025:  // Fired before any test activity starts.
        -: 1026:  virtual void OnTestProgramStart(const UnitTest& unit_test) = 0;
        -: 1027:
        -: 1028:  // Fired before each iteration of tests starts.  There may be more than
        -: 1029:  // one iteration if GTEST_FLAG(repeat) is set. iteration is the iteration
        -: 1030:  // index, starting from 0.
        -: 1031:  virtual void OnTestIterationStart(const UnitTest& unit_test,
        -: 1032:                                    int iteration) = 0;
        -: 1033:
        -: 1034:  // Fired before environment set-up for each iteration of tests starts.
        -: 1035:  virtual void OnEnvironmentsSetUpStart(const UnitTest& unit_test) = 0;
        -: 1036:
        -: 1037:  // Fired after environment set-up for each iteration of tests ends.
        -: 1038:  virtual void OnEnvironmentsSetUpEnd(const UnitTest& unit_test) = 0;
        -: 1039:
        -: 1040:  // Fired before the test case starts.
        -: 1041:  virtual void OnTestCaseStart(const TestCase& test_case) = 0;
        -: 1042:
        -: 1043:  // Fired before the test starts.
        -: 1044:  virtual void OnTestStart(const TestInfo& test_info) = 0;
        -: 1045:
        -: 1046:  // Fired after a failed assertion or a SUCCEED() invocation.
        -: 1047:  // If you want to throw an exception from this function to skip to the next
        -: 1048:  // TEST, it must be AssertionException defined above, or inherited from it.
        -: 1049:  virtual void OnTestPartResult(const TestPartResult& test_part_result) = 0;
        -: 1050:
        -: 1051:  // Fired after the test ends.
        -: 1052:  virtual void OnTestEnd(const TestInfo& test_info) = 0;
        -: 1053:
        -: 1054:  // Fired after the test case ends.
        -: 1055:  virtual void OnTestCaseEnd(const TestCase& test_case) = 0;
        -: 1056:
        -: 1057:  // Fired before environment tear-down for each iteration of tests starts.
        -: 1058:  virtual void OnEnvironmentsTearDownStart(const UnitTest& unit_test) = 0;
        -: 1059:
        -: 1060:  // Fired after environment tear-down for each iteration of tests ends.
        -: 1061:  virtual void OnEnvironmentsTearDownEnd(const UnitTest& unit_test) = 0;
        -: 1062:
        -: 1063:  // Fired after each iteration of tests finishes.
        -: 1064:  virtual void OnTestIterationEnd(const UnitTest& unit_test,
        -: 1065:                                  int iteration) = 0;
        -: 1066:
        -: 1067:  // Fired after all test activities have ended.
        -: 1068:  virtual void OnTestProgramEnd(const UnitTest& unit_test) = 0;
        -: 1069:};
        -: 1070:
        -: 1071:// The convenience class for users who need to override just one or two
        -: 1072:// methods and are not concerned that a possible change to a signature of
        -: 1073:// the methods they override will not be caught during the build.  For
        -: 1074:// comments about each method please see the definition of TestEventListener
        -: 1075:// above.
        -: 1076:class EmptyTestEventListener : public TestEventListener {
        -: 1077: public:
        -: 1078:  virtual void OnTestProgramStart(const UnitTest& /*unit_test*/) {}
        -: 1079:  virtual void OnTestIterationStart(const UnitTest& /*unit_test*/,
        -: 1080:                                    int /*iteration*/) {}
        -: 1081:  virtual void OnEnvironmentsSetUpStart(const UnitTest& /*unit_test*/) {}
        -: 1082:  virtual void OnEnvironmentsSetUpEnd(const UnitTest& /*unit_test*/) {}
        -: 1083:  virtual void OnTestCaseStart(const TestCase& /*test_case*/) {}
        -: 1084:  virtual void OnTestStart(const TestInfo& /*test_info*/) {}
        -: 1085:  virtual void OnTestPartResult(const TestPartResult& /*test_part_result*/) {}
        -: 1086:  virtual void OnTestEnd(const TestInfo& /*test_info*/) {}
        -: 1087:  virtual void OnTestCaseEnd(const TestCase& /*test_case*/) {}
        -: 1088:  virtual void OnEnvironmentsTearDownStart(const UnitTest& /*unit_test*/) {}
        -: 1089:  virtual void OnEnvironmentsTearDownEnd(const UnitTest& /*unit_test*/) {}
        -: 1090:  virtual void OnTestIterationEnd(const UnitTest& /*unit_test*/,
        -: 1091:                                  int /*iteration*/) {}
        -: 1092:  virtual void OnTestProgramEnd(const UnitTest& /*unit_test*/) {}
        -: 1093:};
        -: 1094:
        -: 1095:// TestEventListeners lets users add listeners to track events in Google Test.
        -: 1096:class GTEST_API_ TestEventListeners {
        -: 1097: public:
        -: 1098:  TestEventListeners();
        -: 1099:  ~TestEventListeners();
        -: 1100:
        -: 1101:  // Appends an event listener to the end of the list. Google Test assumes
        -: 1102:  // the ownership of the listener (i.e. it will delete the listener when
        -: 1103:  // the test program finishes).
        -: 1104:  void Append(TestEventListener* listener);
        -: 1105:
        -: 1106:  // Removes the given event listener from the list and returns it.  It then
        -: 1107:  // becomes the caller's responsibility to delete the listener. Returns
        -: 1108:  // NULL if the listener is not found in the list.
        -: 1109:  TestEventListener* Release(TestEventListener* listener);
        -: 1110:
        -: 1111:  // Returns the standard listener responsible for the default console
        -: 1112:  // output.  Can be removed from the listeners list to shut down default
        -: 1113:  // console output.  Note that removing this object from the listener list
        -: 1114:  // with Release transfers its ownership to the caller and makes this
        -: 1115:  // function return NULL the next time.
        -: 1116:  TestEventListener* default_result_printer() const {
        -: 1117:    return default_result_printer_;
        -: 1118:  }
        -: 1119:
        -: 1120:  // Returns the standard listener responsible for the default XML output
        -: 1121:  // controlled by the --gtest_output=xml flag.  Can be removed from the
        -: 1122:  // listeners list by users who want to shut down the default XML output
        -: 1123:  // controlled by this flag and substitute it with custom one.  Note that
        -: 1124:  // removing this object from the listener list with Release transfers its
        -: 1125:  // ownership to the caller and makes this function return NULL the next
        -: 1126:  // time.
        -: 1127:  TestEventListener* default_xml_generator() const {
        -: 1128:    return default_xml_generator_;
        -: 1129:  }
        -: 1130:
        -: 1131: private:
        -: 1132:  friend class TestCase;
        -: 1133:  friend class TestInfo;
        -: 1134:  friend class internal::DefaultGlobalTestPartResultReporter;
        -: 1135:  friend class internal::NoExecDeathTest;
        -: 1136:  friend class internal::TestEventListenersAccessor;
        -: 1137:  friend class internal::UnitTestImpl;
        -: 1138:
        -: 1139:  // Returns repeater that broadcasts the TestEventListener events to all
        -: 1140:  // subscribers.
        -: 1141:  TestEventListener* repeater();
        -: 1142:
        -: 1143:  // Sets the default_result_printer attribute to the provided listener.
        -: 1144:  // The listener is also added to the listener list and previous
        -: 1145:  // default_result_printer is removed from it and deleted. The listener can
        -: 1146:  // also be NULL in which case it will not be added to the list. Does
        -: 1147:  // nothing if the previous and the current listener objects are the same.
        -: 1148:  void SetDefaultResultPrinter(TestEventListener* listener);
        -: 1149:
        -: 1150:  // Sets the default_xml_generator attribute to the provided listener.  The
        -: 1151:  // listener is also added to the listener list and previous
        -: 1152:  // default_xml_generator is removed from it and deleted. The listener can
        -: 1153:  // also be NULL in which case it will not be added to the list. Does
        -: 1154:  // nothing if the previous and the current listener objects are the same.
        -: 1155:  void SetDefaultXmlGenerator(TestEventListener* listener);
        -: 1156:
        -: 1157:  // Controls whether events will be forwarded by the repeater to the
        -: 1158:  // listeners in the list.
        -: 1159:  bool EventForwardingEnabled() const;
        -: 1160:  void SuppressEventForwarding();
        -: 1161:
        -: 1162:  // The actual list of listeners.
        -: 1163:  internal::TestEventRepeater* repeater_;
        -: 1164:  // Listener responsible for the standard result output.
        -: 1165:  TestEventListener* default_result_printer_;
        -: 1166:  // Listener responsible for the creation of the XML output file.
        -: 1167:  TestEventListener* default_xml_generator_;
        -: 1168:
        -: 1169:  // We disallow copying TestEventListeners.
        -: 1170:  GTEST_DISALLOW_COPY_AND_ASSIGN_(TestEventListeners);
        -: 1171:};
        -: 1172:
        -: 1173:// A UnitTest consists of a vector of TestCases.
        -: 1174://
        -: 1175:// This is a singleton class.  The only instance of UnitTest is
        -: 1176:// created when UnitTest::GetInstance() is first called.  This
        -: 1177:// instance is never deleted.
        -: 1178://
        -: 1179:// UnitTest is not copyable.
        -: 1180://
        -: 1181:// This class is thread-safe as long as the methods are called
        -: 1182:// according to their specification.
        -: 1183:class GTEST_API_ UnitTest {
        -: 1184: public:
        -: 1185:  // Gets the singleton UnitTest object.  The first time this method
        -: 1186:  // is called, a UnitTest object is constructed and returned.
        -: 1187:  // Consecutive calls will return the same object.
        -: 1188:  static UnitTest* GetInstance();
        -: 1189:
        -: 1190:  // Runs all tests in this UnitTest object and prints the result.
        -: 1191:  // Returns 0 if successful, or 1 otherwise.
        -: 1192:  //
        -: 1193:  // This method can only be called from the main thread.
        -: 1194:  //
        -: 1195:  // INTERNAL IMPLEMENTATION - DO NOT USE IN A USER PROGRAM.
        -: 1196:  int Run() GTEST_MUST_USE_RESULT_;
        -: 1197:
        -: 1198:  // Returns the working directory when the first TEST() or TEST_F()
        -: 1199:  // was executed.  The UnitTest object owns the string.
        -: 1200:  const char* original_working_dir() const;
        -: 1201:
        -: 1202:  // Returns the TestCase object for the test that's currently running,
        -: 1203:  // or NULL if no test is running.
        -: 1204:  const TestCase* current_test_case() const
        -: 1205:      GTEST_LOCK_EXCLUDED_(mutex_);
        -: 1206:
        -: 1207:  // Returns the TestInfo object for the test that's currently running,
        -: 1208:  // or NULL if no test is running.
        -: 1209:  const TestInfo* current_test_info() const
        -: 1210:      GTEST_LOCK_EXCLUDED_(mutex_);
        -: 1211:
        -: 1212:  // Returns the random seed used at the start of the current test run.
        -: 1213:  int random_seed() const;
        -: 1214:
        -: 1215:  // Returns the ParameterizedTestCaseRegistry object used to keep track of
        -: 1216:  // value-parameterized tests and instantiate and register them.
        -: 1217:  //
        -: 1218:  // INTERNAL IMPLEMENTATION - DO NOT USE IN A USER PROGRAM.
        -: 1219:  internal::ParameterizedTestCaseRegistry& parameterized_test_registry()
        -: 1220:      GTEST_LOCK_EXCLUDED_(mutex_);
        -: 1221:
        -: 1222:  // Gets the number of successful test cases.
        -: 1223:  int successful_test_case_count() const;
        -: 1224:
        -: 1225:  // Gets the number of failed test cases.
        -: 1226:  int failed_test_case_count() const;
        -: 1227:
        -: 1228:  // Gets the number of all test cases.
        -: 1229:  int total_test_case_count() const;
        -: 1230:
        -: 1231:  // Gets the number of all test cases that contain at least one test
        -: 1232:  // that should run.
        -: 1233:  int test_case_to_run_count() const;
        -: 1234:
        -: 1235:  // Gets the number of successful tests.
        -: 1236:  int successful_test_count() const;
        -: 1237:
        -: 1238:  // Gets the number of failed tests.
        -: 1239:  int failed_test_count() const;
        -: 1240:
        -: 1241:  // Gets the number of disabled tests that will be reported in the XML report.
        -: 1242:  int reportable_disabled_test_count() const;
        -: 1243:
        -: 1244:  // Gets the number of disabled tests.
        -: 1245:  int disabled_test_count() const;
        -: 1246:
        -: 1247:  // Gets the number of tests to be printed in the XML report.
        -: 1248:  int reportable_test_count() const;
        -: 1249:
        -: 1250:  // Gets the number of all tests.
        -: 1251:  int total_test_count() const;
        -: 1252:
        -: 1253:  // Gets the number of tests that should run.
        -: 1254:  int test_to_run_count() const;
        -: 1255:
        -: 1256:  // Gets the time of the test program start, in ms from the start of the
        -: 1257:  // UNIX epoch.
        -: 1258:  TimeInMillis start_timestamp() const;
        -: 1259:
        -: 1260:  // Gets the elapsed time, in milliseconds.
        -: 1261:  TimeInMillis elapsed_time() const;
        -: 1262:
        -: 1263:  // Returns true iff the unit test passed (i.e. all test cases passed).
        -: 1264:  bool Passed() const;
        -: 1265:
        -: 1266:  // Returns true iff the unit test failed (i.e. some test case failed
        -: 1267:  // or something outside of all tests failed).
        -: 1268:  bool Failed() const;
        -: 1269:
        -: 1270:  // Gets the i-th test case among all the test cases. i can range from 0 to
        -: 1271:  // total_test_case_count() - 1. If i is not in that range, returns NULL.
        -: 1272:  const TestCase* GetTestCase(int i) const;
        -: 1273:
        -: 1274:  // Returns the TestResult containing information on test failures and
        -: 1275:  // properties logged outside of individual test cases.
        -: 1276:  const TestResult& ad_hoc_test_result() const;
        -: 1277:
        -: 1278:  // Returns the list of event listeners that can be used to track events
        -: 1279:  // inside Google Test.
        -: 1280:  TestEventListeners& listeners();
        -: 1281:
        -: 1282: private:
        -: 1283:  // Registers and returns a global test environment.  When a test
        -: 1284:  // program is run, all global test environments will be set-up in
        -: 1285:  // the order they were registered.  After all tests in the program
        -: 1286:  // have finished, all global test environments will be torn-down in
        -: 1287:  // the *reverse* order they were registered.
        -: 1288:  //
        -: 1289:  // The UnitTest object takes ownership of the given environment.
        -: 1290:  //
        -: 1291:  // This method can only be called from the main thread.
        -: 1292:  Environment* AddEnvironment(Environment* env);
        -: 1293:
        -: 1294:  // Adds a TestPartResult to the current TestResult object.  All
        -: 1295:  // Google Test assertion macros (e.g. ASSERT_TRUE, EXPECT_EQ, etc)
        -: 1296:  // eventually call this to report their results.  The user code
        -: 1297:  // should use the assertion macros instead of calling this directly.
        -: 1298:  void AddTestPartResult(TestPartResult::Type result_type,
        -: 1299:                         const char* file_name,
        -: 1300:                         int line_number,
        -: 1301:                         const std::string& message,
        -: 1302:                         const std::string& os_stack_trace)
        -: 1303:      GTEST_LOCK_EXCLUDED_(mutex_);
        -: 1304:
        -: 1305:  // Adds a TestProperty to the current TestResult object when invoked from
        -: 1306:  // inside a test, to current TestCase's ad_hoc_test_result_ when invoked
        -: 1307:  // from SetUpTestCase or TearDownTestCase, or to the global property set
        -: 1308:  // when invoked elsewhere.  If the result already contains a property with
        -: 1309:  // the same key, the value will be updated.
        -: 1310:  void RecordProperty(const std::string& key, const std::string& value);
        -: 1311:
        -: 1312:  // Gets the i-th test case among all the test cases. i can range from 0 to
        -: 1313:  // total_test_case_count() - 1. If i is not in that range, returns NULL.
        -: 1314:  TestCase* GetMutableTestCase(int i);
        -: 1315:
        -: 1316:  // Accessors for the implementation object.
        -: 1317:  internal::UnitTestImpl* impl() { return impl_; }
        -: 1318:  const internal::UnitTestImpl* impl() const { return impl_; }
        -: 1319:
        -: 1320:  // These classes and functions are friends as they need to access private
        -: 1321:  // members of UnitTest.
        -: 1322:  friend class ScopedTrace;
        -: 1323:  friend class Test;
        -: 1324:  friend class internal::AssertHelper;
        -: 1325:  friend class internal::StreamingListenerTest;
        -: 1326:  friend class internal::UnitTestRecordPropertyTestHelper;
        -: 1327:  friend Environment* AddGlobalTestEnvironment(Environment* env);
        -: 1328:  friend internal::UnitTestImpl* internal::GetUnitTestImpl();
        -: 1329:  friend void internal::ReportFailureInUnknownLocation(
        -: 1330:      TestPartResult::Type result_type,
        -: 1331:      const std::string& message);
        -: 1332:
        -: 1333:  // Creates an empty UnitTest.
        -: 1334:  UnitTest();
        -: 1335:
        -: 1336:  // D'tor
        -: 1337:  virtual ~UnitTest();
        -: 1338:
        -: 1339:  // Pushes a trace defined by SCOPED_TRACE() on to the per-thread
        -: 1340:  // Google Test trace stack.
        -: 1341:  void PushGTestTrace(const internal::TraceInfo& trace)
        -: 1342:      GTEST_LOCK_EXCLUDED_(mutex_);
        -: 1343:
        -: 1344:  // Pops a trace from the per-thread Google Test trace stack.
        -: 1345:  void PopGTestTrace()
        -: 1346:      GTEST_LOCK_EXCLUDED_(mutex_);
        -: 1347:
        -: 1348:  // Protects mutable state in *impl_.  This is mutable as some const
        -: 1349:  // methods need to lock it too.
        -: 1350:  mutable internal::Mutex mutex_;
        -: 1351:
        -: 1352:  // Opaque implementation object.  This field is never changed once
        -: 1353:  // the object is constructed.  We don't mark it as const here, as
        -: 1354:  // doing so will cause a warning in the constructor of UnitTest.
        -: 1355:  // Mutable state in *impl_ is protected by mutex_.
        -: 1356:  internal::UnitTestImpl* impl_;
        -: 1357:
        -: 1358:  // We disallow copying UnitTest.
        -: 1359:  GTEST_DISALLOW_COPY_AND_ASSIGN_(UnitTest);
        -: 1360:};
        -: 1361:
        -: 1362:// A convenient wrapper for adding an environment for the test
        -: 1363:// program.
        -: 1364://
        -: 1365:// You should call this before RUN_ALL_TESTS() is called, probably in
        -: 1366:// main().  If you use gtest_main, you need to call this before main()
        -: 1367:// starts for it to take effect.  For example, you can define a global
        -: 1368:// variable like this:
        -: 1369://
        -: 1370://   testing::Environment* const foo_env =
        -: 1371://       testing::AddGlobalTestEnvironment(new FooEnvironment);
        -: 1372://
        -: 1373:// However, we strongly recommend you to write your own main() and
        -: 1374:// call AddGlobalTestEnvironment() there, as relying on initialization
        -: 1375:// of global variables makes the code harder to read and may cause
        -: 1376:// problems when you register multiple environments from different
        -: 1377:// translation units and the environments have dependencies among them
        -: 1378:// (remember that the compiler doesn't guarantee the order in which
        -: 1379:// global variables from different translation units are initialized).
        -: 1380:inline Environment* AddGlobalTestEnvironment(Environment* env) {
        -: 1381:  return UnitTest::GetInstance()->AddEnvironment(env);
        -: 1382:}
        -: 1383:
        -: 1384:// Initializes Google Test.  This must be called before calling
        -: 1385:// RUN_ALL_TESTS().  In particular, it parses a command line for the
        -: 1386:// flags that Google Test recognizes.  Whenever a Google Test flag is
        -: 1387:// seen, it is removed from argv, and *argc is decremented.
        -: 1388://
        -: 1389:// No value is returned.  Instead, the Google Test flag variables are
        -: 1390:// updated.
        -: 1391://
        -: 1392:// Calling the function for the second time has no user-visible effect.
        -: 1393:GTEST_API_ void InitGoogleTest(int* argc, char** argv);
        -: 1394:
        -: 1395:// This overloaded version can be used in Windows programs compiled in
        -: 1396:// UNICODE mode.
        -: 1397:GTEST_API_ void InitGoogleTest(int* argc, wchar_t** argv);
        -: 1398:
        -: 1399:namespace internal {
        -: 1400:
        -: 1401:// Separate the error generating code from the code path to reduce the stack
        -: 1402:// frame size of CmpHelperEQ. This helps reduce the overhead of some sanitizers
        -: 1403:// when calling EXPECT_* in a tight loop.
        -: 1404:template <typename T1, typename T2>
        -: 1405:AssertionResult CmpHelperEQFailure(const char* lhs_expression,
        -: 1406:                                   const char* rhs_expression,
        -: 1407:                                   const T1& lhs, const T2& rhs) {
        -: 1408:  return EqFailure(lhs_expression,
        -: 1409:                   rhs_expression,
        -: 1410:                   FormatForComparisonFailureMessage(lhs, rhs),
        -: 1411:                   FormatForComparisonFailureMessage(rhs, lhs),
        -: 1412:                   false);
        -: 1413:}
        -: 1414:
        -: 1415:// The helper function for {ASSERT|EXPECT}_EQ.
        -: 1416:template <typename T1, typename T2>
        -: 1417:AssertionResult CmpHelperEQ(const char* lhs_expression,
        -: 1418:                            const char* rhs_expression,
        -: 1419:                            const T1& lhs,
        -: 1420:                            const T2& rhs) {
        -: 1421:  if (lhs == rhs) {
        -: 1422:    return AssertionSuccess();
        -: 1423:  }
        -: 1424:
        -: 1425:  return CmpHelperEQFailure(lhs_expression, rhs_expression, lhs, rhs);
        -: 1426:}
        -: 1427:
        -: 1428:// With this overloaded version, we allow anonymous enums to be used
        -: 1429:// in {ASSERT|EXPECT}_EQ when compiled with gcc 4, as anonymous enums
        -: 1430:// can be implicitly cast to BiggestInt.
        -: 1431:GTEST_API_ AssertionResult CmpHelperEQ(const char* lhs_expression,
        -: 1432:                                       const char* rhs_expression,
        -: 1433:                                       BiggestInt lhs,
        -: 1434:                                       BiggestInt rhs);
        -: 1435:
        -: 1436:// The helper class for {ASSERT|EXPECT}_EQ.  The template argument
        -: 1437:// lhs_is_null_literal is true iff the first argument to ASSERT_EQ()
        -: 1438:// is a null pointer literal.  The following default implementation is
        -: 1439:// for lhs_is_null_literal being false.
        -: 1440:template <bool lhs_is_null_literal>
        -: 1441:class EqHelper {
        -: 1442: public:
        -: 1443:  // This templatized version is for the general case.
        -: 1444:  template <typename T1, typename T2>
        -: 1445:  static AssertionResult Compare(const char* lhs_expression,
        -: 1446:                                 const char* rhs_expression,
        -: 1447:                                 const T1& lhs,
        -: 1448:                                 const T2& rhs) {
        -: 1449:    return CmpHelperEQ(lhs_expression, rhs_expression, lhs, rhs);
        -: 1450:  }
        -: 1451:
        -: 1452:  // With this overloaded version, we allow anonymous enums to be used
        -: 1453:  // in {ASSERT|EXPECT}_EQ when compiled with gcc 4, as anonymous
        -: 1454:  // enums can be implicitly cast to BiggestInt.
        -: 1455:  //
        -: 1456:  // Even though its body looks the same as the above version, we
        -: 1457:  // cannot merge the two, as it will make anonymous enums unhappy.
        -: 1458:  static AssertionResult Compare(const char* lhs_expression,
        -: 1459:                                 const char* rhs_expression,
        -: 1460:                                 BiggestInt lhs,
        -: 1461:                                 BiggestInt rhs) {
        -: 1462:    return CmpHelperEQ(lhs_expression, rhs_expression, lhs, rhs);
        -: 1463:  }
        -: 1464:};
        -: 1465:
        -: 1466:// This specialization is used when the first argument to ASSERT_EQ()
        -: 1467:// is a null pointer literal, like NULL, false, or 0.
        -: 1468:template <>
        -: 1469:class EqHelper<true> {
        -: 1470: public:
        -: 1471:  // We define two overloaded versions of Compare().  The first
        -: 1472:  // version will be picked when the second argument to ASSERT_EQ() is
        -: 1473:  // NOT a pointer, e.g. ASSERT_EQ(0, AnIntFunction()) or
        -: 1474:  // EXPECT_EQ(false, a_bool).
        -: 1475:  template <typename T1, typename T2>
        -: 1476:  static AssertionResult Compare(
        -: 1477:      const char* lhs_expression,
        -: 1478:      const char* rhs_expression,
        -: 1479:      const T1& lhs,
        -: 1480:      const T2& rhs,
        -: 1481:      // The following line prevents this overload from being considered if T2
[...]
        -: 1944:  EXPECT_PRED_FORMAT2(::testing::internal:: \
        -: 1945:                      EqHelper<GTEST_IS_NULL_LITERAL_(val1)>::Compare, \
        -: 1946:                      val1, val2)
        -: 1947:#define EXPECT_NE(val1, val2) \
        -: 1948:  EXPECT_PRED_FORMAT2(::testing::internal::CmpHelperNE, val1, val2)
        -: 1949:#define EXPECT_LE(val1, val2) \
        -: 1950:  EXPECT_PRED_FORMAT2(::testing::internal::CmpHelperLE, val1, val2)
        -: 1951:#define EXPECT_LT(val1, val2) \
        -: 1952:  EXPECT_PRED_FORMAT2(::testing::internal::CmpHelperLT, val1, val2)
        -: 1953:#define EXPECT_GE(val1, val2) \
        -: 1954:  EXPECT_PRED_FORMAT2(::testing::internal::CmpHelperGE, val1, val2)
        -: 1955:#define EXPECT_GT(val1, val2) \
        -: 1956:  EXPECT_PRED_FORMAT2(::testing::internal::CmpHelperGT, val1, val2)
        -: 1957:
        -: 1958:#define GTEST_ASSERT_EQ(val1, val2) \
        -: 1959:  ASSERT_PRED_FORMAT2(::testing::internal:: \
        -: 1960:                      EqHelper<GTEST_IS_NULL_LITERAL_(val1)>::Compare, \
        -: 1961:                      val1, val2)
        -: 1962:#define GTEST_ASSERT_NE(val1, val2) \
        -: 1963:  ASSERT_PRED_FORMAT2(::testing::internal::CmpHelperNE, val1, val2)
        -: 1964:#define GTEST_ASSERT_LE(val1, val2) \
        -: 1965:  ASSERT_PRED_FORMAT2(::testing::internal::CmpHelperLE, val1, val2)
        -: 1966:#define GTEST_ASSERT_LT(val1, val2) \
        -: 1967:  ASSERT_PRED_FORMAT2(::testing::internal::CmpHelperLT, val1, val2)
        -: 1968:#define GTEST_ASSERT_GE(val1, val2) \
        -: 1969:  ASSERT_PRED_FORMAT2(::testing::internal::CmpHelperGE, val1, val2)
        -: 1970:#define GTEST_ASSERT_GT(val1, val2) \
        -: 1971:  ASSERT_PRED_FORMAT2(::testing::internal::CmpHelperGT, val1, val2)
        -: 1972:
        -: 1973:// Define macro GTEST_DONT_DEFINE_ASSERT_XY to 1 to omit the definition of
        -: 1974:// ASSERT_XY(), which clashes with some users' own code.
        -: 1975:
        -: 1976:#if !GTEST_DONT_DEFINE_ASSERT_EQ
        -: 1977:# define ASSERT_EQ(val1, val2) GTEST_ASSERT_EQ(val1, val2)
        -: 1978:#endif
        -: 1979:
        -: 1980:#if !GTEST_DONT_DEFINE_ASSERT_NE
        -: 1981:# define ASSERT_NE(val1, val2) GTEST_ASSERT_NE(val1, val2)
        -: 1982:#endif
        -: 1983:
        -: 1984:#if !GTEST_DONT_DEFINE_ASSERT_LE
        -: 1985:# define ASSERT_LE(val1, val2) GTEST_ASSERT_LE(val1, val2)
        -: 1986:#endif
        -: 1987:
        -: 1988:#if !GTEST_DONT_DEFINE_ASSERT_LT
        -: 1989:# define ASSERT_LT(val1, val2) GTEST_ASSERT_LT(val1, val2)
        -: 1990:#endif
        -: 1991:
        -: 1992:#if !GTEST_DONT_DEFINE_ASSERT_GE
        -: 1993:# define ASSERT_GE(val1, val2) GTEST_ASSERT_GE(val1, val2)
        -: 1994:#endif
        -: 1995:
        -: 1996:#if !GTEST_DONT_DEFINE_ASSERT_GT
        -: 1997:# define ASSERT_GT(val1, val2) GTEST_ASSERT_GT(val1, val2)
        -: 1998:#endif
        -: 1999:
        -: 2000:// C-string Comparisons.  All tests treat NULL and any non-NULL string
        -: 2001:// as different.  Two NULLs are equal.
        -: 2002://
        -: 2003://    * {ASSERT|EXPECT}_STREQ(s1, s2):     Tests that s1 == s2
        -: 2004://    * {ASSERT|EXPECT}_STRNE(s1, s2):     Tests that s1 != s2
        -: 2005://    * {ASSERT|EXPECT}_STRCASEEQ(s1, s2): Tests that s1 == s2, ignoring case
        -: 2006://    * {ASSERT|EXPECT}_STRCASENE(s1, s2): Tests that s1 != s2, ignoring case
        -: 2007://
        -: 2008:// For wide or narrow string objects, you can use the
        -: 2009:// {ASSERT|EXPECT}_??() macros.
        -: 2010://
        -: 2011:// Don't depend on the order in which the arguments are evaluated,
        -: 2012:// which is undefined.
        -: 2013://
        -: 2014:// These macros evaluate their arguments exactly once.
        -: 2015:
        -: 2016:#define EXPECT_STREQ(s1, s2) \
        -: 2017:  EXPECT_PRED_FORMAT2(::testing::internal::CmpHelperSTREQ, s1, s2)
        -: 2018:#define EXPECT_STRNE(s1, s2) \
        -: 2019:  EXPECT_PRED_FORMAT2(::testing::internal::CmpHelperSTRNE, s1, s2)
        -: 2020:#define EXPECT_STRCASEEQ(s1, s2) \
        -: 2021:  EXPECT_PRED_FORMAT2(::testing::internal::CmpHelperSTRCASEEQ, s1, s2)
        -: 2022:#define EXPECT_STRCASENE(s1, s2)\
        -: 2023:  EXPECT_PRED_FORMAT2(::testing::internal::CmpHelperSTRCASENE, s1, s2)
        -: 2024:
        -: 2025:#define ASSERT_STREQ(s1, s2) \
        -: 2026:  ASSERT_PRED_FORMAT2(::testing::internal::CmpHelperSTREQ, s1, s2)
        -: 2027:#define ASSERT_STRNE(s1, s2) \
        -: 2028:  ASSERT_PRED_FORMAT2(::testing::internal::CmpHelperSTRNE, s1, s2)
        -: 2029:#define ASSERT_STRCASEEQ(s1, s2) \
        -: 2030:  ASSERT_PRED_FORMAT2(::testing::internal::CmpHelperSTRCASEEQ, s1, s2)
        -: 2031:#define ASSERT_STRCASENE(s1, s2)\
        -: 2032:  ASSERT_PRED_FORMAT2(::testing::internal::CmpHelperSTRCASENE, s1, s2)
        -: 2033:
        -: 2034:// Macros for comparing floating-point numbers.
        -: 2035://
        -: 2036://    * {ASSERT|EXPECT}_FLOAT_EQ(val1, val2):
        -: 2037://         Tests that two float values are almost equal.
        -: 2038://    * {ASSERT|EXPECT}_DOUBLE_EQ(val1, val2):
        -: 2039://         Tests that two double values are almost equal.
        -: 2040://    * {ASSERT|EXPECT}_NEAR(v1, v2, abs_error):
        -: 2041://         Tests that v1 and v2 are within the given distance to each other.
        -: 2042://
        -: 2043:// Google Test uses ULP-based comparison to automatically pick a default
        -: 2044:// error bound that is appropriate for the operands.  See the
        -: 2045:// FloatingPoint template class in gtest-internal.h if you are
        -: 2046:// interested in the implementation details.
        -: 2047:
        -: 2048:#define EXPECT_FLOAT_EQ(val1, val2)\
        -: 2049:  EXPECT_PRED_FORMAT2(::testing::internal::CmpHelperFloatingPointEQ<float>, \
        -: 2050:                      val1, val2)
        -: 2051:
        -: 2052:#define EXPECT_DOUBLE_EQ(val1, val2)\
        -: 2053:  EXPECT_PRED_FORMAT2(::testing::internal::CmpHelperFloatingPointEQ<double>, \
        -: 2054:                      val1, val2)
        -: 2055:
        -: 2056:#define ASSERT_FLOAT_EQ(val1, val2)\
        -: 2057:  ASSERT_PRED_FORMAT2(::testing::internal::CmpHelperFloatingPointEQ<float>, \
        -: 2058:                      val1, val2)
        -: 2059:
        -: 2060:#define ASSERT_DOUBLE_EQ(val1, val2)\
        -: 2061:  ASSERT_PRED_FORMAT2(::testing::internal::CmpHelperFloatingPointEQ<double>, \
        -: 2062:                      val1, val2)
        -: 2063:
        -: 2064:#define EXPECT_NEAR(val1, val2, abs_error)\
        -: 2065:  EXPECT_PRED_FORMAT3(::testing::internal::DoubleNearPredFormat, \
        -: 2066:                      val1, val2, abs_error)
        -: 2067:
        -: 2068:#define ASSERT_NEAR(val1, val2, abs_error)\
        -: 2069:  ASSERT_PRED_FORMAT3(::testing::internal::DoubleNearPredFormat, \
        -: 2070:                      val1, val2, abs_error)
        -: 2071:
        -: 2072:// These predicate format functions work on floating-point values, and
        -: 2073:// can be used in {ASSERT|EXPECT}_PRED_FORMAT2*(), e.g.
        -: 2074://
        -: 2075://   EXPECT_PRED_FORMAT2(testing::DoubleLE, Foo(), 5.0);
        -: 2076:
        -: 2077:// Asserts that val1 is less than, or almost equal to, val2.  Fails
        -: 2078:// otherwise.  In particular, it fails if either val1 or val2 is NaN.
        -: 2079:GTEST_API_ AssertionResult FloatLE(const char* expr1, const char* expr2,
        -: 2080:                                   float val1, float val2);
        -: 2081:GTEST_API_ AssertionResult DoubleLE(const char* expr1, const char* expr2,
        -: 2082:                                    double val1, double val2);
        -: 2083:
        -: 2084:
        -: 2085:#if GTEST_OS_WINDOWS
        -: 2086:
        -: 2087:// Macros that test for HRESULT failure and success, these are only useful
        -: 2088:// on Windows, and rely on Windows SDK macros and APIs to compile.
        -: 2089://
        -: 2090://    * {ASSERT|EXPECT}_HRESULT_{SUCCEEDED|FAILED}(expr)
        -: 2091://
        -: 2092:// When expr unexpectedly fails or succeeds, Google Test prints the
        -: 2093:// expected result and the actual result with both a human-readable
        -: 2094:// string representation of the error, if available, as well as the
        -: 2095:// hex result code.
        -: 2096:# define EXPECT_HRESULT_SUCCEEDED(expr) \
        -: 2097:    EXPECT_PRED_FORMAT1(::testing::internal::IsHRESULTSuccess, (expr))
        -: 2098:
        -: 2099:# define ASSERT_HRESULT_SUCCEEDED(expr) \
        -: 2100:    ASSERT_PRED_FORMAT1(::testing::internal::IsHRESULTSuccess, (expr))
        -: 2101:
        -: 2102:# define EXPECT_HRESULT_FAILED(expr) \
        -: 2103:    EXPECT_PRED_FORMAT1(::testing::internal::IsHRESULTFailure, (expr))
        -: 2104:
        -: 2105:# define ASSERT_HRESULT_FAILED(expr) \
        -: 2106:    ASSERT_PRED_FORMAT1(::testing::internal::IsHRESULTFailure, (expr))
        -: 2107:
        -: 2108:#endif  // GTEST_OS_WINDOWS
        -: 2109:
        -: 2110:// Macros that execute statement and check that it doesn't generate new fatal
        -: 2111:// failures in the current thread.
        -: 2112://
        -: 2113://   * {ASSERT|EXPECT}_NO_FATAL_FAILURE(statement);
        -: 2114://
        -: 2115:// Examples:
        -: 2116://
        -: 2117://   EXPECT_NO_FATAL_FAILURE(Process());
        -: 2118://   ASSERT_NO_FATAL_FAILURE(Process()) << "Process() failed";
        -: 2119://
        -: 2120:#define ASSERT_NO_FATAL_FAILURE(statement) \
        -: 2121:    GTEST_TEST_NO_FATAL_FAILURE_(statement, GTEST_FATAL_FAILURE_)
        -: 2122:#define EXPECT_NO_FATAL_FAILURE(statement) \
        -: 2123:    GTEST_TEST_NO_FATAL_FAILURE_(statement, GTEST_NONFATAL_FAILURE_)
        -: 2124:
        -: 2125:// Causes a trace (including the given source file path and line number,
        -: 2126:// and the given message) to be included in every test failure message generated
        -: 2127:// by code in the scope of the lifetime of an instance of this class. The effect
        -: 2128:// is undone with the destruction of the instance.
        -: 2129://
        -: 2130:// The message argument can be anything streamable to std::ostream.
        -: 2131://
        -: 2132:// Example:
        -: 2133://   testing::ScopedTrace trace("file.cc", 123, "message");
        -: 2134://
        -: 2135:class GTEST_API_ ScopedTrace {
        -: 2136: public:
        -: 2137:  // The c'tor pushes the given source file location and message onto
        -: 2138:  // a trace stack maintained by Google Test.
        -: 2139:
        -: 2140:  // Template version. Uses Message() to convert the values into strings.
        -: 2141:  // Slow, but flexible.
        -: 2142:  template <typename T>
        -: 2143:  ScopedTrace(const char* file, int line, const T& message) {
        -: 2144:    PushTrace(file, line, (Message() << message).GetString());
        -: 2145:  }
        -: 2146:
        -: 2147:  // Optimize for some known types.
        -: 2148:  ScopedTrace(const char* file, int line, const char* message) {
        -: 2149:    PushTrace(file, line, message ? message : "(null)");
        -: 2150:  }
        -: 2151:
        -: 2152:#if GTEST_HAS_GLOBAL_STRING
        -: 2153:  ScopedTrace(const char* file, int line, const ::string& message) {
        -: 2154:    PushTrace(file, line, message);
        -: 2155:  }
        -: 2156:#endif
        -: 2157:
        -: 2158:  ScopedTrace(const char* file, int line, const std::string& message) {
        -: 2159:    PushTrace(file, line, message);
        -: 2160:  }
        -: 2161:
        -: 2162:  // The d'tor pops the info pushed by the c'tor.
        -: 2163:  //
        -: 2164:  // Note that the d'tor is not virtual in order to be efficient.
        -: 2165:  // Don't inherit from ScopedTrace!
        -: 2166:  ~ScopedTrace();
        -: 2167:
        -: 2168: private:
        -: 2169:  void PushTrace(const char* file, int line, std::string message);
        -: 2170:
        -: 2171:  GTEST_DISALLOW_COPY_AND_ASSIGN_(ScopedTrace);
        -: 2172:} GTEST_ATTRIBUTE_UNUSED_;  // A ScopedTrace object does its job in its
        -: 2173:                            // c'tor and d'tor.  Therefore it doesn't
        -: 2174:                            // need to be used otherwise.
        -: 2175:
        -: 2176:// Causes a trace (including the source file path, the current line
        -: 2177:// number, and the given message) to be included in every test failure
        -: 2178:// message generated by code in the current scope.  The effect is
        -: 2179:// undone when the control leaves the current scope.
        -: 2180://
        -: 2181:// The message argument can be anything streamable to std::ostream.
        -: 2182://
        -: 2183:// In the implementation, we include the current line number as part
        -: 2184:// of the dummy variable name, thus allowing multiple SCOPED_TRACE()s
        -: 2185:// to appear in the same block - as long as they are on different
        -: 2186:// lines.
        -: 2187://
        -: 2188:// Assuming that each thread maintains its own stack of traces.
        -: 2189:// Therefore, a SCOPED_TRACE() would (correctly) only affect the
        -: 2190:// assertions in its own thread.
        -: 2191:#define SCOPED_TRACE(message) \
        -: 2192:  ::testing::ScopedTrace GTEST_CONCAT_TOKEN_(gtest_trace_, __LINE__)(\
        -: 2193:    __FILE__, __LINE__, (message))
        -: 2194:
        -: 2195:
        -: 2196:// Compile-time assertion for type equality.
        -: 2197:// StaticAssertTypeEq<type1, type2>() compiles iff type1 and type2 are
        -: 2198:// the same type.  The value it returns is not interesting.
        -: 2199://
        -: 2200:// Instead of making StaticAssertTypeEq a class template, we make it a
        -: 2201:// function template that invokes a helper class template.  This
        -: 2202:// prevents a user from misusing StaticAssertTypeEq<T1, T2> by
        -: 2203:// defining objects of that type.
        -: 2204://
        -: 2205:// CAVEAT:
        -: 2206://
        -: 2207:// When used inside a method of a class template,
        -: 2208:// StaticAssertTypeEq<T1, T2>() is effective ONLY IF the method is
        -: 2209:// instantiated.  For example, given:
        -: 2210://
        -: 2211://   template <typename T> class Foo {
        -: 2212://    public:
        -: 2213://     void Bar() { testing::StaticAssertTypeEq<int, T>(); }
        -: 2214://   };
        -: 2215://
        -: 2216:// the code:
        -: 2217://
        -: 2218://   void Test1() { Foo<bool> foo; }
        -: 2219://
        -: 2220:// will NOT generate a compiler error, as Foo<bool>::Bar() is never
        -: 2221:// actually instantiated.  Instead, you need:
        -: 2222://
        -: 2223://   void Test2() { Foo<bool> foo; foo.Bar(); }
        -: 2224://
        -: 2225:// to cause a compiler error.
        -: 2226:template <typename T1, typename T2>
        -: 2227:bool StaticAssertTypeEq() {
        -: 2228:  (void)internal::StaticAssertTypeEqHelper<T1, T2>();
        -: 2229:  return true;
        -: 2230:}
        -: 2231:
        -: 2232:// Defines a test.
        -: 2233://
        -: 2234:// The first parameter is the name of the test case, and the second
        -: 2235:// parameter is the name of the test within the test case.
        -: 2236://
        -: 2237:// The convention is to end the test case name with "Test".  For
        -: 2238:// example, a test case for the Foo class can be named FooTest.
        -: 2239://
        -: 2240:// Test code should appear between braces after an invocation of
        -: 2241:// this macro.  Example:
        -: 2242://
        -: 2243://   TEST(FooTest, InitializesCorrectly) {
        -: 2244://     Foo foo;
        -: 2245://     EXPECT_TRUE(foo.StatusIsOK());
        -: 2246://   }
        -: 2247:
        -: 2248:// Note that we call GetTestTypeId() instead of GetTypeId<
        -: 2249:// ::testing::Test>() here to get the type ID of testing::Test.  This
        -: 2250:// is to work around a suspected linker bug when using Google Test as
        -: 2251:// a framework on Mac OS X.  The bug causes GetTypeId<
        -: 2252:// ::testing::Test>() to return different values depending on whether
        -: 2253:// the call is from the Google Test framework itself or from user test
        -: 2254:// code.  GetTestTypeId() is guaranteed to always return the same
        -: 2255:// value, as it always calls GetTypeId<>() from the Google Test
        -: 2256:// framework.
        -: 2257:#define GTEST_TEST(test_case_name, test_name)\
        -: 2258:  GTEST_TEST_(test_case_name, test_name, \
        -: 2259:              ::testing::Test, ::testing::internal::GetTestTypeId())
        -: 2260:
        -: 2261:// Define this macro to 1 to omit the definition of TEST(), which
        -: 2262:// is a generic name and clashes with some other libraries.
        -: 2263:#if !GTEST_DONT_DEFINE_TEST
        -: 2264:# define TEST(test_case_name, test_name) GTEST_TEST(test_case_name, test_name)
        -: 2265:#endif
        -: 2266:
        -: 2267:// Defines a test that uses a test fixture.
        -: 2268://
        -: 2269:// The first parameter is the name of the test fixture class, which
        -: 2270:// also doubles as the test case name.  The second parameter is the
        -: 2271:// name of the test within the test case.
        -: 2272://
        -: 2273:// A test fixture class must be declared earlier.  The user should put
        -: 2274:// the test code between braces after using this macro.  Example:
        -: 2275://
        -: 2276://   class FooTest : public testing::Test {
        -: 2277://    protected:
        -: 2278://     virtual void SetUp() { b_.AddElement(3); }
        -: 2279://
        -: 2280://     Foo a_;
        -: 2281://     Foo b_;
        -: 2282://   };
        -: 2283://
        -: 2284://   TEST_F(FooTest, InitializesCorrectly) {
        -: 2285://     EXPECT_TRUE(a_.StatusIsOK());
        -: 2286://   }
        -: 2287://
        -: 2288://   TEST_F(FooTest, ReturnsElementCountCorrectly) {
        -: 2289://     EXPECT_EQ(a_.size(), 0);
        -: 2290://     EXPECT_EQ(b_.size(), 1);
        -: 2291://   }
        -: 2292:
        -: 2293:#define TEST_F(test_fixture, test_name)\
        -: 2294:  GTEST_TEST_(test_fixture, test_name, test_fixture, \
        -: 2295:              ::testing::internal::GetTypeId<test_fixture>())
        -: 2296:
        -: 2297:// Returns a path to temporary directory.
        -: 2298:// Tries to determine an appropriate directory for the platform.
        -: 2299:GTEST_API_ std::string TempDir();
        -: 2300:
        -: 2301:}  // namespace testing
        -: 2302:
        -: 2303:// Use this function in main() to run all tests.  It returns 0 if all
        -: 2304:// tests are successful, or 1 otherwise.
        -: 2305://
        -: 2306:// RUN_ALL_TESTS() should be invoked after the command line has been
        -: 2307:// parsed by InitGoogleTest().
        -: 2308://
        -: 2309:// This function was formerly a macro; thus, it is in the global
        -: 2310:// namespace and has an all-caps name.
        -: 2311:int RUN_ALL_TESTS() GTEST_MUST_USE_RESULT_;
        -: 2312:
function _Z13RUN_ALL_TESTSv called 1 returned 100% blocks executed 100%
        1: 2313:inline int RUN_ALL_TESTS() {
        1: 2314:  return ::testing::UnitTest::GetInstance()->Run();
        1: 2314-block  0
call    0 returned 1
call    1 returned 1
        -: 2315:}
        -: 2316:
        -: 2317:#endif  // GTEST_INCLUDE_GTEST_GTEST_H_
