        -:    0:Source:C:/Users/stefa/CLionProjects/Gestore-Note/Collection.h
        -:    0:Graph:C:\Users\stefa\CLionProjects\Gestore-Note\cmake-build-debug-coverage\test\CMakeFiles\runTests.dir\VariousCollectionTest.cpp.gcno
        -:    0:Data:C:\Users\stefa\CLionProjects\Gestore-Note\cmake-build-debug-coverage\test\CMakeFiles\runTests.dir\VariousCollectionTest.cpp.gcda
        -:    0:Runs:1
        -:    1://
        -:    2:// Created by Stefano  Magnolfi on 09/08/2023.
        -:    3://
        -:    4:
        -:    5:#ifndef GESTORENOTE_COLLECTION_H
        -:    6:#define GESTORENOTE_COLLECTION_H
        -:    7:#include "Nota.h"
        -:    8:#include <list>
        -:    9:#include <algorithm>
        -:   10:class Collection{
        -:   11:public:
function _ZN10CollectionC2ERKNSt7__cxx1112basic_stringIcSt11char_traitsIcESaIcEEE called 5 returned 100% blocks executed 100%
        5:   12:    explicit Collection(const std::string& name):name(name){};
        5:   12-block  0
call    0 returned 5
call    1 returned 5
        -:   13:    //virtual ~Collection() = 0;
function _ZN10Collection7addNoteER4Nota called 4 returned 100% blocks executed 100%
        4:   14:    virtual void addNote(Nota& nota){
        4:   15:        if(!nota.isBlocked())
        4:   15-block  0
call    0 returned 4
branch  1 taken 4 (fallthrough)
branch  2 taken 0
        4:   16:            notesList.push_back(nota);
        4:   16-block  0
call    0 returned 4
        4:   17:    }
function _ZN10Collection10removeNoteER4Nota called 2 returned 100% blocks executed 92%
        2:   18:    virtual bool removeNote(Nota& nota){
        2:   19:        auto it=std::find(notesList.begin(), notesList.end(), nota);
        2:   19-block  0
call    0 returned 2
call    1 returned 2
call    2 returned 2
branch  3 taken 2 (fallthrough)
branch  4 taken 0 (throw)
        2:   20:        if(it!=notesList.end()){
        2:   20-block  0
call    0 returned 2
call    1 returned 2
branch  2 taken 2 (fallthrough)
branch  3 taken 0
        2:   21:            notesList.erase(it);
        2:   21-block  0
call    0 returned 2
call    1 returned 2
        2:   22:            return true;
        -:   23:        }
    #####:   24:        return false;
    %%%%%:   24-block  0
        -:   25:    }
        -:   26:
function _ZN10Collection13printAllNotesEv called 2 returned 100% blocks executed 100%
        2:   27:    virtual void printAllNotes(){
        2:   28:        if(notesList.empty()){
        2:   28-block  0
call    0 returned 2
branch  1 taken 1 (fallthrough)
branch  2 taken 1
        1:   29:            std::cout<<"The "<<name<<" collection is empty";
        1:   29-block  0
call    0 returned 1
call    1 returned 1
call    2 returned 1
        -:   30:        }
        -:   31:        else{
        1:   32:            std::cout<<"The "<<name<<" collection has: "<<std::endl;
        1:   32-block  0
call    0 returned 1
call    1 returned 1
call    2 returned 1
call    3 returned 1
        3:   33:            for(const auto& nota : notesList){
call    0 returned 1
call    1 returned 1
        2:   33-block  0
call    2 returned 2
        2:   33-block  1
call    3 returned 2
        3:   33-block  2
call    4 returned 3
branch  5 taken 2
branch  6 taken 1 (fallthrough)
        2:   34:                std::cout<<nota.getTitle()<<" ";
call    0 returned 2
branch  1 taken 2 (fallthrough)
branch  2 taken 0 (throw)
        2:   34-block  0
call    3 returned 2
branch  4 taken 2 (fallthrough)
branch  5 taken 0 (throw)
        2:   34-block  1
call    6 returned 2
branch  7 taken 2 (fallthrough)
branch  8 taken 0 (throw)
        -:   35:            }
        -:   36:        }
        2:   37:        std::cout<<std::endl;
        2:   37-block  0
call    0 returned 2
        2:   38:    }
        -:   39:    const std::string& getName()const{
        -:   40:        return name;
        -:   41:    }
        -:   42:protected:
        -:   43:    std::string name;
        -:   44:    std::list<Nota> notesList;
        -:   45:
        -:   46:};
        -:   47:#endif //GESTORENOTE_COLLECTION_H
